
> ionic-app-base@0.0.0 test
> ng test --include src/app/services/chat.spec.ts --watch=false --browsers=ChromeHeadless

- Generating browser application bundles (phase: setup)...
âœ” Browser application bundle generation complete.
[32m16 01 2026 21:28:08.799:INFO [karma-server]: [39mKarma v6.4.4 server started at http://localhost:9876/
[32m16 01 2026 21:28:08.802:INFO [launcher]: [39mLaunching browsers ChromeHeadless with concurrency unlimited
[32m16 01 2026 21:28:08.807:INFO [launcher]: [39mStarting browser ChromeHeadless
[32m16 01 2026 21:28:10.063:INFO [Chrome Headless 143.0.0.0 (Windows 10)]: [39mConnected on socket oLlEibedqkVmJvNBAAAB with id 50077472
Chrome Headless 143.0.0.0 (Windows 10): Executed 0 of 6[32m SUCCESS[39m (0 secs / 0 secs)
[1A[2KWARN: [36m'Failed to mock getFirestore:', TypeError: Cannot redefine property: getFirestore
TypeError: Cannot redefine property: getFirestore
    at Object.defineProperty (<anonymous>)
    at forEach (http://localhost:9876/_karma_webpack_/webpack:/src/app/services/chat.spec.ts:56:18)
    at Array.forEach (<anonymous>)
    at UserContext.apply (http://localhost:9876/_karma_webpack_/webpack:/src/app/services/chat.spec.ts:38:19)
    at _ZoneDelegate.invoke (http://localhost:9876/_karma_webpack_/webpack:/node_modules/zone.js/fesm2015/zone.js:398:28)
    at ProxyZoneSpec.onInvoke (http://localhost:9876/_karma_webpack_/webpack:/node_modules/zone.js/fesm2015/zone-testing.js:2132:39)
    at _ZoneDelegate.invoke (http://localhost:9876/_karma_webpack_/webpack:/node_modules/zone.js/fesm2015/zone.js:397:34)
    at ZoneImpl.run (http://localhost:9876/_karma_webpack_/webpack:/node_modules/zone.js/fesm2015/zone.js:113:43)
    at runInTestZone (http://localhost:9876/_karma_webpack_/webpack:/node_modules/zone.js/fesm2015/zone-testing.js:216:38)
    at UserContext.<anonymous> (http://localhost:9876/_karma_webpack_/webpack:/node_modules/zone.js/fesm2015/zone-testing.js:234:32)[39m
Chrome Headless 143.0.0.0 (Windows 10): Executed 0 of 6[32m SUCCESS[39m (0 secs / 0 secs)
WARN: 'Failed to mock getFirestore:', TypeError: Cannot redefine property: getFirestore
TypeError: Cannot redefine property: getFirestore
    at Object.defineProperty (<anonymous>)
    at forEach (http://localhost:9876/_karma_webpack_/webpack:/src/app/services/chat.spec.ts:56:18)
    at Array.forEach (<anonymous>)
    at UserContext.apply (http://localhost:9876/_karma_webpack_/webpack:/src/app/services/chat.spec.ts:38:19)
    at _ZoneDelegate.invoke (http://localhost:9876/_karma_webpack_/webpack:/node_modules/zone.js/fesm2015/zone.js:398:28)
    at ProxyZoneSpec.onInvoke (http://localhost:9876/_karma_webpack_/webpack:/node_modules/zone.js/fesm2015/zone-testing.js:2132:39)
    at _ZoneDelegate.invoke (http://localhost:9876/_karma_webpack_/webpack:/node_modules/zone.js/fesm2015/zone.js:397:34)
    at ZoneImpl.run (http://localhost:9876/_karma_webpack_/webpack:/node_modules/zone.js/fesm2015/zone.js:113:43)
    at runInTestZone (http://localhost:9876/_karma_webpack_/webpack:/node_modules/zone.js/fesm2015/zone-testing.js:216:38)
    at UserContext.<anonymous> (http://localhost:9876/_karma_webpack_/webpack:/node_modules/zone.js/fesm2015/zone-testing.js:234:32)
[1A[2KWARN: [36m'Failed to mock collection:', TypeError: Cannot redefine property: collection
TypeError: Cannot redefine property: collection
    at Object.defineProperty (<anonymous>)
    at forEach (http://localhost:9876/_karma_webpack_/webpack:/src/app/services/chat.spec.ts:56:18)
    at Array.forEach (<anonymous>)
    at UserContext.apply (http://localhost:9876/_karma_webpack_/webpack:/src/app/services/chat.spec.ts:38:19)
    at _ZoneDelegate.invoke (http://localhost:9876/_karma_webpack_/webpack:/node_modules/zone.js/fesm2015/zone.js:398:28)
    at ProxyZoneSpec.onInvoke (http://localhost:9876/_karma_webpack_/webpack:/node_modules/zone.js/fesm2015/zone-testing.js:2132:39)
    at _ZoneDelegate.invoke (http://localhost:9876/_karma_webpack_/webpack:/node_modules/zone.js/fesm2015/zone.js:397:34)
    at ZoneImpl.run (http://localhost:9876/_karma_webpack_/webpack:/node_modules/zone.js/fesm2015/zone.js:113:43)
    at runInTestZone (http://localhost:9876/_karma_webpack_/webpack:/node_modules/zone.js/fesm2015/zone-testing.js:216:38)
    at UserContext.<anonymous> (http://localhost:9876/_karma_webpack_/webpack:/node_modules/zone.js/fesm2015/zone-testing.js:234:32)[39m
Chrome Headless 143.0.0.0 (Windows 10): Executed 0 of 6[32m SUCCESS[39m (0 secs / 0 secs)
WARN: 'Failed to mock collection:', TypeError: Cannot redefine property: collection
TypeError: Cannot redefine property: collection
    at Object.defineProperty (<anonymous>)
    at forEach (http://localhost:9876/_karma_webpack_/webpack:/src/app/services/chat.spec.ts:56:18)
    at Array.forEach (<anonymous>)
    at UserContext.apply (http://localhost:9876/_karma_webpack_/webpack:/src/app/services/chat.spec.ts:38:19)
    at _ZoneDelegate.invoke (http://localhost:9876/_karma_webpack_/webpack:/node_modules/zone.js/fesm2015/zone.js:398:28)
    at ProxyZoneSpec.onInvoke (http://localhost:9876/_karma_webpack_/webpack:/node_modules/zone.js/fesm2015/zone-testing.js:2132:39)
    at _ZoneDelegate.invoke (http://localhost:9876/_karma_webpack_/webpack:/node_modules/zone.js/fesm2015/zone.js:397:34)
    at ZoneImpl.run (http://localhost:9876/_karma_webpack_/webpack:/node_modules/zone.js/fesm2015/zone.js:113:43)
    at runInTestZone (http://localhost:9876/_karma_webpack_/webpack:/node_modules/zone.js/fesm2015/zone-testing.js:216:38)
    at UserContext.<anonymous> (http://localhost:9876/_karma_webpack_/webpack:/node_modules/zone.js/fesm2015/zone-testing.js:234:32)
[1A[2KWARN: [36m'Failed to mock doc:', TypeError: Cannot redefine property: doc
TypeError: Cannot redefine property: doc
    at Object.defineProperty (<anonymous>)
    at forEach (http://localhost:9876/_karma_webpack_/webpack:/src/app/services/chat.spec.ts:56:18)
    at Array.forEach (<anonymous>)
    at UserContext.apply (http://localhost:9876/_karma_webpack_/webpack:/src/app/services/chat.spec.ts:38:19)
    at _ZoneDelegate.invoke (http://localhost:9876/_karma_webpack_/webpack:/node_modules/zone.js/fesm2015/zone.js:398:28)
    at ProxyZoneSpec.onInvoke (http://localhost:9876/_karma_webpack_/webpack:/node_modules/zone.js/fesm2015/zone-testing.js:2132:39)
    at _ZoneDelegate.invoke (http://localhost:9876/_karma_webpack_/webpack:/node_modules/zone.js/fesm2015/zone.js:397:34)
    at ZoneImpl.run (http://localhost:9876/_karma_webpack_/webpack:/node_modules/zone.js/fesm2015/zone.js:113:43)
    at runInTestZone (http://localhost:9876/_karma_webpack_/webpack:/node_modules/zone.js/fesm2015/zone-testing.js:216:38)
    at UserContext.<anonymous> (http://localhost:9876/_karma_webpack_/webpack:/node_modules/zone.js/fesm2015/zone-testing.js:234:32)[39m
Chrome Headless 143.0.0.0 (Windows 10): Executed 0 of 6[32m SUCCESS[39m (0 secs / 0 secs)
WARN: 'Failed to mock doc:', TypeError: Cannot redefine property: doc
TypeError: Cannot redefine property: doc
    at Object.defineProperty (<anonymous>)
    at forEach (http://localhost:9876/_karma_webpack_/webpack:/src/app/services/chat.spec.ts:56:18)
    at Array.forEach (<anonymous>)
    at UserContext.apply (http://localhost:9876/_karma_webpack_/webpack:/src/app/services/chat.spec.ts:38:19)
    at _ZoneDelegate.invoke (http://localhost:9876/_karma_webpack_/webpack:/node_modules/zone.js/fesm2015/zone.js:398:28)
    at ProxyZoneSpec.onInvoke (http://localhost:9876/_karma_webpack_/webpack:/node_modules/zone.js/fesm2015/zone-testing.js:2132:39)
    at _ZoneDelegate.invoke (http://localhost:9876/_karma_webpack_/webpack:/node_modules/zone.js/fesm2015/zone.js:397:34)
    at ZoneImpl.run (http://localhost:9876/_karma_webpack_/webpack:/node_modules/zone.js/fesm2015/zone.js:113:43)
    at runInTestZone (http://localhost:9876/_karma_webpack_/webpack:/node_modules/zone.js/fesm2015/zone-testing.js:216:38)
    at UserContext.<anonymous> (http://localhost:9876/_karma_webpack_/webpack:/node_modules/zone.js/fesm2015/zone-testing.js:234:32)
[1A[2KWARN: [36m'Failed to mock query:', TypeError: Cannot redefine property: query
TypeError: Cannot redefine property: query
    at Object.defineProperty (<anonymous>)
    at forEach (http://localhost:9876/_karma_webpack_/webpack:/src/app/services/chat.spec.ts:56:18)
    at Array.forEach (<anonymous>)
    at UserContext.apply (http://localhost:9876/_karma_webpack_/webpack:/src/app/services/chat.spec.ts:38:19)
    at _ZoneDelegate.invoke (http://localhost:9876/_karma_webpack_/webpack:/node_modules/zone.js/fesm2015/zone.js:398:28)
    at ProxyZoneSpec.onInvoke (http://localhost:9876/_karma_webpack_/webpack:/node_modules/zone.js/fesm2015/zone-testing.js:2132:39)
    at _ZoneDelegate.invoke (http://localhost:9876/_karma_webpack_/webpack:/node_modules/zone.js/fesm2015/zone.js:397:34)
    at ZoneImpl.run (http://localhost:9876/_karma_webpack_/webpack:/node_modules/zone.js/fesm2015/zone.js:113:43)
    at runInTestZone (http://localhost:9876/_karma_webpack_/webpack:/node_modules/zone.js/fesm2015/zone-testing.js:216:38)
    at UserContext.<anonymous> (http://localhost:9876/_karma_webpack_/webpack:/node_modules/zone.js/fesm2015/zone-testing.js:234:32)[39m
Chrome Headless 143.0.0.0 (Windows 10): Executed 0 of 6[32m SUCCESS[39m (0 secs / 0 secs)
WARN: 'Failed to mock query:', TypeError: Cannot redefine property: query
TypeError: Cannot redefine property: query
    at Object.defineProperty (<anonymous>)
    at forEach (http://localhost:9876/_karma_webpack_/webpack:/src/app/services/chat.spec.ts:56:18)
    at Array.forEach (<anonymous>)
    at UserContext.apply (http://localhost:9876/_karma_webpack_/webpack:/src/app/services/chat.spec.ts:38:19)
    at _ZoneDelegate.invoke (http://localhost:9876/_karma_webpack_/webpack:/node_modules/zone.js/fesm2015/zone.js:398:28)
    at ProxyZoneSpec.onInvoke (http://localhost:9876/_karma_webpack_/webpack:/node_modules/zone.js/fesm2015/zone-testing.js:2132:39)
    at _ZoneDelegate.invoke (http://localhost:9876/_karma_webpack_/webpack:/node_modules/zone.js/fesm2015/zone.js:397:34)
    at ZoneImpl.run (http://localhost:9876/_karma_webpack_/webpack:/node_modules/zone.js/fesm2015/zone.js:113:43)
    at runInTestZone (http://localhost:9876/_karma_webpack_/webpack:/node_modules/zone.js/fesm2015/zone-testing.js:216:38)
    at UserContext.<anonymous> (http://localhost:9876/_karma_webpack_/webpack:/node_modules/zone.js/fesm2015/zone-testing.js:234:32)
[1A[2KWARN: [36m'Failed to mock onSnapshot:', TypeError: Cannot redefine property: onSnapshot
TypeError: Cannot redefine property: onSnapshot
    at Object.defineProperty (<anonymous>)
    at forEach (http://localhost:9876/_karma_webpack_/webpack:/src/app/services/chat.spec.ts:56:18)
    at Array.forEach (<anonymous>)
    at UserContext.apply (http://localhost:9876/_karma_webpack_/webpack:/src/app/services/chat.spec.ts:38:19)
    at _ZoneDelegate.invoke (http://localhost:9876/_karma_webpack_/webpack:/node_modules/zone.js/fesm2015/zone.js:398:28)
    at ProxyZoneSpec.onInvoke (http://localhost:9876/_karma_webpack_/webpack:/node_modules/zone.js/fesm2015/zone-testing.js:2132:39)
    at _ZoneDelegate.invoke (http://localhost:9876/_karma_webpack_/webpack:/node_modules/zone.js/fesm2015/zone.js:397:34)
    at ZoneImpl.run (http://localhost:9876/_karma_webpack_/webpack:/node_modules/zone.js/fesm2015/zone.js:113:43)
    at runInTestZone (http://localhost:9876/_karma_webpack_/webpack:/node_modules/zone.js/fesm2015/zone-testing.js:216:38)
    at UserContext.<anonymous> (http://localhost:9876/_karma_webpack_/webpack:/node_modules/zone.js/fesm2015/zone-testing.js:234:32)[39m
Chrome Headless 143.0.0.0 (Windows 10): Executed 0 of 6[32m SUCCESS[39m (0 secs / 0 secs)
WARN: 'Failed to mock onSnapshot:', TypeError: Cannot redefine property: onSnapshot
TypeError: Cannot redefine property: onSnapshot
    at Object.defineProperty (<anonymous>)
    at forEach (http://localhost:9876/_karma_webpack_/webpack:/src/app/services/chat.spec.ts:56:18)
    at Array.forEach (<anonymous>)
    at UserContext.apply (http://localhost:9876/_karma_webpack_/webpack:/src/app/services/chat.spec.ts:38:19)
    at _ZoneDelegate.invoke (http://localhost:9876/_karma_webpack_/webpack:/node_modules/zone.js/fesm2015/zone.js:398:28)
    at ProxyZoneSpec.onInvoke (http://localhost:9876/_karma_webpack_/webpack:/node_modules/zone.js/fesm2015/zone-testing.js:2132:39)
    at _ZoneDelegate.invoke (http://localhost:9876/_karma_webpack_/webpack:/node_modules/zone.js/fesm2015/zone.js:397:34)
    at ZoneImpl.run (http://localhost:9876/_karma_webpack_/webpack:/node_modules/zone.js/fesm2015/zone.js:113:43)
    at runInTestZone (http://localhost:9876/_karma_webpack_/webpack:/node_modules/zone.js/fesm2015/zone-testing.js:216:38)
    at UserContext.<anonymous> (http://localhost:9876/_karma_webpack_/webpack:/node_modules/zone.js/fesm2015/zone-testing.js:234:32)
[1A[2KWARN: [36m'Failed to mock setDoc:', TypeError: Cannot redefine property: setDoc
TypeError: Cannot redefine property: setDoc
    at Object.defineProperty (<anonymous>)
    at forEach (http://localhost:9876/_karma_webpack_/webpack:/src/app/services/chat.spec.ts:56:18)
    at Array.forEach (<anonymous>)
    at UserContext.apply (http://localhost:9876/_karma_webpack_/webpack:/src/app/services/chat.spec.ts:38:19)
    at _ZoneDelegate.invoke (http://localhost:9876/_karma_webpack_/webpack:/node_modules/zone.js/fesm2015/zone.js:398:28)
    at ProxyZoneSpec.onInvoke (http://localhost:9876/_karma_webpack_/webpack:/node_modules/zone.js/fesm2015/zone-testing.js:2132:39)
    at _ZoneDelegate.invoke (http://localhost:9876/_karma_webpack_/webpack:/node_modules/zone.js/fesm2015/zone.js:397:34)
    at ZoneImpl.run (http://localhost:9876/_karma_webpack_/webpack:/node_modules/zone.js/fesm2015/zone.js:113:43)
    at runInTestZone (http://localhost:9876/_karma_webpack_/webpack:/node_modules/zone.js/fesm2015/zone-testing.js:216:38)
    at UserContext.<anonymous> (http://localhost:9876/_karma_webpack_/webpack:/node_modules/zone.js/fesm2015/zone-testing.js:234:32)[39m
Chrome Headless 143.0.0.0 (Windows 10): Executed 0 of 6[32m SUCCESS[39m (0 secs / 0 secs)
WARN: 'Failed to mock setDoc:', TypeError: Cannot redefine property: setDoc
TypeError: Cannot redefine property: setDoc
    at Object.defineProperty (<anonymous>)
    at forEach (http://localhost:9876/_karma_webpack_/webpack:/src/app/services/chat.spec.ts:56:18)
    at Array.forEach (<anonymous>)
    at UserContext.apply (http://localhost:9876/_karma_webpack_/webpack:/src/app/services/chat.spec.ts:38:19)
    at _ZoneDelegate.invoke (http://localhost:9876/_karma_webpack_/webpack:/node_modules/zone.js/fesm2015/zone.js:398:28)
    at ProxyZoneSpec.onInvoke (http://localhost:9876/_karma_webpack_/webpack:/node_modules/zone.js/fesm2015/zone-testing.js:2132:39)
    at _ZoneDelegate.invoke (http://localhost:9876/_karma_webpack_/webpack:/node_modules/zone.js/fesm2015/zone.js:397:34)
    at ZoneImpl.run (http://localhost:9876/_karma_webpack_/webpack:/node_modules/zone.js/fesm2015/zone.js:113:43)
    at runInTestZone (http://localhost:9876/_karma_webpack_/webpack:/node_modules/zone.js/fesm2015/zone-testing.js:216:38)
    at UserContext.<anonymous> (http://localhost:9876/_karma_webpack_/webpack:/node_modules/zone.js/fesm2015/zone-testing.js:234:32)
[1A[2KWARN: [36m'Failed to mock updateDoc:', TypeError: Cannot redefine property: updateDoc
TypeError: Cannot redefine property: updateDoc
    at Object.defineProperty (<anonymous>)
    at forEach (http://localhost:9876/_karma_webpack_/webpack:/src/app/services/chat.spec.ts:56:18)
    at Array.forEach (<anonymous>)
    at UserContext.apply (http://localhost:9876/_karma_webpack_/webpack:/src/app/services/chat.spec.ts:38:19)
    at _ZoneDelegate.invoke (http://localhost:9876/_karma_webpack_/webpack:/node_modules/zone.js/fesm2015/zone.js:398:28)
    at ProxyZoneSpec.onInvoke (http://localhost:9876/_karma_webpack_/webpack:/node_modules/zone.js/fesm2015/zone-testing.js:2132:39)
    at _ZoneDelegate.invoke (http://localhost:9876/_karma_webpack_/webpack:/node_modules/zone.js/fesm2015/zone.js:397:34)
    at ZoneImpl.run (http://localhost:9876/_karma_webpack_/webpack:/node_modules/zone.js/fesm2015/zone.js:113:43)
    at runInTestZone (http://localhost:9876/_karma_webpack_/webpack:/node_modules/zone.js/fesm2015/zone-testing.js:216:38)
    at UserContext.<anonymous> (http://localhost:9876/_karma_webpack_/webpack:/node_modules/zone.js/fesm2015/zone-testing.js:234:32)[39m
Chrome Headless 143.0.0.0 (Windows 10): Executed 0 of 6[32m SUCCESS[39m (0 secs / 0 secs)
WARN: 'Failed to mock updateDoc:', TypeError: Cannot redefine property: updateDoc
TypeError: Cannot redefine property: updateDoc
    at Object.defineProperty (<anonymous>)
    at forEach (http://localhost:9876/_karma_webpack_/webpack:/src/app/services/chat.spec.ts:56:18)
    at Array.forEach (<anonymous>)
    at UserContext.apply (http://localhost:9876/_karma_webpack_/webpack:/src/app/services/chat.spec.ts:38:19)
    at _ZoneDelegate.invoke (http://localhost:9876/_karma_webpack_/webpack:/node_modules/zone.js/fesm2015/zone.js:398:28)
    at ProxyZoneSpec.onInvoke (http://localhost:9876/_karma_webpack_/webpack:/node_modules/zone.js/fesm2015/zone-testing.js:2132:39)
    at _ZoneDelegate.invoke (http://localhost:9876/_karma_webpack_/webpack:/node_modules/zone.js/fesm2015/zone.js:397:34)
    at ZoneImpl.run (http://localhost:9876/_karma_webpack_/webpack:/node_modules/zone.js/fesm2015/zone.js:113:43)
    at runInTestZone (http://localhost:9876/_karma_webpack_/webpack:/node_modules/zone.js/fesm2015/zone-testing.js:216:38)
    at UserContext.<anonymous> (http://localhost:9876/_karma_webpack_/webpack:/node_modules/zone.js/fesm2015/zone-testing.js:234:32)
[1A[2KWARN: [36m'Failed to mock deleteDoc:', TypeError: Cannot redefine property: deleteDoc
TypeError: Cannot redefine property: deleteDoc
    at Object.defineProperty (<anonymous>)
    at forEach (http://localhost:9876/_karma_webpack_/webpack:/src/app/services/chat.spec.ts:56:18)
    at Array.forEach (<anonymous>)
    at UserContext.apply (http://localhost:9876/_karma_webpack_/webpack:/src/app/services/chat.spec.ts:38:19)
    at _ZoneDelegate.invoke (http://localhost:9876/_karma_webpack_/webpack:/node_modules/zone.js/fesm2015/zone.js:398:28)
    at ProxyZoneSpec.onInvoke (http://localhost:9876/_karma_webpack_/webpack:/node_modules/zone.js/fesm2015/zone-testing.js:2132:39)
    at _ZoneDelegate.invoke (http://localhost:9876/_karma_webpack_/webpack:/node_modules/zone.js/fesm2015/zone.js:397:34)
    at ZoneImpl.run (http://localhost:9876/_karma_webpack_/webpack:/node_modules/zone.js/fesm2015/zone.js:113:43)
    at runInTestZone (http://localhost:9876/_karma_webpack_/webpack:/node_modules/zone.js/fesm2015/zone-testing.js:216:38)
    at UserContext.<anonymous> (http://localhost:9876/_karma_webpack_/webpack:/node_modules/zone.js/fesm2015/zone-testing.js:234:32)[39m
Chrome Headless 143.0.0.0 (Windows 10): Executed 0 of 6[32m SUCCESS[39m (0 secs / 0 secs)
WARN: 'Failed to mock deleteDoc:', TypeError: Cannot redefine property: deleteDoc
TypeError: Cannot redefine property: deleteDoc
    at Object.defineProperty (<anonymous>)
    at forEach (http://localhost:9876/_karma_webpack_/webpack:/src/app/services/chat.spec.ts:56:18)
    at Array.forEach (<anonymous>)
    at UserContext.apply (http://localhost:9876/_karma_webpack_/webpack:/src/app/services/chat.spec.ts:38:19)
    at _ZoneDelegate.invoke (http://localhost:9876/_karma_webpack_/webpack:/node_modules/zone.js/fesm2015/zone.js:398:28)
    at ProxyZoneSpec.onInvoke (http://localhost:9876/_karma_webpack_/webpack:/node_modules/zone.js/fesm2015/zone-testing.js:2132:39)
    at _ZoneDelegate.invoke (http://localhost:9876/_karma_webpack_/webpack:/node_modules/zone.js/fesm2015/zone.js:397:34)
    at ZoneImpl.run (http://localhost:9876/_karma_webpack_/webpack:/node_modules/zone.js/fesm2015/zone.js:113:43)
    at runInTestZone (http://localhost:9876/_karma_webpack_/webpack:/node_modules/zone.js/fesm2015/zone-testing.js:216:38)
    at UserContext.<anonymous> (http://localhost:9876/_karma_webpack_/webpack:/node_modules/zone.js/fesm2015/zone-testing.js:234:32)
[1A[2KWARN: [36m'Failed to mock addDoc:', TypeError: Cannot redefine property: addDoc
TypeError: Cannot redefine property: addDoc
    at Object.defineProperty (<anonymous>)
    at forEach (http://localhost:9876/_karma_webpack_/webpack:/src/app/services/chat.spec.ts:56:18)
    at Array.forEach (<anonymous>)
    at UserContext.apply (http://localhost:9876/_karma_webpack_/webpack:/src/app/services/chat.spec.ts:38:19)
    at _ZoneDelegate.invoke (http://localhost:9876/_karma_webpack_/webpack:/node_modules/zone.js/fesm2015/zone.js:398:28)
    at ProxyZoneSpec.onInvoke (http://localhost:9876/_karma_webpack_/webpack:/node_modules/zone.js/fesm2015/zone-testing.js:2132:39)
    at _ZoneDelegate.invoke (http://localhost:9876/_karma_webpack_/webpack:/node_modules/zone.js/fesm2015/zone.js:397:34)
    at ZoneImpl.run (http://localhost:9876/_karma_webpack_/webpack:/node_modules/zone.js/fesm2015/zone.js:113:43)
    at runInTestZone (http://localhost:9876/_karma_webpack_/webpack:/node_modules/zone.js/fesm2015/zone-testing.js:216:38)
    at UserContext.<anonymous> (http://localhost:9876/_karma_webpack_/webpack:/node_modules/zone.js/fesm2015/zone-testing.js:234:32)[39m
Chrome Headless 143.0.0.0 (Windows 10): Executed 0 of 6[32m SUCCESS[39m (0 secs / 0 secs)
WARN: 'Failed to mock addDoc:', TypeError: Cannot redefine property: addDoc
TypeError: Cannot redefine property: addDoc
    at Object.defineProperty (<anonymous>)
    at forEach (http://localhost:9876/_karma_webpack_/webpack:/src/app/services/chat.spec.ts:56:18)
    at Array.forEach (<anonymous>)
    at UserContext.apply (http://localhost:9876/_karma_webpack_/webpack:/src/app/services/chat.spec.ts:38:19)
    at _ZoneDelegate.invoke (http://localhost:9876/_karma_webpack_/webpack:/node_modules/zone.js/fesm2015/zone.js:398:28)
    at ProxyZoneSpec.onInvoke (http://localhost:9876/_karma_webpack_/webpack:/node_modules/zone.js/fesm2015/zone-testing.js:2132:39)
    at _ZoneDelegate.invoke (http://localhost:9876/_karma_webpack_/webpack:/node_modules/zone.js/fesm2015/zone.js:397:34)
    at ZoneImpl.run (http://localhost:9876/_karma_webpack_/webpack:/node_modules/zone.js/fesm2015/zone.js:113:43)
    at runInTestZone (http://localhost:9876/_karma_webpack_/webpack:/node_modules/zone.js/fesm2015/zone-testing.js:216:38)
    at UserContext.<anonymous> (http://localhost:9876/_karma_webpack_/webpack:/node_modules/zone.js/fesm2015/zone-testing.js:234:32)
[1A[2KWARN: [36m'Failed to mock where:', TypeError: Cannot redefine property: where
TypeError: Cannot redefine property: where
    at Object.defineProperty (<anonymous>)
    at forEach (http://localhost:9876/_karma_webpack_/webpack:/src/app/services/chat.spec.ts:56:18)
    at Array.forEach (<anonymous>)
    at UserContext.apply (http://localhost:9876/_karma_webpack_/webpack:/src/app/services/chat.spec.ts:38:19)
    at _ZoneDelegate.invoke (http://localhost:9876/_karma_webpack_/webpack:/node_modules/zone.js/fesm2015/zone.js:398:28)
    at ProxyZoneSpec.onInvoke (http://localhost:9876/_karma_webpack_/webpack:/node_modules/zone.js/fesm2015/zone-testing.js:2132:39)
    at _ZoneDelegate.invoke (http://localhost:9876/_karma_webpack_/webpack:/node_modules/zone.js/fesm2015/zone.js:397:34)
    at ZoneImpl.run (http://localhost:9876/_karma_webpack_/webpack:/node_modules/zone.js/fesm2015/zone.js:113:43)
    at runInTestZone (http://localhost:9876/_karma_webpack_/webpack:/node_modules/zone.js/fesm2015/zone-testing.js:216:38)
    at UserContext.<anonymous> (http://localhost:9876/_karma_webpack_/webpack:/node_modules/zone.js/fesm2015/zone-testing.js:234:32)[39m
Chrome Headless 143.0.0.0 (Windows 10): Executed 0 of 6[32m SUCCESS[39m (0 secs / 0 secs)
WARN: 'Failed to mock where:', TypeError: Cannot redefine property: where
TypeError: Cannot redefine property: where
    at Object.defineProperty (<anonymous>)
    at forEach (http://localhost:9876/_karma_webpack_/webpack:/src/app/services/chat.spec.ts:56:18)
    at Array.forEach (<anonymous>)
    at UserContext.apply (http://localhost:9876/_karma_webpack_/webpack:/src/app/services/chat.spec.ts:38:19)
    at _ZoneDelegate.invoke (http://localhost:9876/_karma_webpack_/webpack:/node_modules/zone.js/fesm2015/zone.js:398:28)
    at ProxyZoneSpec.onInvoke (http://localhost:9876/_karma_webpack_/webpack:/node_modules/zone.js/fesm2015/zone-testing.js:2132:39)
    at _ZoneDelegate.invoke (http://localhost:9876/_karma_webpack_/webpack:/node_modules/zone.js/fesm2015/zone.js:397:34)
    at ZoneImpl.run (http://localhost:9876/_karma_webpack_/webpack:/node_modules/zone.js/fesm2015/zone.js:113:43)
    at runInTestZone (http://localhost:9876/_karma_webpack_/webpack:/node_modules/zone.js/fesm2015/zone-testing.js:216:38)
    at UserContext.<anonymous> (http://localhost:9876/_karma_webpack_/webpack:/node_modules/zone.js/fesm2015/zone-testing.js:234:32)
[1A[2KWARN: [36m'Failed to mock getDocs:', TypeError: Cannot redefine property: getDocs
TypeError: Cannot redefine property: getDocs
    at Object.defineProperty (<anonymous>)
    at forEach (http://localhost:9876/_karma_webpack_/webpack:/src/app/services/chat.spec.ts:56:18)
    at Array.forEach (<anonymous>)
    at UserContext.apply (http://localhost:9876/_karma_webpack_/webpack:/src/app/services/chat.spec.ts:38:19)
    at _ZoneDelegate.invoke (http://localhost:9876/_karma_webpack_/webpack:/node_modules/zone.js/fesm2015/zone.js:398:28)
    at ProxyZoneSpec.onInvoke (http://localhost:9876/_karma_webpack_/webpack:/node_modules/zone.js/fesm2015/zone-testing.js:2132:39)
    at _ZoneDelegate.invoke (http://localhost:9876/_karma_webpack_/webpack:/node_modules/zone.js/fesm2015/zone.js:397:34)
    at ZoneImpl.run (http://localhost:9876/_karma_webpack_/webpack:/node_modules/zone.js/fesm2015/zone.js:113:43)
    at runInTestZone (http://localhost:9876/_karma_webpack_/webpack:/node_modules/zone.js/fesm2015/zone-testing.js:216:38)
    at UserContext.<anonymous> (http://localhost:9876/_karma_webpack_/webpack:/node_modules/zone.js/fesm2015/zone-testing.js:234:32)[39m
Chrome Headless 143.0.0.0 (Windows 10): Executed 0 of 6[32m SUCCESS[39m (0 secs / 0 secs)
WARN: 'Failed to mock getDocs:', TypeError: Cannot redefine property: getDocs
TypeError: Cannot redefine property: getDocs
    at Object.defineProperty (<anonymous>)
    at forEach (http://localhost:9876/_karma_webpack_/webpack:/src/app/services/chat.spec.ts:56:18)
    at Array.forEach (<anonymous>)
    at UserContext.apply (http://localhost:9876/_karma_webpack_/webpack:/src/app/services/chat.spec.ts:38:19)
    at _ZoneDelegate.invoke (http://localhost:9876/_karma_webpack_/webpack:/node_modules/zone.js/fesm2015/zone.js:398:28)
    at ProxyZoneSpec.onInvoke (http://localhost:9876/_karma_webpack_/webpack:/node_modules/zone.js/fesm2015/zone-testing.js:2132:39)
    at _ZoneDelegate.invoke (http://localhost:9876/_karma_webpack_/webpack:/node_modules/zone.js/fesm2015/zone.js:397:34)
    at ZoneImpl.run (http://localhost:9876/_karma_webpack_/webpack:/node_modules/zone.js/fesm2015/zone.js:113:43)
    at runInTestZone (http://localhost:9876/_karma_webpack_/webpack:/node_modules/zone.js/fesm2015/zone-testing.js:216:38)
    at UserContext.<anonymous> (http://localhost:9876/_karma_webpack_/webpack:/node_modules/zone.js/fesm2015/zone-testing.js:234:32)
[1A[2KWARN: [36m'Failed to mock getDoc:', TypeError: Cannot redefine property: getDoc
TypeError: Cannot redefine property: getDoc
    at Object.defineProperty (<anonymous>)
    at forEach (http://localhost:9876/_karma_webpack_/webpack:/src/app/services/chat.spec.ts:56:18)
    at Array.forEach (<anonymous>)
    at UserContext.apply (http://localhost:9876/_karma_webpack_/webpack:/src/app/services/chat.spec.ts:38:19)
    at _ZoneDelegate.invoke (http://localhost:9876/_karma_webpack_/webpack:/node_modules/zone.js/fesm2015/zone.js:398:28)
    at ProxyZoneSpec.onInvoke (http://localhost:9876/_karma_webpack_/webpack:/node_modules/zone.js/fesm2015/zone-testing.js:2132:39)
    at _ZoneDelegate.invoke (http://localhost:9876/_karma_webpack_/webpack:/node_modules/zone.js/fesm2015/zone.js:397:34)
    at ZoneImpl.run (http://localhost:9876/_karma_webpack_/webpack:/node_modules/zone.js/fesm2015/zone.js:113:43)
    at runInTestZone (http://localhost:9876/_karma_webpack_/webpack:/node_modules/zone.js/fesm2015/zone-testing.js:216:38)
    at UserContext.<anonymous> (http://localhost:9876/_karma_webpack_/webpack:/node_modules/zone.js/fesm2015/zone-testing.js:234:32)[39m
Chrome Headless 143.0.0.0 (Windows 10): Executed 0 of 6[32m SUCCESS[39m (0 secs / 0 secs)
WARN: 'Failed to mock getDoc:', TypeError: Cannot redefine property: getDoc
TypeError: Cannot redefine property: getDoc
    at Object.defineProperty (<anonymous>)
    at forEach (http://localhost:9876/_karma_webpack_/webpack:/src/app/services/chat.spec.ts:56:18)
    at Array.forEach (<anonymous>)
    at UserContext.apply (http://localhost:9876/_karma_webpack_/webpack:/src/app/services/chat.spec.ts:38:19)
    at _ZoneDelegate.invoke (http://localhost:9876/_karma_webpack_/webpack:/node_modules/zone.js/fesm2015/zone.js:398:28)
    at ProxyZoneSpec.onInvoke (http://localhost:9876/_karma_webpack_/webpack:/node_modules/zone.js/fesm2015/zone-testing.js:2132:39)
    at _ZoneDelegate.invoke (http://localhost:9876/_karma_webpack_/webpack:/node_modules/zone.js/fesm2015/zone.js:397:34)
    at ZoneImpl.run (http://localhost:9876/_karma_webpack_/webpack:/node_modules/zone.js/fesm2015/zone.js:113:43)
    at runInTestZone (http://localhost:9876/_karma_webpack_/webpack:/node_modules/zone.js/fesm2015/zone-testing.js:216:38)
    at UserContext.<anonymous> (http://localhost:9876/_karma_webpack_/webpack:/node_modules/zone.js/fesm2015/zone-testing.js:234:32)
[1A[2KWARN: [36m'Failed to mock increment:', TypeError: Cannot redefine property: increment
TypeError: Cannot redefine property: increment
    at Object.defineProperty (<anonymous>)
    at forEach (http://localhost:9876/_karma_webpack_/webpack:/src/app/services/chat.spec.ts:56:18)
    at Array.forEach (<anonymous>)
    at UserContext.apply (http://localhost:9876/_karma_webpack_/webpack:/src/app/services/chat.spec.ts:38:19)
    at _ZoneDelegate.invoke (http://localhost:9876/_karma_webpack_/webpack:/node_modules/zone.js/fesm2015/zone.js:398:28)
    at ProxyZoneSpec.onInvoke (http://localhost:9876/_karma_webpack_/webpack:/node_modules/zone.js/fesm2015/zone-testing.js:2132:39)
    at _ZoneDelegate.invoke (http://localhost:9876/_karma_webpack_/webpack:/node_modules/zone.js/fesm2015/zone.js:397:34)
    at ZoneImpl.run (http://localhost:9876/_karma_webpack_/webpack:/node_modules/zone.js/fesm2015/zone.js:113:43)
    at runInTestZone (http://localhost:9876/_karma_webpack_/webpack:/node_modules/zone.js/fesm2015/zone-testing.js:216:38)
    at UserContext.<anonymous> (http://localhost:9876/_karma_webpack_/webpack:/node_modules/zone.js/fesm2015/zone-testing.js:234:32)[39m
Chrome Headless 143.0.0.0 (Windows 10): Executed 0 of 6[32m SUCCESS[39m (0 secs / 0 secs)
WARN: 'Failed to mock increment:', TypeError: Cannot redefine property: increment
TypeError: Cannot redefine property: increment
    at Object.defineProperty (<anonymous>)
    at forEach (http://localhost:9876/_karma_webpack_/webpack:/src/app/services/chat.spec.ts:56:18)
    at Array.forEach (<anonymous>)
    at UserContext.apply (http://localhost:9876/_karma_webpack_/webpack:/src/app/services/chat.spec.ts:38:19)
    at _ZoneDelegate.invoke (http://localhost:9876/_karma_webpack_/webpack:/node_modules/zone.js/fesm2015/zone.js:398:28)
    at ProxyZoneSpec.onInvoke (http://localhost:9876/_karma_webpack_/webpack:/node_modules/zone.js/fesm2015/zone-testing.js:2132:39)
    at _ZoneDelegate.invoke (http://localhost:9876/_karma_webpack_/webpack:/node_modules/zone.js/fesm2015/zone.js:397:34)
    at ZoneImpl.run (http://localhost:9876/_karma_webpack_/webpack:/node_modules/zone.js/fesm2015/zone.js:113:43)
    at runInTestZone (http://localhost:9876/_karma_webpack_/webpack:/node_modules/zone.js/fesm2015/zone-testing.js:216:38)
    at UserContext.<anonymous> (http://localhost:9876/_karma_webpack_/webpack:/node_modules/zone.js/fesm2015/zone-testing.js:234:32)
[1A[2K[31mChrome Headless 143.0.0.0 (Windows 10) ChatService should get starred messages FAILED[39m
	TypeError: Cannot read properties of undefined (reading 'returnValue')
	    at UserContext.apply (src/app/services/chat.spec.ts:160:44)
	    at _ZoneDelegate.invoke (node_modules/zone.js/fesm2015/zone.js:398:28)
	    at ProxyZoneSpec.onInvoke (node_modules/zone.js/fesm2015/zone-testing.js:2132:39)
	    at _ZoneDelegate.invoke (node_modules/zone.js/fesm2015/zone.js:397:34)
	    at ZoneImpl.run (node_modules/zone.js/fesm2015/zone.js:113:43)
	    at runInTestZone (node_modules/zone.js/fesm2015/zone-testing.js:213:38)
	    at UserContext.<anonymous> (node_modules/zone.js/fesm2015/zone-testing.js:231:32)
	    at <Jasmine>
Chrome Headless 143.0.0.0 (Windows 10): Executed 1 of 6[31m (1 FAILED)[39m (0 secs / 0.043 secs)
[1A[2KWARN: [36m'Failed to mock getFirestore:', TypeError: Cannot redefine property: getFirestore
TypeError: Cannot redefine property: getFirestore
    at Object.defineProperty (<anonymous>)
    at forEach (http://localhost:9876/_karma_webpack_/webpack:/src/app/services/chat.spec.ts:56:18)
    at Array.forEach (<anonymous>)
    at UserContext.apply (http://localhost:9876/_karma_webpack_/webpack:/src/app/services/chat.spec.ts:38:19)
    at _ZoneDelegate.invoke (http://localhost:9876/_karma_webpack_/webpack:/node_modules/zone.js/fesm2015/zone.js:398:28)
    at ProxyZoneSpec.onInvoke (http://localhost:9876/_karma_webpack_/webpack:/node_modules/zone.js/fesm2015/zone-testing.js:2132:39)
    at _ZoneDelegate.invoke (http://localhost:9876/_karma_webpack_/webpack:/node_modules/zone.js/fesm2015/zone.js:397:34)
    at ZoneImpl.run (http://localhost:9876/_karma_webpack_/webpack:/node_modules/zone.js/fesm2015/zone.js:113:43)
    at runInTestZone (http://localhost:9876/_karma_webpack_/webpack:/node_modules/zone.js/fesm2015/zone-testing.js:216:38)
    at UserContext.<anonymous> (http://localhost:9876/_karma_webpack_/webpack:/node_modules/zone.js/fesm2015/zone-testing.js:234:32)[39m
Chrome Headless 143.0.0.0 (Windows 10): Executed 1 of 6[31m (1 FAILED)[39m (0 secs / 0.043 secs)
WARN: 'Failed to mock getFirestore:', TypeError: Cannot redefine property: getFirestore
TypeError: Cannot redefine property: getFirestore
    at Object.defineProperty (<anonymous>)
    at forEach (http://localhost:9876/_karma_webpack_/webpack:/src/app/services/chat.spec.ts:56:18)
    at Array.forEach (<anonymous>)
    at UserContext.apply (http://localhost:9876/_karma_webpack_/webpack:/src/app/services/chat.spec.ts:38:19)
    at _ZoneDelegate.invoke (http://localhost:9876/_karma_webpack_/webpack:/node_modules/zone.js/fesm2015/zone.js:398:28)
    at ProxyZoneSpec.onInvoke (http://localhost:9876/_karma_webpack_/webpack:/node_modules/zone.js/fesm2015/zone-testing.js:2132:39)
    at _ZoneDelegate.invoke (http://localhost:9876/_karma_webpack_/webpack:/node_modules/zone.js/fesm2015/zone.js:397:34)
    at ZoneImpl.run (http://localhost:9876/_karma_webpack_/webpack:/node_modules/zone.js/fesm2015/zone.js:113:43)
    at runInTestZone (http://localhost:9876/_karma_webpack_/webpack:/node_modules/zone.js/fesm2015/zone-testing.js:216:38)
    at UserContext.<anonymous> (http://localhost:9876/_karma_webpack_/webpack:/node_modules/zone.js/fesm2015/zone-testing.js:234:32)
[1A[2KWARN: [36m'Failed to mock collection:', TypeError: Cannot redefine property: collection
TypeError: Cannot redefine property: collection
    at Object.defineProperty (<anonymous>)
    at forEach (http://localhost:9876/_karma_webpack_/webpack:/src/app/services/chat.spec.ts:56:18)
    at Array.forEach (<anonymous>)
    at UserContext.apply (http://localhost:9876/_karma_webpack_/webpack:/src/app/services/chat.spec.ts:38:19)
    at _ZoneDelegate.invoke (http://localhost:9876/_karma_webpack_/webpack:/node_modules/zone.js/fesm2015/zone.js:398:28)
    at ProxyZoneSpec.onInvoke (http://localhost:9876/_karma_webpack_/webpack:/node_modules/zone.js/fesm2015/zone-testing.js:2132:39)
    at _ZoneDelegate.invoke (http://localhost:9876/_karma_webpack_/webpack:/node_modules/zone.js/fesm2015/zone.js:397:34)
    at ZoneImpl.run (http://localhost:9876/_karma_webpack_/webpack:/node_modules/zone.js/fesm2015/zone.js:113:43)
    at runInTestZone (http://localhost:9876/_karma_webpack_/webpack:/node_modules/zone.js/fesm2015/zone-testing.js:216:38)
    at UserContext.<anonymous> (http://localhost:9876/_karma_webpack_/webpack:/node_modules/zone.js/fesm2015/zone-testing.js:234:32)[39m
Chrome Headless 143.0.0.0 (Windows 10): Executed 1 of 6[31m (1 FAILED)[39m (0 secs / 0.043 secs)
WARN: 'Failed to mock collection:', TypeError: Cannot redefine property: collection
TypeError: Cannot redefine property: collection
    at Object.defineProperty (<anonymous>)
    at forEach (http://localhost:9876/_karma_webpack_/webpack:/src/app/services/chat.spec.ts:56:18)
    at Array.forEach (<anonymous>)
    at UserContext.apply (http://localhost:9876/_karma_webpack_/webpack:/src/app/services/chat.spec.ts:38:19)
    at _ZoneDelegate.invoke (http://localhost:9876/_karma_webpack_/webpack:/node_modules/zone.js/fesm2015/zone.js:398:28)
    at ProxyZoneSpec.onInvoke (http://localhost:9876/_karma_webpack_/webpack:/node_modules/zone.js/fesm2015/zone-testing.js:2132:39)
    at _ZoneDelegate.invoke (http://localhost:9876/_karma_webpack_/webpack:/node_modules/zone.js/fesm2015/zone.js:397:34)
    at ZoneImpl.run (http://localhost:9876/_karma_webpack_/webpack:/node_modules/zone.js/fesm2015/zone.js:113:43)
    at runInTestZone (http://localhost:9876/_karma_webpack_/webpack:/node_modules/zone.js/fesm2015/zone-testing.js:216:38)
    at UserContext.<anonymous> (http://localhost:9876/_karma_webpack_/webpack:/node_modules/zone.js/fesm2015/zone-testing.js:234:32)
[1A[2KWARN: [36m'Failed to mock doc:', TypeError: Cannot redefine property: doc
TypeError: Cannot redefine property: doc
    at Object.defineProperty (<anonymous>)
    at forEach (http://localhost:9876/_karma_webpack_/webpack:/src/app/services/chat.spec.ts:56:18)
    at Array.forEach (<anonymous>)
    at UserContext.apply (http://localhost:9876/_karma_webpack_/webpack:/src/app/services/chat.spec.ts:38:19)
    at _ZoneDelegate.invoke (http://localhost:9876/_karma_webpack_/webpack:/node_modules/zone.js/fesm2015/zone.js:398:28)
    at ProxyZoneSpec.onInvoke (http://localhost:9876/_karma_webpack_/webpack:/node_modules/zone.js/fesm2015/zone-testing.js:2132:39)
    at _ZoneDelegate.invoke (http://localhost:9876/_karma_webpack_/webpack:/node_modules/zone.js/fesm2015/zone.js:397:34)
    at ZoneImpl.run (http://localhost:9876/_karma_webpack_/webpack:/node_modules/zone.js/fesm2015/zone.js:113:43)
    at runInTestZone (http://localhost:9876/_karma_webpack_/webpack:/node_modules/zone.js/fesm2015/zone-testing.js:216:38)
    at UserContext.<anonymous> (http://localhost:9876/_karma_webpack_/webpack:/node_modules/zone.js/fesm2015/zone-testing.js:234:32)[39m
Chrome Headless 143.0.0.0 (Windows 10): Executed 1 of 6[31m (1 FAILED)[39m (0 secs / 0.043 secs)
WARN: 'Failed to mock doc:', TypeError: Cannot redefine property: doc
TypeError: Cannot redefine property: doc
    at Object.defineProperty (<anonymous>)
    at forEach (http://localhost:9876/_karma_webpack_/webpack:/src/app/services/chat.spec.ts:56:18)
    at Array.forEach (<anonymous>)
    at UserContext.apply (http://localhost:9876/_karma_webpack_/webpack:/src/app/services/chat.spec.ts:38:19)
    at _ZoneDelegate.invoke (http://localhost:9876/_karma_webpack_/webpack:/node_modules/zone.js/fesm2015/zone.js:398:28)
    at ProxyZoneSpec.onInvoke (http://localhost:9876/_karma_webpack_/webpack:/node_modules/zone.js/fesm2015/zone-testing.js:2132:39)
    at _ZoneDelegate.invoke (http://localhost:9876/_karma_webpack_/webpack:/node_modules/zone.js/fesm2015/zone.js:397:34)
    at ZoneImpl.run (http://localhost:9876/_karma_webpack_/webpack:/node_modules/zone.js/fesm2015/zone.js:113:43)
    at runInTestZone (http://localhost:9876/_karma_webpack_/webpack:/node_modules/zone.js/fesm2015/zone-testing.js:216:38)
    at UserContext.<anonymous> (http://localhost:9876/_karma_webpack_/webpack:/node_modules/zone.js/fesm2015/zone-testing.js:234:32)
[1A[2KWARN: [36m'Failed to mock query:', TypeError: Cannot redefine property: query
TypeError: Cannot redefine property: query
    at Object.defineProperty (<anonymous>)
    at forEach (http://localhost:9876/_karma_webpack_/webpack:/src/app/services/chat.spec.ts:56:18)
    at Array.forEach (<anonymous>)
    at UserContext.apply (http://localhost:9876/_karma_webpack_/webpack:/src/app/services/chat.spec.ts:38:19)
    at _ZoneDelegate.invoke (http://localhost:9876/_karma_webpack_/webpack:/node_modules/zone.js/fesm2015/zone.js:398:28)
    at ProxyZoneSpec.onInvoke (http://localhost:9876/_karma_webpack_/webpack:/node_modules/zone.js/fesm2015/zone-testing.js:2132:39)
    at _ZoneDelegate.invoke (http://localhost:9876/_karma_webpack_/webpack:/node_modules/zone.js/fesm2015/zone.js:397:34)
    at ZoneImpl.run (http://localhost:9876/_karma_webpack_/webpack:/node_modules/zone.js/fesm2015/zone.js:113:43)
    at runInTestZone (http://localhost:9876/_karma_webpack_/webpack:/node_modules/zone.js/fesm2015/zone-testing.js:216:38)
    at UserContext.<anonymous> (http://localhost:9876/_karma_webpack_/webpack:/node_modules/zone.js/fesm2015/zone-testing.js:234:32)[39m
Chrome Headless 143.0.0.0 (Windows 10): Executed 1 of 6[31m (1 FAILED)[39m (0 secs / 0.043 secs)
WARN: 'Failed to mock query:', TypeError: Cannot redefine property: query
TypeError: Cannot redefine property: query
    at Object.defineProperty (<anonymous>)
    at forEach (http://localhost:9876/_karma_webpack_/webpack:/src/app/services/chat.spec.ts:56:18)
    at Array.forEach (<anonymous>)
    at UserContext.apply (http://localhost:9876/_karma_webpack_/webpack:/src/app/services/chat.spec.ts:38:19)
    at _ZoneDelegate.invoke (http://localhost:9876/_karma_webpack_/webpack:/node_modules/zone.js/fesm2015/zone.js:398:28)
    at ProxyZoneSpec.onInvoke (http://localhost:9876/_karma_webpack_/webpack:/node_modules/zone.js/fesm2015/zone-testing.js:2132:39)
    at _ZoneDelegate.invoke (http://localhost:9876/_karma_webpack_/webpack:/node_modules/zone.js/fesm2015/zone.js:397:34)
    at ZoneImpl.run (http://localhost:9876/_karma_webpack_/webpack:/node_modules/zone.js/fesm2015/zone.js:113:43)
    at runInTestZone (http://localhost:9876/_karma_webpack_/webpack:/node_modules/zone.js/fesm2015/zone-testing.js:216:38)
    at UserContext.<anonymous> (http://localhost:9876/_karma_webpack_/webpack:/node_modules/zone.js/fesm2015/zone-testing.js:234:32)
[1A[2KWARN: [36m'Failed to mock onSnapshot:', TypeError: Cannot redefine property: onSnapshot
TypeError: Cannot redefine property: onSnapshot
    at Object.defineProperty (<anonymous>)
    at forEach (http://localhost:9876/_karma_webpack_/webpack:/src/app/services/chat.spec.ts:56:18)
    at Array.forEach (<anonymous>)
    at UserContext.apply (http://localhost:9876/_karma_webpack_/webpack:/src/app/services/chat.spec.ts:38:19)
    at _ZoneDelegate.invoke (http://localhost:9876/_karma_webpack_/webpack:/node_modules/zone.js/fesm2015/zone.js:398:28)
    at ProxyZoneSpec.onInvoke (http://localhost:9876/_karma_webpack_/webpack:/node_modules/zone.js/fesm2015/zone-testing.js:2132:39)
    at _ZoneDelegate.invoke (http://localhost:9876/_karma_webpack_/webpack:/node_modules/zone.js/fesm2015/zone.js:397:34)
    at ZoneImpl.run (http://localhost:9876/_karma_webpack_/webpack:/node_modules/zone.js/fesm2015/zone.js:113:43)
    at runInTestZone (http://localhost:9876/_karma_webpack_/webpack:/node_modules/zone.js/fesm2015/zone-testing.js:216:38)
    at UserContext.<anonymous> (http://localhost:9876/_karma_webpack_/webpack:/node_modules/zone.js/fesm2015/zone-testing.js:234:32)[39m
Chrome Headless 143.0.0.0 (Windows 10): Executed 1 of 6[31m (1 FAILED)[39m (0 secs / 0.043 secs)
WARN: 'Failed to mock onSnapshot:', TypeError: Cannot redefine property: onSnapshot
TypeError: Cannot redefine property: onSnapshot
    at Object.defineProperty (<anonymous>)
    at forEach (http://localhost:9876/_karma_webpack_/webpack:/src/app/services/chat.spec.ts:56:18)
    at Array.forEach (<anonymous>)
    at UserContext.apply (http://localhost:9876/_karma_webpack_/webpack:/src/app/services/chat.spec.ts:38:19)
    at _ZoneDelegate.invoke (http://localhost:9876/_karma_webpack_/webpack:/node_modules/zone.js/fesm2015/zone.js:398:28)
    at ProxyZoneSpec.onInvoke (http://localhost:9876/_karma_webpack_/webpack:/node_modules/zone.js/fesm2015/zone-testing.js:2132:39)
    at _ZoneDelegate.invoke (http://localhost:9876/_karma_webpack_/webpack:/node_modules/zone.js/fesm2015/zone.js:397:34)
    at ZoneImpl.run (http://localhost:9876/_karma_webpack_/webpack:/node_modules/zone.js/fesm2015/zone.js:113:43)
    at runInTestZone (http://localhost:9876/_karma_webpack_/webpack:/node_modules/zone.js/fesm2015/zone-testing.js:216:38)
    at UserContext.<anonymous> (http://localhost:9876/_karma_webpack_/webpack:/node_modules/zone.js/fesm2015/zone-testing.js:234:32)
[1A[2KWARN: [36m'Failed to mock setDoc:', TypeError: Cannot redefine property: setDoc
TypeError: Cannot redefine property: setDoc
    at Object.defineProperty (<anonymous>)
    at forEach (http://localhost:9876/_karma_webpack_/webpack:/src/app/services/chat.spec.ts:56:18)
    at Array.forEach (<anonymous>)
    at UserContext.apply (http://localhost:9876/_karma_webpack_/webpack:/src/app/services/chat.spec.ts:38:19)
    at _ZoneDelegate.invoke (http://localhost:9876/_karma_webpack_/webpack:/node_modules/zone.js/fesm2015/zone.js:398:28)
    at ProxyZoneSpec.onInvoke (http://localhost:9876/_karma_webpack_/webpack:/node_modules/zone.js/fesm2015/zone-testing.js:2132:39)
    at _ZoneDelegate.invoke (http://localhost:9876/_karma_webpack_/webpack:/node_modules/zone.js/fesm2015/zone.js:397:34)
    at ZoneImpl.run (http://localhost:9876/_karma_webpack_/webpack:/node_modules/zone.js/fesm2015/zone.js:113:43)
    at runInTestZone (http://localhost:9876/_karma_webpack_/webpack:/node_modules/zone.js/fesm2015/zone-testing.js:216:38)
    at UserContext.<anonymous> (http://localhost:9876/_karma_webpack_/webpack:/node_modules/zone.js/fesm2015/zone-testing.js:234:32)[39m
Chrome Headless 143.0.0.0 (Windows 10): Executed 1 of 6[31m (1 FAILED)[39m (0 secs / 0.043 secs)
WARN: 'Failed to mock setDoc:', TypeError: Cannot redefine property: setDoc
TypeError: Cannot redefine property: setDoc
    at Object.defineProperty (<anonymous>)
    at forEach (http://localhost:9876/_karma_webpack_/webpack:/src/app/services/chat.spec.ts:56:18)
    at Array.forEach (<anonymous>)
    at UserContext.apply (http://localhost:9876/_karma_webpack_/webpack:/src/app/services/chat.spec.ts:38:19)
    at _ZoneDelegate.invoke (http://localhost:9876/_karma_webpack_/webpack:/node_modules/zone.js/fesm2015/zone.js:398:28)
    at ProxyZoneSpec.onInvoke (http://localhost:9876/_karma_webpack_/webpack:/node_modules/zone.js/fesm2015/zone-testing.js:2132:39)
    at _ZoneDelegate.invoke (http://localhost:9876/_karma_webpack_/webpack:/node_modules/zone.js/fesm2015/zone.js:397:34)
    at ZoneImpl.run (http://localhost:9876/_karma_webpack_/webpack:/node_modules/zone.js/fesm2015/zone.js:113:43)
    at runInTestZone (http://localhost:9876/_karma_webpack_/webpack:/node_modules/zone.js/fesm2015/zone-testing.js:216:38)
    at UserContext.<anonymous> (http://localhost:9876/_karma_webpack_/webpack:/node_modules/zone.js/fesm2015/zone-testing.js:234:32)
[1A[2KWARN: [36m'Failed to mock updateDoc:', TypeError: Cannot redefine property: updateDoc
TypeError: Cannot redefine property: updateDoc
    at Object.defineProperty (<anonymous>)
    at forEach (http://localhost:9876/_karma_webpack_/webpack:/src/app/services/chat.spec.ts:56:18)
    at Array.forEach (<anonymous>)
    at UserContext.apply (http://localhost:9876/_karma_webpack_/webpack:/src/app/services/chat.spec.ts:38:19)
    at _ZoneDelegate.invoke (http://localhost:9876/_karma_webpack_/webpack:/node_modules/zone.js/fesm2015/zone.js:398:28)
    at ProxyZoneSpec.onInvoke (http://localhost:9876/_karma_webpack_/webpack:/node_modules/zone.js/fesm2015/zone-testing.js:2132:39)
    at _ZoneDelegate.invoke (http://localhost:9876/_karma_webpack_/webpack:/node_modules/zone.js/fesm2015/zone.js:397:34)
    at ZoneImpl.run (http://localhost:9876/_karma_webpack_/webpack:/node_modules/zone.js/fesm2015/zone.js:113:43)
    at runInTestZone (http://localhost:9876/_karma_webpack_/webpack:/node_modules/zone.js/fesm2015/zone-testing.js:216:38)
    at UserContext.<anonymous> (http://localhost:9876/_karma_webpack_/webpack:/node_modules/zone.js/fesm2015/zone-testing.js:234:32)[39m
Chrome Headless 143.0.0.0 (Windows 10): Executed 1 of 6[31m (1 FAILED)[39m (0 secs / 0.043 secs)
WARN: 'Failed to mock updateDoc:', TypeError: Cannot redefine property: updateDoc
TypeError: Cannot redefine property: updateDoc
    at Object.defineProperty (<anonymous>)
    at forEach (http://localhost:9876/_karma_webpack_/webpack:/src/app/services/chat.spec.ts:56:18)
    at Array.forEach (<anonymous>)
    at UserContext.apply (http://localhost:9876/_karma_webpack_/webpack:/src/app/services/chat.spec.ts:38:19)
    at _ZoneDelegate.invoke (http://localhost:9876/_karma_webpack_/webpack:/node_modules/zone.js/fesm2015/zone.js:398:28)
    at ProxyZoneSpec.onInvoke (http://localhost:9876/_karma_webpack_/webpack:/node_modules/zone.js/fesm2015/zone-testing.js:2132:39)
    at _ZoneDelegate.invoke (http://localhost:9876/_karma_webpack_/webpack:/node_modules/zone.js/fesm2015/zone.js:397:34)
    at ZoneImpl.run (http://localhost:9876/_karma_webpack_/webpack:/node_modules/zone.js/fesm2015/zone.js:113:43)
    at runInTestZone (http://localhost:9876/_karma_webpack_/webpack:/node_modules/zone.js/fesm2015/zone-testing.js:216:38)
    at UserContext.<anonymous> (http://localhost:9876/_karma_webpack_/webpack:/node_modules/zone.js/fesm2015/zone-testing.js:234:32)
[1A[2KWARN: [36m'Failed to mock deleteDoc:', TypeError: Cannot redefine property: deleteDoc
TypeError: Cannot redefine property: deleteDoc
    at Object.defineProperty (<anonymous>)
    at forEach (http://localhost:9876/_karma_webpack_/webpack:/src/app/services/chat.spec.ts:56:18)
    at Array.forEach (<anonymous>)
    at UserContext.apply (http://localhost:9876/_karma_webpack_/webpack:/src/app/services/chat.spec.ts:38:19)
    at _ZoneDelegate.invoke (http://localhost:9876/_karma_webpack_/webpack:/node_modules/zone.js/fesm2015/zone.js:398:28)
    at ProxyZoneSpec.onInvoke (http://localhost:9876/_karma_webpack_/webpack:/node_modules/zone.js/fesm2015/zone-testing.js:2132:39)
    at _ZoneDelegate.invoke (http://localhost:9876/_karma_webpack_/webpack:/node_modules/zone.js/fesm2015/zone.js:397:34)
    at ZoneImpl.run (http://localhost:9876/_karma_webpack_/webpack:/node_modules/zone.js/fesm2015/zone.js:113:43)
    at runInTestZone (http://localhost:9876/_karma_webpack_/webpack:/node_modules/zone.js/fesm2015/zone-testing.js:216:38)
    at UserContext.<anonymous> (http://localhost:9876/_karma_webpack_/webpack:/node_modules/zone.js/fesm2015/zone-testing.js:234:32)[39m
Chrome Headless 143.0.0.0 (Windows 10): Executed 1 of 6[31m (1 FAILED)[39m (0 secs / 0.043 secs)
WARN: 'Failed to mock deleteDoc:', TypeError: Cannot redefine property: deleteDoc
TypeError: Cannot redefine property: deleteDoc
    at Object.defineProperty (<anonymous>)
    at forEach (http://localhost:9876/_karma_webpack_/webpack:/src/app/services/chat.spec.ts:56:18)
    at Array.forEach (<anonymous>)
    at UserContext.apply (http://localhost:9876/_karma_webpack_/webpack:/src/app/services/chat.spec.ts:38:19)
    at _ZoneDelegate.invoke (http://localhost:9876/_karma_webpack_/webpack:/node_modules/zone.js/fesm2015/zone.js:398:28)
    at ProxyZoneSpec.onInvoke (http://localhost:9876/_karma_webpack_/webpack:/node_modules/zone.js/fesm2015/zone-testing.js:2132:39)
    at _ZoneDelegate.invoke (http://localhost:9876/_karma_webpack_/webpack:/node_modules/zone.js/fesm2015/zone.js:397:34)
    at ZoneImpl.run (http://localhost:9876/_karma_webpack_/webpack:/node_modules/zone.js/fesm2015/zone.js:113:43)
    at runInTestZone (http://localhost:9876/_karma_webpack_/webpack:/node_modules/zone.js/fesm2015/zone-testing.js:216:38)
    at UserContext.<anonymous> (http://localhost:9876/_karma_webpack_/webpack:/node_modules/zone.js/fesm2015/zone-testing.js:234:32)
[1A[2KWARN: [36m'Failed to mock addDoc:', TypeError: Cannot redefine property: addDoc
TypeError: Cannot redefine property: addDoc
    at Object.defineProperty (<anonymous>)
    at forEach (http://localhost:9876/_karma_webpack_/webpack:/src/app/services/chat.spec.ts:56:18)
    at Array.forEach (<anonymous>)
    at UserContext.apply (http://localhost:9876/_karma_webpack_/webpack:/src/app/services/chat.spec.ts:38:19)
    at _ZoneDelegate.invoke (http://localhost:9876/_karma_webpack_/webpack:/node_modules/zone.js/fesm2015/zone.js:398:28)
    at ProxyZoneSpec.onInvoke (http://localhost:9876/_karma_webpack_/webpack:/node_modules/zone.js/fesm2015/zone-testing.js:2132:39)
    at _ZoneDelegate.invoke (http://localhost:9876/_karma_webpack_/webpack:/node_modules/zone.js/fesm2015/zone.js:397:34)
    at ZoneImpl.run (http://localhost:9876/_karma_webpack_/webpack:/node_modules/zone.js/fesm2015/zone.js:113:43)
    at runInTestZone (http://localhost:9876/_karma_webpack_/webpack:/node_modules/zone.js/fesm2015/zone-testing.js:216:38)
    at UserContext.<anonymous> (http://localhost:9876/_karma_webpack_/webpack:/node_modules/zone.js/fesm2015/zone-testing.js:234:32)[39m
Chrome Headless 143.0.0.0 (Windows 10): Executed 1 of 6[31m (1 FAILED)[39m (0 secs / 0.043 secs)
WARN: 'Failed to mock addDoc:', TypeError: Cannot redefine property: addDoc
TypeError: Cannot redefine property: addDoc
    at Object.defineProperty (<anonymous>)
    at forEach (http://localhost:9876/_karma_webpack_/webpack:/src/app/services/chat.spec.ts:56:18)
    at Array.forEach (<anonymous>)
    at UserContext.apply (http://localhost:9876/_karma_webpack_/webpack:/src/app/services/chat.spec.ts:38:19)
    at _ZoneDelegate.invoke (http://localhost:9876/_karma_webpack_/webpack:/node_modules/zone.js/fesm2015/zone.js:398:28)
    at ProxyZoneSpec.onInvoke (http://localhost:9876/_karma_webpack_/webpack:/node_modules/zone.js/fesm2015/zone-testing.js:2132:39)
    at _ZoneDelegate.invoke (http://localhost:9876/_karma_webpack_/webpack:/node_modules/zone.js/fesm2015/zone.js:397:34)
    at ZoneImpl.run (http://localhost:9876/_karma_webpack_/webpack:/node_modules/zone.js/fesm2015/zone.js:113:43)
    at runInTestZone (http://localhost:9876/_karma_webpack_/webpack:/node_modules/zone.js/fesm2015/zone-testing.js:216:38)
    at UserContext.<anonymous> (http://localhost:9876/_karma_webpack_/webpack:/node_modules/zone.js/fesm2015/zone-testing.js:234:32)
[1A[2KWARN: [36m'Failed to mock where:', TypeError: Cannot redefine property: where
TypeError: Cannot redefine property: where
    at Object.defineProperty (<anonymous>)
    at forEach (http://localhost:9876/_karma_webpack_/webpack:/src/app/services/chat.spec.ts:56:18)
    at Array.forEach (<anonymous>)
    at UserContext.apply (http://localhost:9876/_karma_webpack_/webpack:/src/app/services/chat.spec.ts:38:19)
    at _ZoneDelegate.invoke (http://localhost:9876/_karma_webpack_/webpack:/node_modules/zone.js/fesm2015/zone.js:398:28)
    at ProxyZoneSpec.onInvoke (http://localhost:9876/_karma_webpack_/webpack:/node_modules/zone.js/fesm2015/zone-testing.js:2132:39)
    at _ZoneDelegate.invoke (http://localhost:9876/_karma_webpack_/webpack:/node_modules/zone.js/fesm2015/zone.js:397:34)
    at ZoneImpl.run (http://localhost:9876/_karma_webpack_/webpack:/node_modules/zone.js/fesm2015/zone.js:113:43)
    at runInTestZone (http://localhost:9876/_karma_webpack_/webpack:/node_modules/zone.js/fesm2015/zone-testing.js:216:38)
    at UserContext.<anonymous> (http://localhost:9876/_karma_webpack_/webpack:/node_modules/zone.js/fesm2015/zone-testing.js:234:32)[39m
Chrome Headless 143.0.0.0 (Windows 10): Executed 1 of 6[31m (1 FAILED)[39m (0 secs / 0.043 secs)
WARN: 'Failed to mock where:', TypeError: Cannot redefine property: where
TypeError: Cannot redefine property: where
    at Object.defineProperty (<anonymous>)
    at forEach (http://localhost:9876/_karma_webpack_/webpack:/src/app/services/chat.spec.ts:56:18)
    at Array.forEach (<anonymous>)
    at UserContext.apply (http://localhost:9876/_karma_webpack_/webpack:/src/app/services/chat.spec.ts:38:19)
    at _ZoneDelegate.invoke (http://localhost:9876/_karma_webpack_/webpack:/node_modules/zone.js/fesm2015/zone.js:398:28)
    at ProxyZoneSpec.onInvoke (http://localhost:9876/_karma_webpack_/webpack:/node_modules/zone.js/fesm2015/zone-testing.js:2132:39)
    at _ZoneDelegate.invoke (http://localhost:9876/_karma_webpack_/webpack:/node_modules/zone.js/fesm2015/zone.js:397:34)
    at ZoneImpl.run (http://localhost:9876/_karma_webpack_/webpack:/node_modules/zone.js/fesm2015/zone.js:113:43)
    at runInTestZone (http://localhost:9876/_karma_webpack_/webpack:/node_modules/zone.js/fesm2015/zone-testing.js:216:38)
    at UserContext.<anonymous> (http://localhost:9876/_karma_webpack_/webpack:/node_modules/zone.js/fesm2015/zone-testing.js:234:32)
[1A[2KWARN: [36m'Failed to mock getDocs:', TypeError: Cannot redefine property: getDocs
TypeError: Cannot redefine property: getDocs
    at Object.defineProperty (<anonymous>)
    at forEach (http://localhost:9876/_karma_webpack_/webpack:/src/app/services/chat.spec.ts:56:18)
    at Array.forEach (<anonymous>)
    at UserContext.apply (http://localhost:9876/_karma_webpack_/webpack:/src/app/services/chat.spec.ts:38:19)
    at _ZoneDelegate.invoke (http://localhost:9876/_karma_webpack_/webpack:/node_modules/zone.js/fesm2015/zone.js:398:28)
    at ProxyZoneSpec.onInvoke (http://localhost:9876/_karma_webpack_/webpack:/node_modules/zone.js/fesm2015/zone-testing.js:2132:39)
    at _ZoneDelegate.invoke (http://localhost:9876/_karma_webpack_/webpack:/node_modules/zone.js/fesm2015/zone.js:397:34)
    at ZoneImpl.run (http://localhost:9876/_karma_webpack_/webpack:/node_modules/zone.js/fesm2015/zone.js:113:43)
    at runInTestZone (http://localhost:9876/_karma_webpack_/webpack:/node_modules/zone.js/fesm2015/zone-testing.js:216:38)
    at UserContext.<anonymous> (http://localhost:9876/_karma_webpack_/webpack:/node_modules/zone.js/fesm2015/zone-testing.js:234:32)[39m
Chrome Headless 143.0.0.0 (Windows 10): Executed 1 of 6[31m (1 FAILED)[39m (0 secs / 0.043 secs)
WARN: 'Failed to mock getDocs:', TypeError: Cannot redefine property: getDocs
TypeError: Cannot redefine property: getDocs
    at Object.defineProperty (<anonymous>)
    at forEach (http://localhost:9876/_karma_webpack_/webpack:/src/app/services/chat.spec.ts:56:18)
    at Array.forEach (<anonymous>)
    at UserContext.apply (http://localhost:9876/_karma_webpack_/webpack:/src/app/services/chat.spec.ts:38:19)
    at _ZoneDelegate.invoke (http://localhost:9876/_karma_webpack_/webpack:/node_modules/zone.js/fesm2015/zone.js:398:28)
    at ProxyZoneSpec.onInvoke (http://localhost:9876/_karma_webpack_/webpack:/node_modules/zone.js/fesm2015/zone-testing.js:2132:39)
    at _ZoneDelegate.invoke (http://localhost:9876/_karma_webpack_/webpack:/node_modules/zone.js/fesm2015/zone.js:397:34)
    at ZoneImpl.run (http://localhost:9876/_karma_webpack_/webpack:/node_modules/zone.js/fesm2015/zone.js:113:43)
    at runInTestZone (http://localhost:9876/_karma_webpack_/webpack:/node_modules/zone.js/fesm2015/zone-testing.js:216:38)
    at UserContext.<anonymous> (http://localhost:9876/_karma_webpack_/webpack:/node_modules/zone.js/fesm2015/zone-testing.js:234:32)
[1A[2KWARN: [36m'Failed to mock getDoc:', TypeError: Cannot redefine property: getDoc
TypeError: Cannot redefine property: getDoc
    at Object.defineProperty (<anonymous>)
    at forEach (http://localhost:9876/_karma_webpack_/webpack:/src/app/services/chat.spec.ts:56:18)
    at Array.forEach (<anonymous>)
    at UserContext.apply (http://localhost:9876/_karma_webpack_/webpack:/src/app/services/chat.spec.ts:38:19)
    at _ZoneDelegate.invoke (http://localhost:9876/_karma_webpack_/webpack:/node_modules/zone.js/fesm2015/zone.js:398:28)
    at ProxyZoneSpec.onInvoke (http://localhost:9876/_karma_webpack_/webpack:/node_modules/zone.js/fesm2015/zone-testing.js:2132:39)
    at _ZoneDelegate.invoke (http://localhost:9876/_karma_webpack_/webpack:/node_modules/zone.js/fesm2015/zone.js:397:34)
    at ZoneImpl.run (http://localhost:9876/_karma_webpack_/webpack:/node_modules/zone.js/fesm2015/zone.js:113:43)
    at runInTestZone (http://localhost:9876/_karma_webpack_/webpack:/node_modules/zone.js/fesm2015/zone-testing.js:216:38)
    at UserContext.<anonymous> (http://localhost:9876/_karma_webpack_/webpack:/node_modules/zone.js/fesm2015/zone-testing.js:234:32)[39m
Chrome Headless 143.0.0.0 (Windows 10): Executed 1 of 6[31m (1 FAILED)[39m (0 secs / 0.043 secs)
WARN: 'Failed to mock getDoc:', TypeError: Cannot redefine property: getDoc
TypeError: Cannot redefine property: getDoc
    at Object.defineProperty (<anonymous>)
    at forEach (http://localhost:9876/_karma_webpack_/webpack:/src/app/services/chat.spec.ts:56:18)
    at Array.forEach (<anonymous>)
    at UserContext.apply (http://localhost:9876/_karma_webpack_/webpack:/src/app/services/chat.spec.ts:38:19)
    at _ZoneDelegate.invoke (http://localhost:9876/_karma_webpack_/webpack:/node_modules/zone.js/fesm2015/zone.js:398:28)
    at ProxyZoneSpec.onInvoke (http://localhost:9876/_karma_webpack_/webpack:/node_modules/zone.js/fesm2015/zone-testing.js:2132:39)
    at _ZoneDelegate.invoke (http://localhost:9876/_karma_webpack_/webpack:/node_modules/zone.js/fesm2015/zone.js:397:34)
    at ZoneImpl.run (http://localhost:9876/_karma_webpack_/webpack:/node_modules/zone.js/fesm2015/zone.js:113:43)
    at runInTestZone (http://localhost:9876/_karma_webpack_/webpack:/node_modules/zone.js/fesm2015/zone-testing.js:216:38)
    at UserContext.<anonymous> (http://localhost:9876/_karma_webpack_/webpack:/node_modules/zone.js/fesm2015/zone-testing.js:234:32)
[1A[2KWARN: [36m'Failed to mock increment:', TypeError: Cannot redefine property: increment
TypeError: Cannot redefine property: increment
    at Object.defineProperty (<anonymous>)
    at forEach (http://localhost:9876/_karma_webpack_/webpack:/src/app/services/chat.spec.ts:56:18)
    at Array.forEach (<anonymous>)
    at UserContext.apply (http://localhost:9876/_karma_webpack_/webpack:/src/app/services/chat.spec.ts:38:19)
    at _ZoneDelegate.invoke (http://localhost:9876/_karma_webpack_/webpack:/node_modules/zone.js/fesm2015/zone.js:398:28)
    at ProxyZoneSpec.onInvoke (http://localhost:9876/_karma_webpack_/webpack:/node_modules/zone.js/fesm2015/zone-testing.js:2132:39)
    at _ZoneDelegate.invoke (http://localhost:9876/_karma_webpack_/webpack:/node_modules/zone.js/fesm2015/zone.js:397:34)
    at ZoneImpl.run (http://localhost:9876/_karma_webpack_/webpack:/node_modules/zone.js/fesm2015/zone.js:113:43)
    at runInTestZone (http://localhost:9876/_karma_webpack_/webpack:/node_modules/zone.js/fesm2015/zone-testing.js:216:38)
    at UserContext.<anonymous> (http://localhost:9876/_karma_webpack_/webpack:/node_modules/zone.js/fesm2015/zone-testing.js:234:32)[39m
Chrome Headless 143.0.0.0 (Windows 10): Executed 1 of 6[31m (1 FAILED)[39m (0 secs / 0.043 secs)
WARN: 'Failed to mock increment:', TypeError: Cannot redefine property: increment
TypeError: Cannot redefine property: increment
    at Object.defineProperty (<anonymous>)
    at forEach (http://localhost:9876/_karma_webpack_/webpack:/src/app/services/chat.spec.ts:56:18)
    at Array.forEach (<anonymous>)
    at UserContext.apply (http://localhost:9876/_karma_webpack_/webpack:/src/app/services/chat.spec.ts:38:19)
    at _ZoneDelegate.invoke (http://localhost:9876/_karma_webpack_/webpack:/node_modules/zone.js/fesm2015/zone.js:398:28)
    at ProxyZoneSpec.onInvoke (http://localhost:9876/_karma_webpack_/webpack:/node_modules/zone.js/fesm2015/zone-testing.js:2132:39)
    at _ZoneDelegate.invoke (http://localhost:9876/_karma_webpack_/webpack:/node_modules/zone.js/fesm2015/zone.js:397:34)
    at ZoneImpl.run (http://localhost:9876/_karma_webpack_/webpack:/node_modules/zone.js/fesm2015/zone.js:113:43)
    at runInTestZone (http://localhost:9876/_karma_webpack_/webpack:/node_modules/zone.js/fesm2015/zone-testing.js:216:38)
    at UserContext.<anonymous> (http://localhost:9876/_karma_webpack_/webpack:/node_modules/zone.js/fesm2015/zone-testing.js:234:32)
[1A[2KChrome Headless 143.0.0.0 (Windows 10): Executed 2 of 6[31m (1 FAILED)[39m (0 secs / 0.053 secs)
[1A[2KWARN: [36m'Failed to mock getFirestore:', TypeError: Cannot redefine property: getFirestore
TypeError: Cannot redefine property: getFirestore
    at Object.defineProperty (<anonymous>)
    at forEach (http://localhost:9876/_karma_webpack_/webpack:/src/app/services/chat.spec.ts:56:18)
    at Array.forEach (<anonymous>)
    at UserContext.apply (http://localhost:9876/_karma_webpack_/webpack:/src/app/services/chat.spec.ts:38:19)
    at _ZoneDelegate.invoke (http://localhost:9876/_karma_webpack_/webpack:/node_modules/zone.js/fesm2015/zone.js:398:28)
    at ProxyZoneSpec.onInvoke (http://localhost:9876/_karma_webpack_/webpack:/node_modules/zone.js/fesm2015/zone-testing.js:2132:39)
    at _ZoneDelegate.invoke (http://localhost:9876/_karma_webpack_/webpack:/node_modules/zone.js/fesm2015/zone.js:397:34)
    at ZoneImpl.run (http://localhost:9876/_karma_webpack_/webpack:/node_modules/zone.js/fesm2015/zone.js:113:43)
    at runInTestZone (http://localhost:9876/_karma_webpack_/webpack:/node_modules/zone.js/fesm2015/zone-testing.js:216:38)
    at UserContext.<anonymous> (http://localhost:9876/_karma_webpack_/webpack:/node_modules/zone.js/fesm2015/zone-testing.js:234:32)[39m
Chrome Headless 143.0.0.0 (Windows 10): Executed 2 of 6[31m (1 FAILED)[39m (0 secs / 0.053 secs)
WARN: 'Failed to mock getFirestore:', TypeError: Cannot redefine property: getFirestore
TypeError: Cannot redefine property: getFirestore
    at Object.defineProperty (<anonymous>)
    at forEach (http://localhost:9876/_karma_webpack_/webpack:/src/app/services/chat.spec.ts:56:18)
    at Array.forEach (<anonymous>)
    at UserContext.apply (http://localhost:9876/_karma_webpack_/webpack:/src/app/services/chat.spec.ts:38:19)
    at _ZoneDelegate.invoke (http://localhost:9876/_karma_webpack_/webpack:/node_modules/zone.js/fesm2015/zone.js:398:28)
    at ProxyZoneSpec.onInvoke (http://localhost:9876/_karma_webpack_/webpack:/node_modules/zone.js/fesm2015/zone-testing.js:2132:39)
    at _ZoneDelegate.invoke (http://localhost:9876/_karma_webpack_/webpack:/node_modules/zone.js/fesm2015/zone.js:397:34)
    at ZoneImpl.run (http://localhost:9876/_karma_webpack_/webpack:/node_modules/zone.js/fesm2015/zone.js:113:43)
    at runInTestZone (http://localhost:9876/_karma_webpack_/webpack:/node_modules/zone.js/fesm2015/zone-testing.js:216:38)
    at UserContext.<anonymous> (http://localhost:9876/_karma_webpack_/webpack:/node_modules/zone.js/fesm2015/zone-testing.js:234:32)
[1A[2KWARN: [36m'Failed to mock collection:', TypeError: Cannot redefine property: collection
TypeError: Cannot redefine property: collection
    at Object.defineProperty (<anonymous>)
    at forEach (http://localhost:9876/_karma_webpack_/webpack:/src/app/services/chat.spec.ts:56:18)
    at Array.forEach (<anonymous>)
    at UserContext.apply (http://localhost:9876/_karma_webpack_/webpack:/src/app/services/chat.spec.ts:38:19)
    at _ZoneDelegate.invoke (http://localhost:9876/_karma_webpack_/webpack:/node_modules/zone.js/fesm2015/zone.js:398:28)
    at ProxyZoneSpec.onInvoke (http://localhost:9876/_karma_webpack_/webpack:/node_modules/zone.js/fesm2015/zone-testing.js:2132:39)
    at _ZoneDelegate.invoke (http://localhost:9876/_karma_webpack_/webpack:/node_modules/zone.js/fesm2015/zone.js:397:34)
    at ZoneImpl.run (http://localhost:9876/_karma_webpack_/webpack:/node_modules/zone.js/fesm2015/zone.js:113:43)
    at runInTestZone (http://localhost:9876/_karma_webpack_/webpack:/node_modules/zone.js/fesm2015/zone-testing.js:216:38)
    at UserContext.<anonymous> (http://localhost:9876/_karma_webpack_/webpack:/node_modules/zone.js/fesm2015/zone-testing.js:234:32)[39m
Chrome Headless 143.0.0.0 (Windows 10): Executed 2 of 6[31m (1 FAILED)[39m (0 secs / 0.053 secs)
WARN: 'Failed to mock collection:', TypeError: Cannot redefine property: collection
TypeError: Cannot redefine property: collection
    at Object.defineProperty (<anonymous>)
    at forEach (http://localhost:9876/_karma_webpack_/webpack:/src/app/services/chat.spec.ts:56:18)
    at Array.forEach (<anonymous>)
    at UserContext.apply (http://localhost:9876/_karma_webpack_/webpack:/src/app/services/chat.spec.ts:38:19)
    at _ZoneDelegate.invoke (http://localhost:9876/_karma_webpack_/webpack:/node_modules/zone.js/fesm2015/zone.js:398:28)
    at ProxyZoneSpec.onInvoke (http://localhost:9876/_karma_webpack_/webpack:/node_modules/zone.js/fesm2015/zone-testing.js:2132:39)
    at _ZoneDelegate.invoke (http://localhost:9876/_karma_webpack_/webpack:/node_modules/zone.js/fesm2015/zone.js:397:34)
    at ZoneImpl.run (http://localhost:9876/_karma_webpack_/webpack:/node_modules/zone.js/fesm2015/zone.js:113:43)
    at runInTestZone (http://localhost:9876/_karma_webpack_/webpack:/node_modules/zone.js/fesm2015/zone-testing.js:216:38)
    at UserContext.<anonymous> (http://localhost:9876/_karma_webpack_/webpack:/node_modules/zone.js/fesm2015/zone-testing.js:234:32)
[1A[2KWARN: [36m'Failed to mock doc:', TypeError: Cannot redefine property: doc
TypeError: Cannot redefine property: doc
    at Object.defineProperty (<anonymous>)
    at forEach (http://localhost:9876/_karma_webpack_/webpack:/src/app/services/chat.spec.ts:56:18)
    at Array.forEach (<anonymous>)
    at UserContext.apply (http://localhost:9876/_karma_webpack_/webpack:/src/app/services/chat.spec.ts:38:19)
    at _ZoneDelegate.invoke (http://localhost:9876/_karma_webpack_/webpack:/node_modules/zone.js/fesm2015/zone.js:398:28)
    at ProxyZoneSpec.onInvoke (http://localhost:9876/_karma_webpack_/webpack:/node_modules/zone.js/fesm2015/zone-testing.js:2132:39)
    at _ZoneDelegate.invoke (http://localhost:9876/_karma_webpack_/webpack:/node_modules/zone.js/fesm2015/zone.js:397:34)
    at ZoneImpl.run (http://localhost:9876/_karma_webpack_/webpack:/node_modules/zone.js/fesm2015/zone.js:113:43)
    at runInTestZone (http://localhost:9876/_karma_webpack_/webpack:/node_modules/zone.js/fesm2015/zone-testing.js:216:38)
    at UserContext.<anonymous> (http://localhost:9876/_karma_webpack_/webpack:/node_modules/zone.js/fesm2015/zone-testing.js:234:32)[39m
Chrome Headless 143.0.0.0 (Windows 10): Executed 2 of 6[31m (1 FAILED)[39m (0 secs / 0.053 secs)
WARN: 'Failed to mock doc:', TypeError: Cannot redefine property: doc
TypeError: Cannot redefine property: doc
    at Object.defineProperty (<anonymous>)
    at forEach (http://localhost:9876/_karma_webpack_/webpack:/src/app/services/chat.spec.ts:56:18)
    at Array.forEach (<anonymous>)
    at UserContext.apply (http://localhost:9876/_karma_webpack_/webpack:/src/app/services/chat.spec.ts:38:19)
    at _ZoneDelegate.invoke (http://localhost:9876/_karma_webpack_/webpack:/node_modules/zone.js/fesm2015/zone.js:398:28)
    at ProxyZoneSpec.onInvoke (http://localhost:9876/_karma_webpack_/webpack:/node_modules/zone.js/fesm2015/zone-testing.js:2132:39)
    at _ZoneDelegate.invoke (http://localhost:9876/_karma_webpack_/webpack:/node_modules/zone.js/fesm2015/zone.js:397:34)
    at ZoneImpl.run (http://localhost:9876/_karma_webpack_/webpack:/node_modules/zone.js/fesm2015/zone.js:113:43)
    at runInTestZone (http://localhost:9876/_karma_webpack_/webpack:/node_modules/zone.js/fesm2015/zone-testing.js:216:38)
    at UserContext.<anonymous> (http://localhost:9876/_karma_webpack_/webpack:/node_modules/zone.js/fesm2015/zone-testing.js:234:32)
[1A[2KWARN: [36m'Failed to mock query:', TypeError: Cannot redefine property: query
TypeError: Cannot redefine property: query
    at Object.defineProperty (<anonymous>)
    at forEach (http://localhost:9876/_karma_webpack_/webpack:/src/app/services/chat.spec.ts:56:18)
    at Array.forEach (<anonymous>)
    at UserContext.apply (http://localhost:9876/_karma_webpack_/webpack:/src/app/services/chat.spec.ts:38:19)
    at _ZoneDelegate.invoke (http://localhost:9876/_karma_webpack_/webpack:/node_modules/zone.js/fesm2015/zone.js:398:28)
    at ProxyZoneSpec.onInvoke (http://localhost:9876/_karma_webpack_/webpack:/node_modules/zone.js/fesm2015/zone-testing.js:2132:39)
    at _ZoneDelegate.invoke (http://localhost:9876/_karma_webpack_/webpack:/node_modules/zone.js/fesm2015/zone.js:397:34)
    at ZoneImpl.run (http://localhost:9876/_karma_webpack_/webpack:/node_modules/zone.js/fesm2015/zone.js:113:43)
    at runInTestZone (http://localhost:9876/_karma_webpack_/webpack:/node_modules/zone.js/fesm2015/zone-testing.js:216:38)
    at UserContext.<anonymous> (http://localhost:9876/_karma_webpack_/webpack:/node_modules/zone.js/fesm2015/zone-testing.js:234:32)[39m
Chrome Headless 143.0.0.0 (Windows 10): Executed 2 of 6[31m (1 FAILED)[39m (0 secs / 0.053 secs)
WARN: 'Failed to mock query:', TypeError: Cannot redefine property: query
TypeError: Cannot redefine property: query
    at Object.defineProperty (<anonymous>)
    at forEach (http://localhost:9876/_karma_webpack_/webpack:/src/app/services/chat.spec.ts:56:18)
    at Array.forEach (<anonymous>)
    at UserContext.apply (http://localhost:9876/_karma_webpack_/webpack:/src/app/services/chat.spec.ts:38:19)
    at _ZoneDelegate.invoke (http://localhost:9876/_karma_webpack_/webpack:/node_modules/zone.js/fesm2015/zone.js:398:28)
    at ProxyZoneSpec.onInvoke (http://localhost:9876/_karma_webpack_/webpack:/node_modules/zone.js/fesm2015/zone-testing.js:2132:39)
    at _ZoneDelegate.invoke (http://localhost:9876/_karma_webpack_/webpack:/node_modules/zone.js/fesm2015/zone.js:397:34)
    at ZoneImpl.run (http://localhost:9876/_karma_webpack_/webpack:/node_modules/zone.js/fesm2015/zone.js:113:43)
    at runInTestZone (http://localhost:9876/_karma_webpack_/webpack:/node_modules/zone.js/fesm2015/zone-testing.js:216:38)
    at UserContext.<anonymous> (http://localhost:9876/_karma_webpack_/webpack:/node_modules/zone.js/fesm2015/zone-testing.js:234:32)
[1A[2KWARN: [36m'Failed to mock onSnapshot:', TypeError: Cannot redefine property: onSnapshot
TypeError: Cannot redefine property: onSnapshot
    at Object.defineProperty (<anonymous>)
    at forEach (http://localhost:9876/_karma_webpack_/webpack:/src/app/services/chat.spec.ts:56:18)
    at Array.forEach (<anonymous>)
    at UserContext.apply (http://localhost:9876/_karma_webpack_/webpack:/src/app/services/chat.spec.ts:38:19)
    at _ZoneDelegate.invoke (http://localhost:9876/_karma_webpack_/webpack:/node_modules/zone.js/fesm2015/zone.js:398:28)
    at ProxyZoneSpec.onInvoke (http://localhost:9876/_karma_webpack_/webpack:/node_modules/zone.js/fesm2015/zone-testing.js:2132:39)
    at _ZoneDelegate.invoke (http://localhost:9876/_karma_webpack_/webpack:/node_modules/zone.js/fesm2015/zone.js:397:34)
    at ZoneImpl.run (http://localhost:9876/_karma_webpack_/webpack:/node_modules/zone.js/fesm2015/zone.js:113:43)
    at runInTestZone (http://localhost:9876/_karma_webpack_/webpack:/node_modules/zone.js/fesm2015/zone-testing.js:216:38)
    at UserContext.<anonymous> (http://localhost:9876/_karma_webpack_/webpack:/node_modules/zone.js/fesm2015/zone-testing.js:234:32)[39m
Chrome Headless 143.0.0.0 (Windows 10): Executed 2 of 6[31m (1 FAILED)[39m (0 secs / 0.053 secs)
WARN: 'Failed to mock onSnapshot:', TypeError: Cannot redefine property: onSnapshot
TypeError: Cannot redefine property: onSnapshot
    at Object.defineProperty (<anonymous>)
    at forEach (http://localhost:9876/_karma_webpack_/webpack:/src/app/services/chat.spec.ts:56:18)
    at Array.forEach (<anonymous>)
    at UserContext.apply (http://localhost:9876/_karma_webpack_/webpack:/src/app/services/chat.spec.ts:38:19)
    at _ZoneDelegate.invoke (http://localhost:9876/_karma_webpack_/webpack:/node_modules/zone.js/fesm2015/zone.js:398:28)
    at ProxyZoneSpec.onInvoke (http://localhost:9876/_karma_webpack_/webpack:/node_modules/zone.js/fesm2015/zone-testing.js:2132:39)
    at _ZoneDelegate.invoke (http://localhost:9876/_karma_webpack_/webpack:/node_modules/zone.js/fesm2015/zone.js:397:34)
    at ZoneImpl.run (http://localhost:9876/_karma_webpack_/webpack:/node_modules/zone.js/fesm2015/zone.js:113:43)
    at runInTestZone (http://localhost:9876/_karma_webpack_/webpack:/node_modules/zone.js/fesm2015/zone-testing.js:216:38)
    at UserContext.<anonymous> (http://localhost:9876/_karma_webpack_/webpack:/node_modules/zone.js/fesm2015/zone-testing.js:234:32)
[1A[2KWARN: [36m'Failed to mock setDoc:', TypeError: Cannot redefine property: setDoc
TypeError: Cannot redefine property: setDoc
    at Object.defineProperty (<anonymous>)
    at forEach (http://localhost:9876/_karma_webpack_/webpack:/src/app/services/chat.spec.ts:56:18)
    at Array.forEach (<anonymous>)
    at UserContext.apply (http://localhost:9876/_karma_webpack_/webpack:/src/app/services/chat.spec.ts:38:19)
    at _ZoneDelegate.invoke (http://localhost:9876/_karma_webpack_/webpack:/node_modules/zone.js/fesm2015/zone.js:398:28)
    at ProxyZoneSpec.onInvoke (http://localhost:9876/_karma_webpack_/webpack:/node_modules/zone.js/fesm2015/zone-testing.js:2132:39)
    at _ZoneDelegate.invoke (http://localhost:9876/_karma_webpack_/webpack:/node_modules/zone.js/fesm2015/zone.js:397:34)
    at ZoneImpl.run (http://localhost:9876/_karma_webpack_/webpack:/node_modules/zone.js/fesm2015/zone.js:113:43)
    at runInTestZone (http://localhost:9876/_karma_webpack_/webpack:/node_modules/zone.js/fesm2015/zone-testing.js:216:38)
    at UserContext.<anonymous> (http://localhost:9876/_karma_webpack_/webpack:/node_modules/zone.js/fesm2015/zone-testing.js:234:32)[39m
Chrome Headless 143.0.0.0 (Windows 10): Executed 2 of 6[31m (1 FAILED)[39m (0 secs / 0.053 secs)
WARN: 'Failed to mock setDoc:', TypeError: Cannot redefine property: setDoc
TypeError: Cannot redefine property: setDoc
    at Object.defineProperty (<anonymous>)
    at forEach (http://localhost:9876/_karma_webpack_/webpack:/src/app/services/chat.spec.ts:56:18)
    at Array.forEach (<anonymous>)
    at UserContext.apply (http://localhost:9876/_karma_webpack_/webpack:/src/app/services/chat.spec.ts:38:19)
    at _ZoneDelegate.invoke (http://localhost:9876/_karma_webpack_/webpack:/node_modules/zone.js/fesm2015/zone.js:398:28)
    at ProxyZoneSpec.onInvoke (http://localhost:9876/_karma_webpack_/webpack:/node_modules/zone.js/fesm2015/zone-testing.js:2132:39)
    at _ZoneDelegate.invoke (http://localhost:9876/_karma_webpack_/webpack:/node_modules/zone.js/fesm2015/zone.js:397:34)
    at ZoneImpl.run (http://localhost:9876/_karma_webpack_/webpack:/node_modules/zone.js/fesm2015/zone.js:113:43)
    at runInTestZone (http://localhost:9876/_karma_webpack_/webpack:/node_modules/zone.js/fesm2015/zone-testing.js:216:38)
    at UserContext.<anonymous> (http://localhost:9876/_karma_webpack_/webpack:/node_modules/zone.js/fesm2015/zone-testing.js:234:32)
[1A[2KWARN: [36m'Failed to mock updateDoc:', TypeError: Cannot redefine property: updateDoc
TypeError: Cannot redefine property: updateDoc
    at Object.defineProperty (<anonymous>)
    at forEach (http://localhost:9876/_karma_webpack_/webpack:/src/app/services/chat.spec.ts:56:18)
    at Array.forEach (<anonymous>)
    at UserContext.apply (http://localhost:9876/_karma_webpack_/webpack:/src/app/services/chat.spec.ts:38:19)
    at _ZoneDelegate.invoke (http://localhost:9876/_karma_webpack_/webpack:/node_modules/zone.js/fesm2015/zone.js:398:28)
    at ProxyZoneSpec.onInvoke (http://localhost:9876/_karma_webpack_/webpack:/node_modules/zone.js/fesm2015/zone-testing.js:2132:39)
    at _ZoneDelegate.invoke (http://localhost:9876/_karma_webpack_/webpack:/node_modules/zone.js/fesm2015/zone.js:397:34)
    at ZoneImpl.run (http://localhost:9876/_karma_webpack_/webpack:/node_modules/zone.js/fesm2015/zone.js:113:43)
    at runInTestZone (http://localhost:9876/_karma_webpack_/webpack:/node_modules/zone.js/fesm2015/zone-testing.js:216:38)
    at UserContext.<anonymous> (http://localhost:9876/_karma_webpack_/webpack:/node_modules/zone.js/fesm2015/zone-testing.js:234:32)[39m
Chrome Headless 143.0.0.0 (Windows 10): Executed 2 of 6[31m (1 FAILED)[39m (0 secs / 0.053 secs)
WARN: 'Failed to mock updateDoc:', TypeError: Cannot redefine property: updateDoc
TypeError: Cannot redefine property: updateDoc
    at Object.defineProperty (<anonymous>)
    at forEach (http://localhost:9876/_karma_webpack_/webpack:/src/app/services/chat.spec.ts:56:18)
    at Array.forEach (<anonymous>)
    at UserContext.apply (http://localhost:9876/_karma_webpack_/webpack:/src/app/services/chat.spec.ts:38:19)
    at _ZoneDelegate.invoke (http://localhost:9876/_karma_webpack_/webpack:/node_modules/zone.js/fesm2015/zone.js:398:28)
    at ProxyZoneSpec.onInvoke (http://localhost:9876/_karma_webpack_/webpack:/node_modules/zone.js/fesm2015/zone-testing.js:2132:39)
    at _ZoneDelegate.invoke (http://localhost:9876/_karma_webpack_/webpack:/node_modules/zone.js/fesm2015/zone.js:397:34)
    at ZoneImpl.run (http://localhost:9876/_karma_webpack_/webpack:/node_modules/zone.js/fesm2015/zone.js:113:43)
    at runInTestZone (http://localhost:9876/_karma_webpack_/webpack:/node_modules/zone.js/fesm2015/zone-testing.js:216:38)
    at UserContext.<anonymous> (http://localhost:9876/_karma_webpack_/webpack:/node_modules/zone.js/fesm2015/zone-testing.js:234:32)
[1A[2KWARN: [36m'Failed to mock deleteDoc:', TypeError: Cannot redefine property: deleteDoc
TypeError: Cannot redefine property: deleteDoc
    at Object.defineProperty (<anonymous>)
    at forEach (http://localhost:9876/_karma_webpack_/webpack:/src/app/services/chat.spec.ts:56:18)
    at Array.forEach (<anonymous>)
    at UserContext.apply (http://localhost:9876/_karma_webpack_/webpack:/src/app/services/chat.spec.ts:38:19)
    at _ZoneDelegate.invoke (http://localhost:9876/_karma_webpack_/webpack:/node_modules/zone.js/fesm2015/zone.js:398:28)
    at ProxyZoneSpec.onInvoke (http://localhost:9876/_karma_webpack_/webpack:/node_modules/zone.js/fesm2015/zone-testing.js:2132:39)
    at _ZoneDelegate.invoke (http://localhost:9876/_karma_webpack_/webpack:/node_modules/zone.js/fesm2015/zone.js:397:34)
    at ZoneImpl.run (http://localhost:9876/_karma_webpack_/webpack:/node_modules/zone.js/fesm2015/zone.js:113:43)
    at runInTestZone (http://localhost:9876/_karma_webpack_/webpack:/node_modules/zone.js/fesm2015/zone-testing.js:216:38)
    at UserContext.<anonymous> (http://localhost:9876/_karma_webpack_/webpack:/node_modules/zone.js/fesm2015/zone-testing.js:234:32)[39m
Chrome Headless 143.0.0.0 (Windows 10): Executed 2 of 6[31m (1 FAILED)[39m (0 secs / 0.053 secs)
WARN: 'Failed to mock deleteDoc:', TypeError: Cannot redefine property: deleteDoc
TypeError: Cannot redefine property: deleteDoc
    at Object.defineProperty (<anonymous>)
    at forEach (http://localhost:9876/_karma_webpack_/webpack:/src/app/services/chat.spec.ts:56:18)
    at Array.forEach (<anonymous>)
    at UserContext.apply (http://localhost:9876/_karma_webpack_/webpack:/src/app/services/chat.spec.ts:38:19)
    at _ZoneDelegate.invoke (http://localhost:9876/_karma_webpack_/webpack:/node_modules/zone.js/fesm2015/zone.js:398:28)
    at ProxyZoneSpec.onInvoke (http://localhost:9876/_karma_webpack_/webpack:/node_modules/zone.js/fesm2015/zone-testing.js:2132:39)
    at _ZoneDelegate.invoke (http://localhost:9876/_karma_webpack_/webpack:/node_modules/zone.js/fesm2015/zone.js:397:34)
    at ZoneImpl.run (http://localhost:9876/_karma_webpack_/webpack:/node_modules/zone.js/fesm2015/zone.js:113:43)
    at runInTestZone (http://localhost:9876/_karma_webpack_/webpack:/node_modules/zone.js/fesm2015/zone-testing.js:216:38)
    at UserContext.<anonymous> (http://localhost:9876/_karma_webpack_/webpack:/node_modules/zone.js/fesm2015/zone-testing.js:234:32)
[1A[2KWARN: [36m'Failed to mock addDoc:', TypeError: Cannot redefine property: addDoc
TypeError: Cannot redefine property: addDoc
    at Object.defineProperty (<anonymous>)
    at forEach (http://localhost:9876/_karma_webpack_/webpack:/src/app/services/chat.spec.ts:56:18)
    at Array.forEach (<anonymous>)
    at UserContext.apply (http://localhost:9876/_karma_webpack_/webpack:/src/app/services/chat.spec.ts:38:19)
    at _ZoneDelegate.invoke (http://localhost:9876/_karma_webpack_/webpack:/node_modules/zone.js/fesm2015/zone.js:398:28)
    at ProxyZoneSpec.onInvoke (http://localhost:9876/_karma_webpack_/webpack:/node_modules/zone.js/fesm2015/zone-testing.js:2132:39)
    at _ZoneDelegate.invoke (http://localhost:9876/_karma_webpack_/webpack:/node_modules/zone.js/fesm2015/zone.js:397:34)
    at ZoneImpl.run (http://localhost:9876/_karma_webpack_/webpack:/node_modules/zone.js/fesm2015/zone.js:113:43)
    at runInTestZone (http://localhost:9876/_karma_webpack_/webpack:/node_modules/zone.js/fesm2015/zone-testing.js:216:38)
    at UserContext.<anonymous> (http://localhost:9876/_karma_webpack_/webpack:/node_modules/zone.js/fesm2015/zone-testing.js:234:32)[39m
Chrome Headless 143.0.0.0 (Windows 10): Executed 2 of 6[31m (1 FAILED)[39m (0 secs / 0.053 secs)
WARN: 'Failed to mock addDoc:', TypeError: Cannot redefine property: addDoc
TypeError: Cannot redefine property: addDoc
    at Object.defineProperty (<anonymous>)
    at forEach (http://localhost:9876/_karma_webpack_/webpack:/src/app/services/chat.spec.ts:56:18)
    at Array.forEach (<anonymous>)
    at UserContext.apply (http://localhost:9876/_karma_webpack_/webpack:/src/app/services/chat.spec.ts:38:19)
    at _ZoneDelegate.invoke (http://localhost:9876/_karma_webpack_/webpack:/node_modules/zone.js/fesm2015/zone.js:398:28)
    at ProxyZoneSpec.onInvoke (http://localhost:9876/_karma_webpack_/webpack:/node_modules/zone.js/fesm2015/zone-testing.js:2132:39)
    at _ZoneDelegate.invoke (http://localhost:9876/_karma_webpack_/webpack:/node_modules/zone.js/fesm2015/zone.js:397:34)
    at ZoneImpl.run (http://localhost:9876/_karma_webpack_/webpack:/node_modules/zone.js/fesm2015/zone.js:113:43)
    at runInTestZone (http://localhost:9876/_karma_webpack_/webpack:/node_modules/zone.js/fesm2015/zone-testing.js:216:38)
    at UserContext.<anonymous> (http://localhost:9876/_karma_webpack_/webpack:/node_modules/zone.js/fesm2015/zone-testing.js:234:32)
[1A[2KWARN: [36m'Failed to mock where:', TypeError: Cannot redefine property: where
TypeError: Cannot redefine property: where
    at Object.defineProperty (<anonymous>)
    at forEach (http://localhost:9876/_karma_webpack_/webpack:/src/app/services/chat.spec.ts:56:18)
    at Array.forEach (<anonymous>)
    at UserContext.apply (http://localhost:9876/_karma_webpack_/webpack:/src/app/services/chat.spec.ts:38:19)
    at _ZoneDelegate.invoke (http://localhost:9876/_karma_webpack_/webpack:/node_modules/zone.js/fesm2015/zone.js:398:28)
    at ProxyZoneSpec.onInvoke (http://localhost:9876/_karma_webpack_/webpack:/node_modules/zone.js/fesm2015/zone-testing.js:2132:39)
    at _ZoneDelegate.invoke (http://localhost:9876/_karma_webpack_/webpack:/node_modules/zone.js/fesm2015/zone.js:397:34)
    at ZoneImpl.run (http://localhost:9876/_karma_webpack_/webpack:/node_modules/zone.js/fesm2015/zone.js:113:43)
    at runInTestZone (http://localhost:9876/_karma_webpack_/webpack:/node_modules/zone.js/fesm2015/zone-testing.js:216:38)
    at UserContext.<anonymous> (http://localhost:9876/_karma_webpack_/webpack:/node_modules/zone.js/fesm2015/zone-testing.js:234:32)[39m
Chrome Headless 143.0.0.0 (Windows 10): Executed 2 of 6[31m (1 FAILED)[39m (0 secs / 0.053 secs)
WARN: 'Failed to mock where:', TypeError: Cannot redefine property: where
TypeError: Cannot redefine property: where
    at Object.defineProperty (<anonymous>)
    at forEach (http://localhost:9876/_karma_webpack_/webpack:/src/app/services/chat.spec.ts:56:18)
    at Array.forEach (<anonymous>)
    at UserContext.apply (http://localhost:9876/_karma_webpack_/webpack:/src/app/services/chat.spec.ts:38:19)
    at _ZoneDelegate.invoke (http://localhost:9876/_karma_webpack_/webpack:/node_modules/zone.js/fesm2015/zone.js:398:28)
    at ProxyZoneSpec.onInvoke (http://localhost:9876/_karma_webpack_/webpack:/node_modules/zone.js/fesm2015/zone-testing.js:2132:39)
    at _ZoneDelegate.invoke (http://localhost:9876/_karma_webpack_/webpack:/node_modules/zone.js/fesm2015/zone.js:397:34)
    at ZoneImpl.run (http://localhost:9876/_karma_webpack_/webpack:/node_modules/zone.js/fesm2015/zone.js:113:43)
    at runInTestZone (http://localhost:9876/_karma_webpack_/webpack:/node_modules/zone.js/fesm2015/zone-testing.js:216:38)
    at UserContext.<anonymous> (http://localhost:9876/_karma_webpack_/webpack:/node_modules/zone.js/fesm2015/zone-testing.js:234:32)
[1A[2KWARN: [36m'Failed to mock getDocs:', TypeError: Cannot redefine property: getDocs
TypeError: Cannot redefine property: getDocs
    at Object.defineProperty (<anonymous>)
    at forEach (http://localhost:9876/_karma_webpack_/webpack:/src/app/services/chat.spec.ts:56:18)
    at Array.forEach (<anonymous>)
    at UserContext.apply (http://localhost:9876/_karma_webpack_/webpack:/src/app/services/chat.spec.ts:38:19)
    at _ZoneDelegate.invoke (http://localhost:9876/_karma_webpack_/webpack:/node_modules/zone.js/fesm2015/zone.js:398:28)
    at ProxyZoneSpec.onInvoke (http://localhost:9876/_karma_webpack_/webpack:/node_modules/zone.js/fesm2015/zone-testing.js:2132:39)
    at _ZoneDelegate.invoke (http://localhost:9876/_karma_webpack_/webpack:/node_modules/zone.js/fesm2015/zone.js:397:34)
    at ZoneImpl.run (http://localhost:9876/_karma_webpack_/webpack:/node_modules/zone.js/fesm2015/zone.js:113:43)
    at runInTestZone (http://localhost:9876/_karma_webpack_/webpack:/node_modules/zone.js/fesm2015/zone-testing.js:216:38)
    at UserContext.<anonymous> (http://localhost:9876/_karma_webpack_/webpack:/node_modules/zone.js/fesm2015/zone-testing.js:234:32)[39m
Chrome Headless 143.0.0.0 (Windows 10): Executed 2 of 6[31m (1 FAILED)[39m (0 secs / 0.053 secs)
WARN: 'Failed to mock getDocs:', TypeError: Cannot redefine property: getDocs
TypeError: Cannot redefine property: getDocs
    at Object.defineProperty (<anonymous>)
    at forEach (http://localhost:9876/_karma_webpack_/webpack:/src/app/services/chat.spec.ts:56:18)
    at Array.forEach (<anonymous>)
    at UserContext.apply (http://localhost:9876/_karma_webpack_/webpack:/src/app/services/chat.spec.ts:38:19)
    at _ZoneDelegate.invoke (http://localhost:9876/_karma_webpack_/webpack:/node_modules/zone.js/fesm2015/zone.js:398:28)
    at ProxyZoneSpec.onInvoke (http://localhost:9876/_karma_webpack_/webpack:/node_modules/zone.js/fesm2015/zone-testing.js:2132:39)
    at _ZoneDelegate.invoke (http://localhost:9876/_karma_webpack_/webpack:/node_modules/zone.js/fesm2015/zone.js:397:34)
    at ZoneImpl.run (http://localhost:9876/_karma_webpack_/webpack:/node_modules/zone.js/fesm2015/zone.js:113:43)
    at runInTestZone (http://localhost:9876/_karma_webpack_/webpack:/node_modules/zone.js/fesm2015/zone-testing.js:216:38)
    at UserContext.<anonymous> (http://localhost:9876/_karma_webpack_/webpack:/node_modules/zone.js/fesm2015/zone-testing.js:234:32)
[1A[2KWARN: [36m'Failed to mock getDoc:', TypeError: Cannot redefine property: getDoc
TypeError: Cannot redefine property: getDoc
    at Object.defineProperty (<anonymous>)
    at forEach (http://localhost:9876/_karma_webpack_/webpack:/src/app/services/chat.spec.ts:56:18)
    at Array.forEach (<anonymous>)
    at UserContext.apply (http://localhost:9876/_karma_webpack_/webpack:/src/app/services/chat.spec.ts:38:19)
    at _ZoneDelegate.invoke (http://localhost:9876/_karma_webpack_/webpack:/node_modules/zone.js/fesm2015/zone.js:398:28)
    at ProxyZoneSpec.onInvoke (http://localhost:9876/_karma_webpack_/webpack:/node_modules/zone.js/fesm2015/zone-testing.js:2132:39)
    at _ZoneDelegate.invoke (http://localhost:9876/_karma_webpack_/webpack:/node_modules/zone.js/fesm2015/zone.js:397:34)
    at ZoneImpl.run (http://localhost:9876/_karma_webpack_/webpack:/node_modules/zone.js/fesm2015/zone.js:113:43)
    at runInTestZone (http://localhost:9876/_karma_webpack_/webpack:/node_modules/zone.js/fesm2015/zone-testing.js:216:38)
    at UserContext.<anonymous> (http://localhost:9876/_karma_webpack_/webpack:/node_modules/zone.js/fesm2015/zone-testing.js:234:32)[39m
Chrome Headless 143.0.0.0 (Windows 10): Executed 2 of 6[31m (1 FAILED)[39m (0 secs / 0.053 secs)
WARN: 'Failed to mock getDoc:', TypeError: Cannot redefine property: getDoc
TypeError: Cannot redefine property: getDoc
    at Object.defineProperty (<anonymous>)
    at forEach (http://localhost:9876/_karma_webpack_/webpack:/src/app/services/chat.spec.ts:56:18)
    at Array.forEach (<anonymous>)
    at UserContext.apply (http://localhost:9876/_karma_webpack_/webpack:/src/app/services/chat.spec.ts:38:19)
    at _ZoneDelegate.invoke (http://localhost:9876/_karma_webpack_/webpack:/node_modules/zone.js/fesm2015/zone.js:398:28)
    at ProxyZoneSpec.onInvoke (http://localhost:9876/_karma_webpack_/webpack:/node_modules/zone.js/fesm2015/zone-testing.js:2132:39)
    at _ZoneDelegate.invoke (http://localhost:9876/_karma_webpack_/webpack:/node_modules/zone.js/fesm2015/zone.js:397:34)
    at ZoneImpl.run (http://localhost:9876/_karma_webpack_/webpack:/node_modules/zone.js/fesm2015/zone.js:113:43)
    at runInTestZone (http://localhost:9876/_karma_webpack_/webpack:/node_modules/zone.js/fesm2015/zone-testing.js:216:38)
    at UserContext.<anonymous> (http://localhost:9876/_karma_webpack_/webpack:/node_modules/zone.js/fesm2015/zone-testing.js:234:32)
[1A[2KWARN: [36m'Failed to mock increment:', TypeError: Cannot redefine property: increment
TypeError: Cannot redefine property: increment
    at Object.defineProperty (<anonymous>)
    at forEach (http://localhost:9876/_karma_webpack_/webpack:/src/app/services/chat.spec.ts:56:18)
    at Array.forEach (<anonymous>)
    at UserContext.apply (http://localhost:9876/_karma_webpack_/webpack:/src/app/services/chat.spec.ts:38:19)
    at _ZoneDelegate.invoke (http://localhost:9876/_karma_webpack_/webpack:/node_modules/zone.js/fesm2015/zone.js:398:28)
    at ProxyZoneSpec.onInvoke (http://localhost:9876/_karma_webpack_/webpack:/node_modules/zone.js/fesm2015/zone-testing.js:2132:39)
    at _ZoneDelegate.invoke (http://localhost:9876/_karma_webpack_/webpack:/node_modules/zone.js/fesm2015/zone.js:397:34)
    at ZoneImpl.run (http://localhost:9876/_karma_webpack_/webpack:/node_modules/zone.js/fesm2015/zone.js:113:43)
    at runInTestZone (http://localhost:9876/_karma_webpack_/webpack:/node_modules/zone.js/fesm2015/zone-testing.js:216:38)
    at UserContext.<anonymous> (http://localhost:9876/_karma_webpack_/webpack:/node_modules/zone.js/fesm2015/zone-testing.js:234:32)[39m
Chrome Headless 143.0.0.0 (Windows 10): Executed 2 of 6[31m (1 FAILED)[39m (0 secs / 0.053 secs)
WARN: 'Failed to mock increment:', TypeError: Cannot redefine property: increment
TypeError: Cannot redefine property: increment
    at Object.defineProperty (<anonymous>)
    at forEach (http://localhost:9876/_karma_webpack_/webpack:/src/app/services/chat.spec.ts:56:18)
    at Array.forEach (<anonymous>)
    at UserContext.apply (http://localhost:9876/_karma_webpack_/webpack:/src/app/services/chat.spec.ts:38:19)
    at _ZoneDelegate.invoke (http://localhost:9876/_karma_webpack_/webpack:/node_modules/zone.js/fesm2015/zone.js:398:28)
    at ProxyZoneSpec.onInvoke (http://localhost:9876/_karma_webpack_/webpack:/node_modules/zone.js/fesm2015/zone-testing.js:2132:39)
    at _ZoneDelegate.invoke (http://localhost:9876/_karma_webpack_/webpack:/node_modules/zone.js/fesm2015/zone.js:397:34)
    at ZoneImpl.run (http://localhost:9876/_karma_webpack_/webpack:/node_modules/zone.js/fesm2015/zone.js:113:43)
    at runInTestZone (http://localhost:9876/_karma_webpack_/webpack:/node_modules/zone.js/fesm2015/zone-testing.js:216:38)
    at UserContext.<anonymous> (http://localhost:9876/_karma_webpack_/webpack:/node_modules/zone.js/fesm2015/zone-testing.js:234:32)
[1A[2K[31mChrome Headless 143.0.0.0 (Windows 10) ChatService should toggle star message FAILED[39m
	FirebaseError: No document to update: projects/chat-26c25/databases/(default)/documents/chats/c1/messages/m1
	error properties: FirebaseError: [code=not-found]: No document to update: projects/chat-26c25/databases/(default)/documents/chats/c1/messages/m1
Chrome Headless 143.0.0.0 (Windows 10): Executed 3 of 6[31m (2 FAILED)[39m (0 secs / 0.69 secs)
[1A[2KWARN: [36m'Failed to mock getFirestore:', TypeError: Cannot redefine property: getFirestore
TypeError: Cannot redefine property: getFirestore
    at Object.defineProperty (<anonymous>)
    at forEach (http://localhost:9876/_karma_webpack_/webpack:/src/app/services/chat.spec.ts:56:18)
    at Array.forEach (<anonymous>)
    at UserContext.apply (http://localhost:9876/_karma_webpack_/webpack:/src/app/services/chat.spec.ts:38:19)
    at _ZoneDelegate.invoke (http://localhost:9876/_karma_webpack_/webpack:/node_modules/zone.js/fesm2015/zone.js:398:28)
    at ProxyZoneSpec.onInvoke (http://localhost:9876/_karma_webpack_/webpack:/node_modules/zone.js/fesm2015/zone-testing.js:2132:39)
    at _ZoneDelegate.invoke (http://localhost:9876/_karma_webpack_/webpack:/node_modules/zone.js/fesm2015/zone.js:397:34)
    at ZoneImpl.run (http://localhost:9876/_karma_webpack_/webpack:/node_modules/zone.js/fesm2015/zone.js:113:43)
    at runInTestZone (http://localhost:9876/_karma_webpack_/webpack:/node_modules/zone.js/fesm2015/zone-testing.js:216:38)
    at UserContext.<anonymous> (http://localhost:9876/_karma_webpack_/webpack:/node_modules/zone.js/fesm2015/zone-testing.js:234:32)[39m
Chrome Headless 143.0.0.0 (Windows 10): Executed 3 of 6[31m (2 FAILED)[39m (0 secs / 0.69 secs)
WARN: 'Failed to mock getFirestore:', TypeError: Cannot redefine property: getFirestore
TypeError: Cannot redefine property: getFirestore
    at Object.defineProperty (<anonymous>)
    at forEach (http://localhost:9876/_karma_webpack_/webpack:/src/app/services/chat.spec.ts:56:18)
    at Array.forEach (<anonymous>)
    at UserContext.apply (http://localhost:9876/_karma_webpack_/webpack:/src/app/services/chat.spec.ts:38:19)
    at _ZoneDelegate.invoke (http://localhost:9876/_karma_webpack_/webpack:/node_modules/zone.js/fesm2015/zone.js:398:28)
    at ProxyZoneSpec.onInvoke (http://localhost:9876/_karma_webpack_/webpack:/node_modules/zone.js/fesm2015/zone-testing.js:2132:39)
    at _ZoneDelegate.invoke (http://localhost:9876/_karma_webpack_/webpack:/node_modules/zone.js/fesm2015/zone.js:397:34)
    at ZoneImpl.run (http://localhost:9876/_karma_webpack_/webpack:/node_modules/zone.js/fesm2015/zone.js:113:43)
    at runInTestZone (http://localhost:9876/_karma_webpack_/webpack:/node_modules/zone.js/fesm2015/zone-testing.js:216:38)
    at UserContext.<anonymous> (http://localhost:9876/_karma_webpack_/webpack:/node_modules/zone.js/fesm2015/zone-testing.js:234:32)
[1A[2KWARN: [36m'Failed to mock collection:', TypeError: Cannot redefine property: collection
TypeError: Cannot redefine property: collection
    at Object.defineProperty (<anonymous>)
    at forEach (http://localhost:9876/_karma_webpack_/webpack:/src/app/services/chat.spec.ts:56:18)
    at Array.forEach (<anonymous>)
    at UserContext.apply (http://localhost:9876/_karma_webpack_/webpack:/src/app/services/chat.spec.ts:38:19)
    at _ZoneDelegate.invoke (http://localhost:9876/_karma_webpack_/webpack:/node_modules/zone.js/fesm2015/zone.js:398:28)
    at ProxyZoneSpec.onInvoke (http://localhost:9876/_karma_webpack_/webpack:/node_modules/zone.js/fesm2015/zone-testing.js:2132:39)
    at _ZoneDelegate.invoke (http://localhost:9876/_karma_webpack_/webpack:/node_modules/zone.js/fesm2015/zone.js:397:34)
    at ZoneImpl.run (http://localhost:9876/_karma_webpack_/webpack:/node_modules/zone.js/fesm2015/zone.js:113:43)
    at runInTestZone (http://localhost:9876/_karma_webpack_/webpack:/node_modules/zone.js/fesm2015/zone-testing.js:216:38)
    at UserContext.<anonymous> (http://localhost:9876/_karma_webpack_/webpack:/node_modules/zone.js/fesm2015/zone-testing.js:234:32)[39m
Chrome Headless 143.0.0.0 (Windows 10): Executed 3 of 6[31m (2 FAILED)[39m (0 secs / 0.69 secs)
WARN: 'Failed to mock collection:', TypeError: Cannot redefine property: collection
TypeError: Cannot redefine property: collection
    at Object.defineProperty (<anonymous>)
    at forEach (http://localhost:9876/_karma_webpack_/webpack:/src/app/services/chat.spec.ts:56:18)
    at Array.forEach (<anonymous>)
    at UserContext.apply (http://localhost:9876/_karma_webpack_/webpack:/src/app/services/chat.spec.ts:38:19)
    at _ZoneDelegate.invoke (http://localhost:9876/_karma_webpack_/webpack:/node_modules/zone.js/fesm2015/zone.js:398:28)
    at ProxyZoneSpec.onInvoke (http://localhost:9876/_karma_webpack_/webpack:/node_modules/zone.js/fesm2015/zone-testing.js:2132:39)
    at _ZoneDelegate.invoke (http://localhost:9876/_karma_webpack_/webpack:/node_modules/zone.js/fesm2015/zone.js:397:34)
    at ZoneImpl.run (http://localhost:9876/_karma_webpack_/webpack:/node_modules/zone.js/fesm2015/zone.js:113:43)
    at runInTestZone (http://localhost:9876/_karma_webpack_/webpack:/node_modules/zone.js/fesm2015/zone-testing.js:216:38)
    at UserContext.<anonymous> (http://localhost:9876/_karma_webpack_/webpack:/node_modules/zone.js/fesm2015/zone-testing.js:234:32)
[1A[2KWARN: [36m'Failed to mock doc:', TypeError: Cannot redefine property: doc
TypeError: Cannot redefine property: doc
    at Object.defineProperty (<anonymous>)
    at forEach (http://localhost:9876/_karma_webpack_/webpack:/src/app/services/chat.spec.ts:56:18)
    at Array.forEach (<anonymous>)
    at UserContext.apply (http://localhost:9876/_karma_webpack_/webpack:/src/app/services/chat.spec.ts:38:19)
    at _ZoneDelegate.invoke (http://localhost:9876/_karma_webpack_/webpack:/node_modules/zone.js/fesm2015/zone.js:398:28)
    at ProxyZoneSpec.onInvoke (http://localhost:9876/_karma_webpack_/webpack:/node_modules/zone.js/fesm2015/zone-testing.js:2132:39)
    at _ZoneDelegate.invoke (http://localhost:9876/_karma_webpack_/webpack:/node_modules/zone.js/fesm2015/zone.js:397:34)
    at ZoneImpl.run (http://localhost:9876/_karma_webpack_/webpack:/node_modules/zone.js/fesm2015/zone.js:113:43)
    at runInTestZone (http://localhost:9876/_karma_webpack_/webpack:/node_modules/zone.js/fesm2015/zone-testing.js:216:38)
    at UserContext.<anonymous> (http://localhost:9876/_karma_webpack_/webpack:/node_modules/zone.js/fesm2015/zone-testing.js:234:32)[39m
Chrome Headless 143.0.0.0 (Windows 10): Executed 3 of 6[31m (2 FAILED)[39m (0 secs / 0.69 secs)
WARN: 'Failed to mock doc:', TypeError: Cannot redefine property: doc
TypeError: Cannot redefine property: doc
    at Object.defineProperty (<anonymous>)
    at forEach (http://localhost:9876/_karma_webpack_/webpack:/src/app/services/chat.spec.ts:56:18)
    at Array.forEach (<anonymous>)
    at UserContext.apply (http://localhost:9876/_karma_webpack_/webpack:/src/app/services/chat.spec.ts:38:19)
    at _ZoneDelegate.invoke (http://localhost:9876/_karma_webpack_/webpack:/node_modules/zone.js/fesm2015/zone.js:398:28)
    at ProxyZoneSpec.onInvoke (http://localhost:9876/_karma_webpack_/webpack:/node_modules/zone.js/fesm2015/zone-testing.js:2132:39)
    at _ZoneDelegate.invoke (http://localhost:9876/_karma_webpack_/webpack:/node_modules/zone.js/fesm2015/zone.js:397:34)
    at ZoneImpl.run (http://localhost:9876/_karma_webpack_/webpack:/node_modules/zone.js/fesm2015/zone.js:113:43)
    at runInTestZone (http://localhost:9876/_karma_webpack_/webpack:/node_modules/zone.js/fesm2015/zone-testing.js:216:38)
    at UserContext.<anonymous> (http://localhost:9876/_karma_webpack_/webpack:/node_modules/zone.js/fesm2015/zone-testing.js:234:32)
[1A[2KWARN: [36m'Failed to mock query:', TypeError: Cannot redefine property: query
TypeError: Cannot redefine property: query
    at Object.defineProperty (<anonymous>)
    at forEach (http://localhost:9876/_karma_webpack_/webpack:/src/app/services/chat.spec.ts:56:18)
    at Array.forEach (<anonymous>)
    at UserContext.apply (http://localhost:9876/_karma_webpack_/webpack:/src/app/services/chat.spec.ts:38:19)
    at _ZoneDelegate.invoke (http://localhost:9876/_karma_webpack_/webpack:/node_modules/zone.js/fesm2015/zone.js:398:28)
    at ProxyZoneSpec.onInvoke (http://localhost:9876/_karma_webpack_/webpack:/node_modules/zone.js/fesm2015/zone-testing.js:2132:39)
    at _ZoneDelegate.invoke (http://localhost:9876/_karma_webpack_/webpack:/node_modules/zone.js/fesm2015/zone.js:397:34)
    at ZoneImpl.run (http://localhost:9876/_karma_webpack_/webpack:/node_modules/zone.js/fesm2015/zone.js:113:43)
    at runInTestZone (http://localhost:9876/_karma_webpack_/webpack:/node_modules/zone.js/fesm2015/zone-testing.js:216:38)
    at UserContext.<anonymous> (http://localhost:9876/_karma_webpack_/webpack:/node_modules/zone.js/fesm2015/zone-testing.js:234:32)[39m
Chrome Headless 143.0.0.0 (Windows 10): Executed 3 of 6[31m (2 FAILED)[39m (0 secs / 0.69 secs)
WARN: 'Failed to mock query:', TypeError: Cannot redefine property: query
TypeError: Cannot redefine property: query
    at Object.defineProperty (<anonymous>)
    at forEach (http://localhost:9876/_karma_webpack_/webpack:/src/app/services/chat.spec.ts:56:18)
    at Array.forEach (<anonymous>)
    at UserContext.apply (http://localhost:9876/_karma_webpack_/webpack:/src/app/services/chat.spec.ts:38:19)
    at _ZoneDelegate.invoke (http://localhost:9876/_karma_webpack_/webpack:/node_modules/zone.js/fesm2015/zone.js:398:28)
    at ProxyZoneSpec.onInvoke (http://localhost:9876/_karma_webpack_/webpack:/node_modules/zone.js/fesm2015/zone-testing.js:2132:39)
    at _ZoneDelegate.invoke (http://localhost:9876/_karma_webpack_/webpack:/node_modules/zone.js/fesm2015/zone.js:397:34)
    at ZoneImpl.run (http://localhost:9876/_karma_webpack_/webpack:/node_modules/zone.js/fesm2015/zone.js:113:43)
    at runInTestZone (http://localhost:9876/_karma_webpack_/webpack:/node_modules/zone.js/fesm2015/zone-testing.js:216:38)
    at UserContext.<anonymous> (http://localhost:9876/_karma_webpack_/webpack:/node_modules/zone.js/fesm2015/zone-testing.js:234:32)
[1A[2KWARN: [36m'Failed to mock onSnapshot:', TypeError: Cannot redefine property: onSnapshot
TypeError: Cannot redefine property: onSnapshot
    at Object.defineProperty (<anonymous>)
    at forEach (http://localhost:9876/_karma_webpack_/webpack:/src/app/services/chat.spec.ts:56:18)
    at Array.forEach (<anonymous>)
    at UserContext.apply (http://localhost:9876/_karma_webpack_/webpack:/src/app/services/chat.spec.ts:38:19)
    at _ZoneDelegate.invoke (http://localhost:9876/_karma_webpack_/webpack:/node_modules/zone.js/fesm2015/zone.js:398:28)
    at ProxyZoneSpec.onInvoke (http://localhost:9876/_karma_webpack_/webpack:/node_modules/zone.js/fesm2015/zone-testing.js:2132:39)
    at _ZoneDelegate.invoke (http://localhost:9876/_karma_webpack_/webpack:/node_modules/zone.js/fesm2015/zone.js:397:34)
    at ZoneImpl.run (http://localhost:9876/_karma_webpack_/webpack:/node_modules/zone.js/fesm2015/zone.js:113:43)
    at runInTestZone (http://localhost:9876/_karma_webpack_/webpack:/node_modules/zone.js/fesm2015/zone-testing.js:216:38)
    at UserContext.<anonymous> (http://localhost:9876/_karma_webpack_/webpack:/node_modules/zone.js/fesm2015/zone-testing.js:234:32)[39m
Chrome Headless 143.0.0.0 (Windows 10): Executed 3 of 6[31m (2 FAILED)[39m (0 secs / 0.69 secs)
WARN: 'Failed to mock onSnapshot:', TypeError: Cannot redefine property: onSnapshot
TypeError: Cannot redefine property: onSnapshot
    at Object.defineProperty (<anonymous>)
    at forEach (http://localhost:9876/_karma_webpack_/webpack:/src/app/services/chat.spec.ts:56:18)
    at Array.forEach (<anonymous>)
    at UserContext.apply (http://localhost:9876/_karma_webpack_/webpack:/src/app/services/chat.spec.ts:38:19)
    at _ZoneDelegate.invoke (http://localhost:9876/_karma_webpack_/webpack:/node_modules/zone.js/fesm2015/zone.js:398:28)
    at ProxyZoneSpec.onInvoke (http://localhost:9876/_karma_webpack_/webpack:/node_modules/zone.js/fesm2015/zone-testing.js:2132:39)
    at _ZoneDelegate.invoke (http://localhost:9876/_karma_webpack_/webpack:/node_modules/zone.js/fesm2015/zone.js:397:34)
    at ZoneImpl.run (http://localhost:9876/_karma_webpack_/webpack:/node_modules/zone.js/fesm2015/zone.js:113:43)
    at runInTestZone (http://localhost:9876/_karma_webpack_/webpack:/node_modules/zone.js/fesm2015/zone-testing.js:216:38)
    at UserContext.<anonymous> (http://localhost:9876/_karma_webpack_/webpack:/node_modules/zone.js/fesm2015/zone-testing.js:234:32)
[1A[2KWARN: [36m'Failed to mock setDoc:', TypeError: Cannot redefine property: setDoc
TypeError: Cannot redefine property: setDoc
    at Object.defineProperty (<anonymous>)
    at forEach (http://localhost:9876/_karma_webpack_/webpack:/src/app/services/chat.spec.ts:56:18)
    at Array.forEach (<anonymous>)
    at UserContext.apply (http://localhost:9876/_karma_webpack_/webpack:/src/app/services/chat.spec.ts:38:19)
    at _ZoneDelegate.invoke (http://localhost:9876/_karma_webpack_/webpack:/node_modules/zone.js/fesm2015/zone.js:398:28)
    at ProxyZoneSpec.onInvoke (http://localhost:9876/_karma_webpack_/webpack:/node_modules/zone.js/fesm2015/zone-testing.js:2132:39)
    at _ZoneDelegate.invoke (http://localhost:9876/_karma_webpack_/webpack:/node_modules/zone.js/fesm2015/zone.js:397:34)
    at ZoneImpl.run (http://localhost:9876/_karma_webpack_/webpack:/node_modules/zone.js/fesm2015/zone.js:113:43)
    at runInTestZone (http://localhost:9876/_karma_webpack_/webpack:/node_modules/zone.js/fesm2015/zone-testing.js:216:38)
    at UserContext.<anonymous> (http://localhost:9876/_karma_webpack_/webpack:/node_modules/zone.js/fesm2015/zone-testing.js:234:32)[39m
Chrome Headless 143.0.0.0 (Windows 10): Executed 3 of 6[31m (2 FAILED)[39m (0 secs / 0.69 secs)
WARN: 'Failed to mock setDoc:', TypeError: Cannot redefine property: setDoc
TypeError: Cannot redefine property: setDoc
    at Object.defineProperty (<anonymous>)
    at forEach (http://localhost:9876/_karma_webpack_/webpack:/src/app/services/chat.spec.ts:56:18)
    at Array.forEach (<anonymous>)
    at UserContext.apply (http://localhost:9876/_karma_webpack_/webpack:/src/app/services/chat.spec.ts:38:19)
    at _ZoneDelegate.invoke (http://localhost:9876/_karma_webpack_/webpack:/node_modules/zone.js/fesm2015/zone.js:398:28)
    at ProxyZoneSpec.onInvoke (http://localhost:9876/_karma_webpack_/webpack:/node_modules/zone.js/fesm2015/zone-testing.js:2132:39)
    at _ZoneDelegate.invoke (http://localhost:9876/_karma_webpack_/webpack:/node_modules/zone.js/fesm2015/zone.js:397:34)
    at ZoneImpl.run (http://localhost:9876/_karma_webpack_/webpack:/node_modules/zone.js/fesm2015/zone.js:113:43)
    at runInTestZone (http://localhost:9876/_karma_webpack_/webpack:/node_modules/zone.js/fesm2015/zone-testing.js:216:38)
    at UserContext.<anonymous> (http://localhost:9876/_karma_webpack_/webpack:/node_modules/zone.js/fesm2015/zone-testing.js:234:32)
[1A[2KWARN: [36m'Failed to mock updateDoc:', TypeError: Cannot redefine property: updateDoc
TypeError: Cannot redefine property: updateDoc
    at Object.defineProperty (<anonymous>)
    at forEach (http://localhost:9876/_karma_webpack_/webpack:/src/app/services/chat.spec.ts:56:18)
    at Array.forEach (<anonymous>)
    at UserContext.apply (http://localhost:9876/_karma_webpack_/webpack:/src/app/services/chat.spec.ts:38:19)
    at _ZoneDelegate.invoke (http://localhost:9876/_karma_webpack_/webpack:/node_modules/zone.js/fesm2015/zone.js:398:28)
    at ProxyZoneSpec.onInvoke (http://localhost:9876/_karma_webpack_/webpack:/node_modules/zone.js/fesm2015/zone-testing.js:2132:39)
    at _ZoneDelegate.invoke (http://localhost:9876/_karma_webpack_/webpack:/node_modules/zone.js/fesm2015/zone.js:397:34)
    at ZoneImpl.run (http://localhost:9876/_karma_webpack_/webpack:/node_modules/zone.js/fesm2015/zone.js:113:43)
    at runInTestZone (http://localhost:9876/_karma_webpack_/webpack:/node_modules/zone.js/fesm2015/zone-testing.js:216:38)
    at UserContext.<anonymous> (http://localhost:9876/_karma_webpack_/webpack:/node_modules/zone.js/fesm2015/zone-testing.js:234:32)[39m
Chrome Headless 143.0.0.0 (Windows 10): Executed 3 of 6[31m (2 FAILED)[39m (0 secs / 0.69 secs)
WARN: 'Failed to mock updateDoc:', TypeError: Cannot redefine property: updateDoc
TypeError: Cannot redefine property: updateDoc
    at Object.defineProperty (<anonymous>)
    at forEach (http://localhost:9876/_karma_webpack_/webpack:/src/app/services/chat.spec.ts:56:18)
    at Array.forEach (<anonymous>)
    at UserContext.apply (http://localhost:9876/_karma_webpack_/webpack:/src/app/services/chat.spec.ts:38:19)
    at _ZoneDelegate.invoke (http://localhost:9876/_karma_webpack_/webpack:/node_modules/zone.js/fesm2015/zone.js:398:28)
    at ProxyZoneSpec.onInvoke (http://localhost:9876/_karma_webpack_/webpack:/node_modules/zone.js/fesm2015/zone-testing.js:2132:39)
    at _ZoneDelegate.invoke (http://localhost:9876/_karma_webpack_/webpack:/node_modules/zone.js/fesm2015/zone.js:397:34)
    at ZoneImpl.run (http://localhost:9876/_karma_webpack_/webpack:/node_modules/zone.js/fesm2015/zone.js:113:43)
    at runInTestZone (http://localhost:9876/_karma_webpack_/webpack:/node_modules/zone.js/fesm2015/zone-testing.js:216:38)
    at UserContext.<anonymous> (http://localhost:9876/_karma_webpack_/webpack:/node_modules/zone.js/fesm2015/zone-testing.js:234:32)
[1A[2KWARN: [36m'Failed to mock deleteDoc:', TypeError: Cannot redefine property: deleteDoc
TypeError: Cannot redefine property: deleteDoc
    at Object.defineProperty (<anonymous>)
    at forEach (http://localhost:9876/_karma_webpack_/webpack:/src/app/services/chat.spec.ts:56:18)
    at Array.forEach (<anonymous>)
    at UserContext.apply (http://localhost:9876/_karma_webpack_/webpack:/src/app/services/chat.spec.ts:38:19)
    at _ZoneDelegate.invoke (http://localhost:9876/_karma_webpack_/webpack:/node_modules/zone.js/fesm2015/zone.js:398:28)
    at ProxyZoneSpec.onInvoke (http://localhost:9876/_karma_webpack_/webpack:/node_modules/zone.js/fesm2015/zone-testing.js:2132:39)
    at _ZoneDelegate.invoke (http://localhost:9876/_karma_webpack_/webpack:/node_modules/zone.js/fesm2015/zone.js:397:34)
    at ZoneImpl.run (http://localhost:9876/_karma_webpack_/webpack:/node_modules/zone.js/fesm2015/zone.js:113:43)
    at runInTestZone (http://localhost:9876/_karma_webpack_/webpack:/node_modules/zone.js/fesm2015/zone-testing.js:216:38)
    at UserContext.<anonymous> (http://localhost:9876/_karma_webpack_/webpack:/node_modules/zone.js/fesm2015/zone-testing.js:234:32)[39m
Chrome Headless 143.0.0.0 (Windows 10): Executed 3 of 6[31m (2 FAILED)[39m (0 secs / 0.69 secs)
WARN: 'Failed to mock deleteDoc:', TypeError: Cannot redefine property: deleteDoc
TypeError: Cannot redefine property: deleteDoc
    at Object.defineProperty (<anonymous>)
    at forEach (http://localhost:9876/_karma_webpack_/webpack:/src/app/services/chat.spec.ts:56:18)
    at Array.forEach (<anonymous>)
    at UserContext.apply (http://localhost:9876/_karma_webpack_/webpack:/src/app/services/chat.spec.ts:38:19)
    at _ZoneDelegate.invoke (http://localhost:9876/_karma_webpack_/webpack:/node_modules/zone.js/fesm2015/zone.js:398:28)
    at ProxyZoneSpec.onInvoke (http://localhost:9876/_karma_webpack_/webpack:/node_modules/zone.js/fesm2015/zone-testing.js:2132:39)
    at _ZoneDelegate.invoke (http://localhost:9876/_karma_webpack_/webpack:/node_modules/zone.js/fesm2015/zone.js:397:34)
    at ZoneImpl.run (http://localhost:9876/_karma_webpack_/webpack:/node_modules/zone.js/fesm2015/zone.js:113:43)
    at runInTestZone (http://localhost:9876/_karma_webpack_/webpack:/node_modules/zone.js/fesm2015/zone-testing.js:216:38)
    at UserContext.<anonymous> (http://localhost:9876/_karma_webpack_/webpack:/node_modules/zone.js/fesm2015/zone-testing.js:234:32)
[1A[2KWARN: [36m'Failed to mock addDoc:', TypeError: Cannot redefine property: addDoc
TypeError: Cannot redefine property: addDoc
    at Object.defineProperty (<anonymous>)
    at forEach (http://localhost:9876/_karma_webpack_/webpack:/src/app/services/chat.spec.ts:56:18)
    at Array.forEach (<anonymous>)
    at UserContext.apply (http://localhost:9876/_karma_webpack_/webpack:/src/app/services/chat.spec.ts:38:19)
    at _ZoneDelegate.invoke (http://localhost:9876/_karma_webpack_/webpack:/node_modules/zone.js/fesm2015/zone.js:398:28)
    at ProxyZoneSpec.onInvoke (http://localhost:9876/_karma_webpack_/webpack:/node_modules/zone.js/fesm2015/zone-testing.js:2132:39)
    at _ZoneDelegate.invoke (http://localhost:9876/_karma_webpack_/webpack:/node_modules/zone.js/fesm2015/zone.js:397:34)
    at ZoneImpl.run (http://localhost:9876/_karma_webpack_/webpack:/node_modules/zone.js/fesm2015/zone.js:113:43)
    at runInTestZone (http://localhost:9876/_karma_webpack_/webpack:/node_modules/zone.js/fesm2015/zone-testing.js:216:38)
    at UserContext.<anonymous> (http://localhost:9876/_karma_webpack_/webpack:/node_modules/zone.js/fesm2015/zone-testing.js:234:32)[39m
Chrome Headless 143.0.0.0 (Windows 10): Executed 3 of 6[31m (2 FAILED)[39m (0 secs / 0.69 secs)
WARN: 'Failed to mock addDoc:', TypeError: Cannot redefine property: addDoc
TypeError: Cannot redefine property: addDoc
    at Object.defineProperty (<anonymous>)
    at forEach (http://localhost:9876/_karma_webpack_/webpack:/src/app/services/chat.spec.ts:56:18)
    at Array.forEach (<anonymous>)
    at UserContext.apply (http://localhost:9876/_karma_webpack_/webpack:/src/app/services/chat.spec.ts:38:19)
    at _ZoneDelegate.invoke (http://localhost:9876/_karma_webpack_/webpack:/node_modules/zone.js/fesm2015/zone.js:398:28)
    at ProxyZoneSpec.onInvoke (http://localhost:9876/_karma_webpack_/webpack:/node_modules/zone.js/fesm2015/zone-testing.js:2132:39)
    at _ZoneDelegate.invoke (http://localhost:9876/_karma_webpack_/webpack:/node_modules/zone.js/fesm2015/zone.js:397:34)
    at ZoneImpl.run (http://localhost:9876/_karma_webpack_/webpack:/node_modules/zone.js/fesm2015/zone.js:113:43)
    at runInTestZone (http://localhost:9876/_karma_webpack_/webpack:/node_modules/zone.js/fesm2015/zone-testing.js:216:38)
    at UserContext.<anonymous> (http://localhost:9876/_karma_webpack_/webpack:/node_modules/zone.js/fesm2015/zone-testing.js:234:32)
[1A[2KWARN: [36m'Failed to mock where:', TypeError: Cannot redefine property: where
TypeError: Cannot redefine property: where
    at Object.defineProperty (<anonymous>)
    at forEach (http://localhost:9876/_karma_webpack_/webpack:/src/app/services/chat.spec.ts:56:18)
    at Array.forEach (<anonymous>)
    at UserContext.apply (http://localhost:9876/_karma_webpack_/webpack:/src/app/services/chat.spec.ts:38:19)
    at _ZoneDelegate.invoke (http://localhost:9876/_karma_webpack_/webpack:/node_modules/zone.js/fesm2015/zone.js:398:28)
    at ProxyZoneSpec.onInvoke (http://localhost:9876/_karma_webpack_/webpack:/node_modules/zone.js/fesm2015/zone-testing.js:2132:39)
    at _ZoneDelegate.invoke (http://localhost:9876/_karma_webpack_/webpack:/node_modules/zone.js/fesm2015/zone.js:397:34)
    at ZoneImpl.run (http://localhost:9876/_karma_webpack_/webpack:/node_modules/zone.js/fesm2015/zone.js:113:43)
    at runInTestZone (http://localhost:9876/_karma_webpack_/webpack:/node_modules/zone.js/fesm2015/zone-testing.js:216:38)
    at UserContext.<anonymous> (http://localhost:9876/_karma_webpack_/webpack:/node_modules/zone.js/fesm2015/zone-testing.js:234:32)[39m
Chrome Headless 143.0.0.0 (Windows 10): Executed 3 of 6[31m (2 FAILED)[39m (0 secs / 0.69 secs)
WARN: 'Failed to mock where:', TypeError: Cannot redefine property: where
TypeError: Cannot redefine property: where
    at Object.defineProperty (<anonymous>)
    at forEach (http://localhost:9876/_karma_webpack_/webpack:/src/app/services/chat.spec.ts:56:18)
    at Array.forEach (<anonymous>)
    at UserContext.apply (http://localhost:9876/_karma_webpack_/webpack:/src/app/services/chat.spec.ts:38:19)
    at _ZoneDelegate.invoke (http://localhost:9876/_karma_webpack_/webpack:/node_modules/zone.js/fesm2015/zone.js:398:28)
    at ProxyZoneSpec.onInvoke (http://localhost:9876/_karma_webpack_/webpack:/node_modules/zone.js/fesm2015/zone-testing.js:2132:39)
    at _ZoneDelegate.invoke (http://localhost:9876/_karma_webpack_/webpack:/node_modules/zone.js/fesm2015/zone.js:397:34)
    at ZoneImpl.run (http://localhost:9876/_karma_webpack_/webpack:/node_modules/zone.js/fesm2015/zone.js:113:43)
    at runInTestZone (http://localhost:9876/_karma_webpack_/webpack:/node_modules/zone.js/fesm2015/zone-testing.js:216:38)
    at UserContext.<anonymous> (http://localhost:9876/_karma_webpack_/webpack:/node_modules/zone.js/fesm2015/zone-testing.js:234:32)
[1A[2KWARN: [36m'Failed to mock getDocs:', TypeError: Cannot redefine property: getDocs
TypeError: Cannot redefine property: getDocs
    at Object.defineProperty (<anonymous>)
    at forEach (http://localhost:9876/_karma_webpack_/webpack:/src/app/services/chat.spec.ts:56:18)
    at Array.forEach (<anonymous>)
    at UserContext.apply (http://localhost:9876/_karma_webpack_/webpack:/src/app/services/chat.spec.ts:38:19)
    at _ZoneDelegate.invoke (http://localhost:9876/_karma_webpack_/webpack:/node_modules/zone.js/fesm2015/zone.js:398:28)
    at ProxyZoneSpec.onInvoke (http://localhost:9876/_karma_webpack_/webpack:/node_modules/zone.js/fesm2015/zone-testing.js:2132:39)
    at _ZoneDelegate.invoke (http://localhost:9876/_karma_webpack_/webpack:/node_modules/zone.js/fesm2015/zone.js:397:34)
    at ZoneImpl.run (http://localhost:9876/_karma_webpack_/webpack:/node_modules/zone.js/fesm2015/zone.js:113:43)
    at runInTestZone (http://localhost:9876/_karma_webpack_/webpack:/node_modules/zone.js/fesm2015/zone-testing.js:216:38)
    at UserContext.<anonymous> (http://localhost:9876/_karma_webpack_/webpack:/node_modules/zone.js/fesm2015/zone-testing.js:234:32)[39m
Chrome Headless 143.0.0.0 (Windows 10): Executed 3 of 6[31m (2 FAILED)[39m (0 secs / 0.69 secs)
WARN: 'Failed to mock getDocs:', TypeError: Cannot redefine property: getDocs
TypeError: Cannot redefine property: getDocs
    at Object.defineProperty (<anonymous>)
    at forEach (http://localhost:9876/_karma_webpack_/webpack:/src/app/services/chat.spec.ts:56:18)
    at Array.forEach (<anonymous>)
    at UserContext.apply (http://localhost:9876/_karma_webpack_/webpack:/src/app/services/chat.spec.ts:38:19)
    at _ZoneDelegate.invoke (http://localhost:9876/_karma_webpack_/webpack:/node_modules/zone.js/fesm2015/zone.js:398:28)
    at ProxyZoneSpec.onInvoke (http://localhost:9876/_karma_webpack_/webpack:/node_modules/zone.js/fesm2015/zone-testing.js:2132:39)
    at _ZoneDelegate.invoke (http://localhost:9876/_karma_webpack_/webpack:/node_modules/zone.js/fesm2015/zone.js:397:34)
    at ZoneImpl.run (http://localhost:9876/_karma_webpack_/webpack:/node_modules/zone.js/fesm2015/zone.js:113:43)
    at runInTestZone (http://localhost:9876/_karma_webpack_/webpack:/node_modules/zone.js/fesm2015/zone-testing.js:216:38)
    at UserContext.<anonymous> (http://localhost:9876/_karma_webpack_/webpack:/node_modules/zone.js/fesm2015/zone-testing.js:234:32)
[1A[2KWARN: [36m'Failed to mock getDoc:', TypeError: Cannot redefine property: getDoc
TypeError: Cannot redefine property: getDoc
    at Object.defineProperty (<anonymous>)
    at forEach (http://localhost:9876/_karma_webpack_/webpack:/src/app/services/chat.spec.ts:56:18)
    at Array.forEach (<anonymous>)
    at UserContext.apply (http://localhost:9876/_karma_webpack_/webpack:/src/app/services/chat.spec.ts:38:19)
    at _ZoneDelegate.invoke (http://localhost:9876/_karma_webpack_/webpack:/node_modules/zone.js/fesm2015/zone.js:398:28)
    at ProxyZoneSpec.onInvoke (http://localhost:9876/_karma_webpack_/webpack:/node_modules/zone.js/fesm2015/zone-testing.js:2132:39)
    at _ZoneDelegate.invoke (http://localhost:9876/_karma_webpack_/webpack:/node_modules/zone.js/fesm2015/zone.js:397:34)
    at ZoneImpl.run (http://localhost:9876/_karma_webpack_/webpack:/node_modules/zone.js/fesm2015/zone.js:113:43)
    at runInTestZone (http://localhost:9876/_karma_webpack_/webpack:/node_modules/zone.js/fesm2015/zone-testing.js:216:38)
    at UserContext.<anonymous> (http://localhost:9876/_karma_webpack_/webpack:/node_modules/zone.js/fesm2015/zone-testing.js:234:32)[39m
Chrome Headless 143.0.0.0 (Windows 10): Executed 3 of 6[31m (2 FAILED)[39m (0 secs / 0.69 secs)
WARN: 'Failed to mock getDoc:', TypeError: Cannot redefine property: getDoc
TypeError: Cannot redefine property: getDoc
    at Object.defineProperty (<anonymous>)
    at forEach (http://localhost:9876/_karma_webpack_/webpack:/src/app/services/chat.spec.ts:56:18)
    at Array.forEach (<anonymous>)
    at UserContext.apply (http://localhost:9876/_karma_webpack_/webpack:/src/app/services/chat.spec.ts:38:19)
    at _ZoneDelegate.invoke (http://localhost:9876/_karma_webpack_/webpack:/node_modules/zone.js/fesm2015/zone.js:398:28)
    at ProxyZoneSpec.onInvoke (http://localhost:9876/_karma_webpack_/webpack:/node_modules/zone.js/fesm2015/zone-testing.js:2132:39)
    at _ZoneDelegate.invoke (http://localhost:9876/_karma_webpack_/webpack:/node_modules/zone.js/fesm2015/zone.js:397:34)
    at ZoneImpl.run (http://localhost:9876/_karma_webpack_/webpack:/node_modules/zone.js/fesm2015/zone.js:113:43)
    at runInTestZone (http://localhost:9876/_karma_webpack_/webpack:/node_modules/zone.js/fesm2015/zone-testing.js:216:38)
    at UserContext.<anonymous> (http://localhost:9876/_karma_webpack_/webpack:/node_modules/zone.js/fesm2015/zone-testing.js:234:32)
[1A[2KWARN: [36m'Failed to mock increment:', TypeError: Cannot redefine property: increment
TypeError: Cannot redefine property: increment
    at Object.defineProperty (<anonymous>)
    at forEach (http://localhost:9876/_karma_webpack_/webpack:/src/app/services/chat.spec.ts:56:18)
    at Array.forEach (<anonymous>)
    at UserContext.apply (http://localhost:9876/_karma_webpack_/webpack:/src/app/services/chat.spec.ts:38:19)
    at _ZoneDelegate.invoke (http://localhost:9876/_karma_webpack_/webpack:/node_modules/zone.js/fesm2015/zone.js:398:28)
    at ProxyZoneSpec.onInvoke (http://localhost:9876/_karma_webpack_/webpack:/node_modules/zone.js/fesm2015/zone-testing.js:2132:39)
    at _ZoneDelegate.invoke (http://localhost:9876/_karma_webpack_/webpack:/node_modules/zone.js/fesm2015/zone.js:397:34)
    at ZoneImpl.run (http://localhost:9876/_karma_webpack_/webpack:/node_modules/zone.js/fesm2015/zone.js:113:43)
    at runInTestZone (http://localhost:9876/_karma_webpack_/webpack:/node_modules/zone.js/fesm2015/zone-testing.js:216:38)
    at UserContext.<anonymous> (http://localhost:9876/_karma_webpack_/webpack:/node_modules/zone.js/fesm2015/zone-testing.js:234:32)[39m
Chrome Headless 143.0.0.0 (Windows 10): Executed 3 of 6[31m (2 FAILED)[39m (0 secs / 0.69 secs)
WARN: 'Failed to mock increment:', TypeError: Cannot redefine property: increment
TypeError: Cannot redefine property: increment
    at Object.defineProperty (<anonymous>)
    at forEach (http://localhost:9876/_karma_webpack_/webpack:/src/app/services/chat.spec.ts:56:18)
    at Array.forEach (<anonymous>)
    at UserContext.apply (http://localhost:9876/_karma_webpack_/webpack:/src/app/services/chat.spec.ts:38:19)
    at _ZoneDelegate.invoke (http://localhost:9876/_karma_webpack_/webpack:/node_modules/zone.js/fesm2015/zone.js:398:28)
    at ProxyZoneSpec.onInvoke (http://localhost:9876/_karma_webpack_/webpack:/node_modules/zone.js/fesm2015/zone-testing.js:2132:39)
    at _ZoneDelegate.invoke (http://localhost:9876/_karma_webpack_/webpack:/node_modules/zone.js/fesm2015/zone.js:397:34)
    at ZoneImpl.run (http://localhost:9876/_karma_webpack_/webpack:/node_modules/zone.js/fesm2015/zone.js:113:43)
    at runInTestZone (http://localhost:9876/_karma_webpack_/webpack:/node_modules/zone.js/fesm2015/zone-testing.js:216:38)
    at UserContext.<anonymous> (http://localhost:9876/_karma_webpack_/webpack:/node_modules/zone.js/fesm2015/zone-testing.js:234:32)
[1A[2K[31mChrome Headless 143.0.0.0 (Windows 10) ChatService should get shared media FAILED[39m
	TypeError: Cannot read properties of undefined (reading 'returnValue')
	    at UserContext.apply (src/app/services/chat.spec.ts:138:44)
	    at _ZoneDelegate.invoke (node_modules/zone.js/fesm2015/zone.js:398:28)
	    at ProxyZoneSpec.onInvoke (node_modules/zone.js/fesm2015/zone-testing.js:2132:39)
	    at _ZoneDelegate.invoke (node_modules/zone.js/fesm2015/zone.js:397:34)
	    at ZoneImpl.run (node_modules/zone.js/fesm2015/zone.js:113:43)
	    at runInTestZone (node_modules/zone.js/fesm2015/zone-testing.js:213:38)
	    at UserContext.<anonymous> (node_modules/zone.js/fesm2015/zone-testing.js:231:32)
	    at <Jasmine>
Chrome Headless 143.0.0.0 (Windows 10): Executed 4 of 6[31m (3 FAILED)[39m (0 secs / 0.695 secs)
[1A[2KWARN: [36m'Failed to mock getFirestore:', TypeError: Cannot redefine property: getFirestore
TypeError: Cannot redefine property: getFirestore
    at Object.defineProperty (<anonymous>)
    at forEach (http://localhost:9876/_karma_webpack_/webpack:/src/app/services/chat.spec.ts:56:18)
    at Array.forEach (<anonymous>)
    at UserContext.apply (http://localhost:9876/_karma_webpack_/webpack:/src/app/services/chat.spec.ts:38:19)
    at _ZoneDelegate.invoke (http://localhost:9876/_karma_webpack_/webpack:/node_modules/zone.js/fesm2015/zone.js:398:28)
    at ProxyZoneSpec.onInvoke (http://localhost:9876/_karma_webpack_/webpack:/node_modules/zone.js/fesm2015/zone-testing.js:2132:39)
    at _ZoneDelegate.invoke (http://localhost:9876/_karma_webpack_/webpack:/node_modules/zone.js/fesm2015/zone.js:397:34)
    at ZoneImpl.run (http://localhost:9876/_karma_webpack_/webpack:/node_modules/zone.js/fesm2015/zone.js:113:43)
    at runInTestZone (http://localhost:9876/_karma_webpack_/webpack:/node_modules/zone.js/fesm2015/zone-testing.js:216:38)
    at UserContext.<anonymous> (http://localhost:9876/_karma_webpack_/webpack:/node_modules/zone.js/fesm2015/zone-testing.js:234:32)[39m
Chrome Headless 143.0.0.0 (Windows 10): Executed 4 of 6[31m (3 FAILED)[39m (0 secs / 0.695 secs)
WARN: 'Failed to mock getFirestore:', TypeError: Cannot redefine property: getFirestore
TypeError: Cannot redefine property: getFirestore
    at Object.defineProperty (<anonymous>)
    at forEach (http://localhost:9876/_karma_webpack_/webpack:/src/app/services/chat.spec.ts:56:18)
    at Array.forEach (<anonymous>)
    at UserContext.apply (http://localhost:9876/_karma_webpack_/webpack:/src/app/services/chat.spec.ts:38:19)
    at _ZoneDelegate.invoke (http://localhost:9876/_karma_webpack_/webpack:/node_modules/zone.js/fesm2015/zone.js:398:28)
    at ProxyZoneSpec.onInvoke (http://localhost:9876/_karma_webpack_/webpack:/node_modules/zone.js/fesm2015/zone-testing.js:2132:39)
    at _ZoneDelegate.invoke (http://localhost:9876/_karma_webpack_/webpack:/node_modules/zone.js/fesm2015/zone.js:397:34)
    at ZoneImpl.run (http://localhost:9876/_karma_webpack_/webpack:/node_modules/zone.js/fesm2015/zone.js:113:43)
    at runInTestZone (http://localhost:9876/_karma_webpack_/webpack:/node_modules/zone.js/fesm2015/zone-testing.js:216:38)
    at UserContext.<anonymous> (http://localhost:9876/_karma_webpack_/webpack:/node_modules/zone.js/fesm2015/zone-testing.js:234:32)
[1A[2KWARN: [36m'Failed to mock collection:', TypeError: Cannot redefine property: collection
TypeError: Cannot redefine property: collection
    at Object.defineProperty (<anonymous>)
    at forEach (http://localhost:9876/_karma_webpack_/webpack:/src/app/services/chat.spec.ts:56:18)
    at Array.forEach (<anonymous>)
    at UserContext.apply (http://localhost:9876/_karma_webpack_/webpack:/src/app/services/chat.spec.ts:38:19)
    at _ZoneDelegate.invoke (http://localhost:9876/_karma_webpack_/webpack:/node_modules/zone.js/fesm2015/zone.js:398:28)
    at ProxyZoneSpec.onInvoke (http://localhost:9876/_karma_webpack_/webpack:/node_modules/zone.js/fesm2015/zone-testing.js:2132:39)
    at _ZoneDelegate.invoke (http://localhost:9876/_karma_webpack_/webpack:/node_modules/zone.js/fesm2015/zone.js:397:34)
    at ZoneImpl.run (http://localhost:9876/_karma_webpack_/webpack:/node_modules/zone.js/fesm2015/zone.js:113:43)
    at runInTestZone (http://localhost:9876/_karma_webpack_/webpack:/node_modules/zone.js/fesm2015/zone-testing.js:216:38)
    at UserContext.<anonymous> (http://localhost:9876/_karma_webpack_/webpack:/node_modules/zone.js/fesm2015/zone-testing.js:234:32)[39m
Chrome Headless 143.0.0.0 (Windows 10): Executed 4 of 6[31m (3 FAILED)[39m (0 secs / 0.695 secs)
WARN: 'Failed to mock collection:', TypeError: Cannot redefine property: collection
TypeError: Cannot redefine property: collection
    at Object.defineProperty (<anonymous>)
    at forEach (http://localhost:9876/_karma_webpack_/webpack:/src/app/services/chat.spec.ts:56:18)
    at Array.forEach (<anonymous>)
    at UserContext.apply (http://localhost:9876/_karma_webpack_/webpack:/src/app/services/chat.spec.ts:38:19)
    at _ZoneDelegate.invoke (http://localhost:9876/_karma_webpack_/webpack:/node_modules/zone.js/fesm2015/zone.js:398:28)
    at ProxyZoneSpec.onInvoke (http://localhost:9876/_karma_webpack_/webpack:/node_modules/zone.js/fesm2015/zone-testing.js:2132:39)
    at _ZoneDelegate.invoke (http://localhost:9876/_karma_webpack_/webpack:/node_modules/zone.js/fesm2015/zone.js:397:34)
    at ZoneImpl.run (http://localhost:9876/_karma_webpack_/webpack:/node_modules/zone.js/fesm2015/zone.js:113:43)
    at runInTestZone (http://localhost:9876/_karma_webpack_/webpack:/node_modules/zone.js/fesm2015/zone-testing.js:216:38)
    at UserContext.<anonymous> (http://localhost:9876/_karma_webpack_/webpack:/node_modules/zone.js/fesm2015/zone-testing.js:234:32)
[1A[2KWARN: [36m'Failed to mock doc:', TypeError: Cannot redefine property: doc
TypeError: Cannot redefine property: doc
    at Object.defineProperty (<anonymous>)
    at forEach (http://localhost:9876/_karma_webpack_/webpack:/src/app/services/chat.spec.ts:56:18)
    at Array.forEach (<anonymous>)
    at UserContext.apply (http://localhost:9876/_karma_webpack_/webpack:/src/app/services/chat.spec.ts:38:19)
    at _ZoneDelegate.invoke (http://localhost:9876/_karma_webpack_/webpack:/node_modules/zone.js/fesm2015/zone.js:398:28)
    at ProxyZoneSpec.onInvoke (http://localhost:9876/_karma_webpack_/webpack:/node_modules/zone.js/fesm2015/zone-testing.js:2132:39)
    at _ZoneDelegate.invoke (http://localhost:9876/_karma_webpack_/webpack:/node_modules/zone.js/fesm2015/zone.js:397:34)
    at ZoneImpl.run (http://localhost:9876/_karma_webpack_/webpack:/node_modules/zone.js/fesm2015/zone.js:113:43)
    at runInTestZone (http://localhost:9876/_karma_webpack_/webpack:/node_modules/zone.js/fesm2015/zone-testing.js:216:38)
    at UserContext.<anonymous> (http://localhost:9876/_karma_webpack_/webpack:/node_modules/zone.js/fesm2015/zone-testing.js:234:32)[39m
Chrome Headless 143.0.0.0 (Windows 10): Executed 4 of 6[31m (3 FAILED)[39m (0 secs / 0.695 secs)
WARN: 'Failed to mock doc:', TypeError: Cannot redefine property: doc
TypeError: Cannot redefine property: doc
    at Object.defineProperty (<anonymous>)
    at forEach (http://localhost:9876/_karma_webpack_/webpack:/src/app/services/chat.spec.ts:56:18)
    at Array.forEach (<anonymous>)
    at UserContext.apply (http://localhost:9876/_karma_webpack_/webpack:/src/app/services/chat.spec.ts:38:19)
    at _ZoneDelegate.invoke (http://localhost:9876/_karma_webpack_/webpack:/node_modules/zone.js/fesm2015/zone.js:398:28)
    at ProxyZoneSpec.onInvoke (http://localhost:9876/_karma_webpack_/webpack:/node_modules/zone.js/fesm2015/zone-testing.js:2132:39)
    at _ZoneDelegate.invoke (http://localhost:9876/_karma_webpack_/webpack:/node_modules/zone.js/fesm2015/zone.js:397:34)
    at ZoneImpl.run (http://localhost:9876/_karma_webpack_/webpack:/node_modules/zone.js/fesm2015/zone.js:113:43)
    at runInTestZone (http://localhost:9876/_karma_webpack_/webpack:/node_modules/zone.js/fesm2015/zone-testing.js:216:38)
    at UserContext.<anonymous> (http://localhost:9876/_karma_webpack_/webpack:/node_modules/zone.js/fesm2015/zone-testing.js:234:32)
[1A[2KWARN: [36m'Failed to mock query:', TypeError: Cannot redefine property: query
TypeError: Cannot redefine property: query
    at Object.defineProperty (<anonymous>)
    at forEach (http://localhost:9876/_karma_webpack_/webpack:/src/app/services/chat.spec.ts:56:18)
    at Array.forEach (<anonymous>)
    at UserContext.apply (http://localhost:9876/_karma_webpack_/webpack:/src/app/services/chat.spec.ts:38:19)
    at _ZoneDelegate.invoke (http://localhost:9876/_karma_webpack_/webpack:/node_modules/zone.js/fesm2015/zone.js:398:28)
    at ProxyZoneSpec.onInvoke (http://localhost:9876/_karma_webpack_/webpack:/node_modules/zone.js/fesm2015/zone-testing.js:2132:39)
    at _ZoneDelegate.invoke (http://localhost:9876/_karma_webpack_/webpack:/node_modules/zone.js/fesm2015/zone.js:397:34)
    at ZoneImpl.run (http://localhost:9876/_karma_webpack_/webpack:/node_modules/zone.js/fesm2015/zone.js:113:43)
    at runInTestZone (http://localhost:9876/_karma_webpack_/webpack:/node_modules/zone.js/fesm2015/zone-testing.js:216:38)
    at UserContext.<anonymous> (http://localhost:9876/_karma_webpack_/webpack:/node_modules/zone.js/fesm2015/zone-testing.js:234:32)[39m
Chrome Headless 143.0.0.0 (Windows 10): Executed 4 of 6[31m (3 FAILED)[39m (0 secs / 0.695 secs)
WARN: 'Failed to mock query:', TypeError: Cannot redefine property: query
TypeError: Cannot redefine property: query
    at Object.defineProperty (<anonymous>)
    at forEach (http://localhost:9876/_karma_webpack_/webpack:/src/app/services/chat.spec.ts:56:18)
    at Array.forEach (<anonymous>)
    at UserContext.apply (http://localhost:9876/_karma_webpack_/webpack:/src/app/services/chat.spec.ts:38:19)
    at _ZoneDelegate.invoke (http://localhost:9876/_karma_webpack_/webpack:/node_modules/zone.js/fesm2015/zone.js:398:28)
    at ProxyZoneSpec.onInvoke (http://localhost:9876/_karma_webpack_/webpack:/node_modules/zone.js/fesm2015/zone-testing.js:2132:39)
    at _ZoneDelegate.invoke (http://localhost:9876/_karma_webpack_/webpack:/node_modules/zone.js/fesm2015/zone.js:397:34)
    at ZoneImpl.run (http://localhost:9876/_karma_webpack_/webpack:/node_modules/zone.js/fesm2015/zone.js:113:43)
    at runInTestZone (http://localhost:9876/_karma_webpack_/webpack:/node_modules/zone.js/fesm2015/zone-testing.js:216:38)
    at UserContext.<anonymous> (http://localhost:9876/_karma_webpack_/webpack:/node_modules/zone.js/fesm2015/zone-testing.js:234:32)
[1A[2KWARN: [36m'Failed to mock onSnapshot:', TypeError: Cannot redefine property: onSnapshot
TypeError: Cannot redefine property: onSnapshot
    at Object.defineProperty (<anonymous>)
    at forEach (http://localhost:9876/_karma_webpack_/webpack:/src/app/services/chat.spec.ts:56:18)
    at Array.forEach (<anonymous>)
    at UserContext.apply (http://localhost:9876/_karma_webpack_/webpack:/src/app/services/chat.spec.ts:38:19)
    at _ZoneDelegate.invoke (http://localhost:9876/_karma_webpack_/webpack:/node_modules/zone.js/fesm2015/zone.js:398:28)
    at ProxyZoneSpec.onInvoke (http://localhost:9876/_karma_webpack_/webpack:/node_modules/zone.js/fesm2015/zone-testing.js:2132:39)
    at _ZoneDelegate.invoke (http://localhost:9876/_karma_webpack_/webpack:/node_modules/zone.js/fesm2015/zone.js:397:34)
    at ZoneImpl.run (http://localhost:9876/_karma_webpack_/webpack:/node_modules/zone.js/fesm2015/zone.js:113:43)
    at runInTestZone (http://localhost:9876/_karma_webpack_/webpack:/node_modules/zone.js/fesm2015/zone-testing.js:216:38)
    at UserContext.<anonymous> (http://localhost:9876/_karma_webpack_/webpack:/node_modules/zone.js/fesm2015/zone-testing.js:234:32)[39m
Chrome Headless 143.0.0.0 (Windows 10): Executed 4 of 6[31m (3 FAILED)[39m (0 secs / 0.695 secs)
WARN: 'Failed to mock onSnapshot:', TypeError: Cannot redefine property: onSnapshot
TypeError: Cannot redefine property: onSnapshot
    at Object.defineProperty (<anonymous>)
    at forEach (http://localhost:9876/_karma_webpack_/webpack:/src/app/services/chat.spec.ts:56:18)
    at Array.forEach (<anonymous>)
    at UserContext.apply (http://localhost:9876/_karma_webpack_/webpack:/src/app/services/chat.spec.ts:38:19)
    at _ZoneDelegate.invoke (http://localhost:9876/_karma_webpack_/webpack:/node_modules/zone.js/fesm2015/zone.js:398:28)
    at ProxyZoneSpec.onInvoke (http://localhost:9876/_karma_webpack_/webpack:/node_modules/zone.js/fesm2015/zone-testing.js:2132:39)
    at _ZoneDelegate.invoke (http://localhost:9876/_karma_webpack_/webpack:/node_modules/zone.js/fesm2015/zone.js:397:34)
    at ZoneImpl.run (http://localhost:9876/_karma_webpack_/webpack:/node_modules/zone.js/fesm2015/zone.js:113:43)
    at runInTestZone (http://localhost:9876/_karma_webpack_/webpack:/node_modules/zone.js/fesm2015/zone-testing.js:216:38)
    at UserContext.<anonymous> (http://localhost:9876/_karma_webpack_/webpack:/node_modules/zone.js/fesm2015/zone-testing.js:234:32)
[1A[2KWARN: [36m'Failed to mock setDoc:', TypeError: Cannot redefine property: setDoc
TypeError: Cannot redefine property: setDoc
    at Object.defineProperty (<anonymous>)
    at forEach (http://localhost:9876/_karma_webpack_/webpack:/src/app/services/chat.spec.ts:56:18)
    at Array.forEach (<anonymous>)
    at UserContext.apply (http://localhost:9876/_karma_webpack_/webpack:/src/app/services/chat.spec.ts:38:19)
    at _ZoneDelegate.invoke (http://localhost:9876/_karma_webpack_/webpack:/node_modules/zone.js/fesm2015/zone.js:398:28)
    at ProxyZoneSpec.onInvoke (http://localhost:9876/_karma_webpack_/webpack:/node_modules/zone.js/fesm2015/zone-testing.js:2132:39)
    at _ZoneDelegate.invoke (http://localhost:9876/_karma_webpack_/webpack:/node_modules/zone.js/fesm2015/zone.js:397:34)
    at ZoneImpl.run (http://localhost:9876/_karma_webpack_/webpack:/node_modules/zone.js/fesm2015/zone.js:113:43)
    at runInTestZone (http://localhost:9876/_karma_webpack_/webpack:/node_modules/zone.js/fesm2015/zone-testing.js:216:38)
    at UserContext.<anonymous> (http://localhost:9876/_karma_webpack_/webpack:/node_modules/zone.js/fesm2015/zone-testing.js:234:32)[39m
Chrome Headless 143.0.0.0 (Windows 10): Executed 4 of 6[31m (3 FAILED)[39m (0 secs / 0.695 secs)
WARN: 'Failed to mock setDoc:', TypeError: Cannot redefine property: setDoc
TypeError: Cannot redefine property: setDoc
    at Object.defineProperty (<anonymous>)
    at forEach (http://localhost:9876/_karma_webpack_/webpack:/src/app/services/chat.spec.ts:56:18)
    at Array.forEach (<anonymous>)
    at UserContext.apply (http://localhost:9876/_karma_webpack_/webpack:/src/app/services/chat.spec.ts:38:19)
    at _ZoneDelegate.invoke (http://localhost:9876/_karma_webpack_/webpack:/node_modules/zone.js/fesm2015/zone.js:398:28)
    at ProxyZoneSpec.onInvoke (http://localhost:9876/_karma_webpack_/webpack:/node_modules/zone.js/fesm2015/zone-testing.js:2132:39)
    at _ZoneDelegate.invoke (http://localhost:9876/_karma_webpack_/webpack:/node_modules/zone.js/fesm2015/zone.js:397:34)
    at ZoneImpl.run (http://localhost:9876/_karma_webpack_/webpack:/node_modules/zone.js/fesm2015/zone.js:113:43)
    at runInTestZone (http://localhost:9876/_karma_webpack_/webpack:/node_modules/zone.js/fesm2015/zone-testing.js:216:38)
    at UserContext.<anonymous> (http://localhost:9876/_karma_webpack_/webpack:/node_modules/zone.js/fesm2015/zone-testing.js:234:32)
[1A[2KWARN: [36m'Failed to mock updateDoc:', TypeError: Cannot redefine property: updateDoc
TypeError: Cannot redefine property: updateDoc
    at Object.defineProperty (<anonymous>)
    at forEach (http://localhost:9876/_karma_webpack_/webpack:/src/app/services/chat.spec.ts:56:18)
    at Array.forEach (<anonymous>)
    at UserContext.apply (http://localhost:9876/_karma_webpack_/webpack:/src/app/services/chat.spec.ts:38:19)
    at _ZoneDelegate.invoke (http://localhost:9876/_karma_webpack_/webpack:/node_modules/zone.js/fesm2015/zone.js:398:28)
    at ProxyZoneSpec.onInvoke (http://localhost:9876/_karma_webpack_/webpack:/node_modules/zone.js/fesm2015/zone-testing.js:2132:39)
    at _ZoneDelegate.invoke (http://localhost:9876/_karma_webpack_/webpack:/node_modules/zone.js/fesm2015/zone.js:397:34)
    at ZoneImpl.run (http://localhost:9876/_karma_webpack_/webpack:/node_modules/zone.js/fesm2015/zone.js:113:43)
    at runInTestZone (http://localhost:9876/_karma_webpack_/webpack:/node_modules/zone.js/fesm2015/zone-testing.js:216:38)
    at UserContext.<anonymous> (http://localhost:9876/_karma_webpack_/webpack:/node_modules/zone.js/fesm2015/zone-testing.js:234:32)[39m
Chrome Headless 143.0.0.0 (Windows 10): Executed 4 of 6[31m (3 FAILED)[39m (0 secs / 0.695 secs)
WARN: 'Failed to mock updateDoc:', TypeError: Cannot redefine property: updateDoc
TypeError: Cannot redefine property: updateDoc
    at Object.defineProperty (<anonymous>)
    at forEach (http://localhost:9876/_karma_webpack_/webpack:/src/app/services/chat.spec.ts:56:18)
    at Array.forEach (<anonymous>)
    at UserContext.apply (http://localhost:9876/_karma_webpack_/webpack:/src/app/services/chat.spec.ts:38:19)
    at _ZoneDelegate.invoke (http://localhost:9876/_karma_webpack_/webpack:/node_modules/zone.js/fesm2015/zone.js:398:28)
    at ProxyZoneSpec.onInvoke (http://localhost:9876/_karma_webpack_/webpack:/node_modules/zone.js/fesm2015/zone-testing.js:2132:39)
    at _ZoneDelegate.invoke (http://localhost:9876/_karma_webpack_/webpack:/node_modules/zone.js/fesm2015/zone.js:397:34)
    at ZoneImpl.run (http://localhost:9876/_karma_webpack_/webpack:/node_modules/zone.js/fesm2015/zone.js:113:43)
    at runInTestZone (http://localhost:9876/_karma_webpack_/webpack:/node_modules/zone.js/fesm2015/zone-testing.js:216:38)
    at UserContext.<anonymous> (http://localhost:9876/_karma_webpack_/webpack:/node_modules/zone.js/fesm2015/zone-testing.js:234:32)
[1A[2KWARN: [36m'Failed to mock deleteDoc:', TypeError: Cannot redefine property: deleteDoc
TypeError: Cannot redefine property: deleteDoc
    at Object.defineProperty (<anonymous>)
    at forEach (http://localhost:9876/_karma_webpack_/webpack:/src/app/services/chat.spec.ts:56:18)
    at Array.forEach (<anonymous>)
    at UserContext.apply (http://localhost:9876/_karma_webpack_/webpack:/src/app/services/chat.spec.ts:38:19)
    at _ZoneDelegate.invoke (http://localhost:9876/_karma_webpack_/webpack:/node_modules/zone.js/fesm2015/zone.js:398:28)
    at ProxyZoneSpec.onInvoke (http://localhost:9876/_karma_webpack_/webpack:/node_modules/zone.js/fesm2015/zone-testing.js:2132:39)
    at _ZoneDelegate.invoke (http://localhost:9876/_karma_webpack_/webpack:/node_modules/zone.js/fesm2015/zone.js:397:34)
    at ZoneImpl.run (http://localhost:9876/_karma_webpack_/webpack:/node_modules/zone.js/fesm2015/zone.js:113:43)
    at runInTestZone (http://localhost:9876/_karma_webpack_/webpack:/node_modules/zone.js/fesm2015/zone-testing.js:216:38)
    at UserContext.<anonymous> (http://localhost:9876/_karma_webpack_/webpack:/node_modules/zone.js/fesm2015/zone-testing.js:234:32)[39m
Chrome Headless 143.0.0.0 (Windows 10): Executed 4 of 6[31m (3 FAILED)[39m (0 secs / 0.695 secs)
WARN: 'Failed to mock deleteDoc:', TypeError: Cannot redefine property: deleteDoc
TypeError: Cannot redefine property: deleteDoc
    at Object.defineProperty (<anonymous>)
    at forEach (http://localhost:9876/_karma_webpack_/webpack:/src/app/services/chat.spec.ts:56:18)
    at Array.forEach (<anonymous>)
    at UserContext.apply (http://localhost:9876/_karma_webpack_/webpack:/src/app/services/chat.spec.ts:38:19)
    at _ZoneDelegate.invoke (http://localhost:9876/_karma_webpack_/webpack:/node_modules/zone.js/fesm2015/zone.js:398:28)
    at ProxyZoneSpec.onInvoke (http://localhost:9876/_karma_webpack_/webpack:/node_modules/zone.js/fesm2015/zone-testing.js:2132:39)
    at _ZoneDelegate.invoke (http://localhost:9876/_karma_webpack_/webpack:/node_modules/zone.js/fesm2015/zone.js:397:34)
    at ZoneImpl.run (http://localhost:9876/_karma_webpack_/webpack:/node_modules/zone.js/fesm2015/zone.js:113:43)
    at runInTestZone (http://localhost:9876/_karma_webpack_/webpack:/node_modules/zone.js/fesm2015/zone-testing.js:216:38)
    at UserContext.<anonymous> (http://localhost:9876/_karma_webpack_/webpack:/node_modules/zone.js/fesm2015/zone-testing.js:234:32)
[1A[2KWARN: [36m'Failed to mock addDoc:', TypeError: Cannot redefine property: addDoc
TypeError: Cannot redefine property: addDoc
    at Object.defineProperty (<anonymous>)
    at forEach (http://localhost:9876/_karma_webpack_/webpack:/src/app/services/chat.spec.ts:56:18)
    at Array.forEach (<anonymous>)
    at UserContext.apply (http://localhost:9876/_karma_webpack_/webpack:/src/app/services/chat.spec.ts:38:19)
    at _ZoneDelegate.invoke (http://localhost:9876/_karma_webpack_/webpack:/node_modules/zone.js/fesm2015/zone.js:398:28)
    at ProxyZoneSpec.onInvoke (http://localhost:9876/_karma_webpack_/webpack:/node_modules/zone.js/fesm2015/zone-testing.js:2132:39)
    at _ZoneDelegate.invoke (http://localhost:9876/_karma_webpack_/webpack:/node_modules/zone.js/fesm2015/zone.js:397:34)
    at ZoneImpl.run (http://localhost:9876/_karma_webpack_/webpack:/node_modules/zone.js/fesm2015/zone.js:113:43)
    at runInTestZone (http://localhost:9876/_karma_webpack_/webpack:/node_modules/zone.js/fesm2015/zone-testing.js:216:38)
    at UserContext.<anonymous> (http://localhost:9876/_karma_webpack_/webpack:/node_modules/zone.js/fesm2015/zone-testing.js:234:32)[39m
Chrome Headless 143.0.0.0 (Windows 10): Executed 4 of 6[31m (3 FAILED)[39m (0 secs / 0.695 secs)
WARN: 'Failed to mock addDoc:', TypeError: Cannot redefine property: addDoc
TypeError: Cannot redefine property: addDoc
    at Object.defineProperty (<anonymous>)
    at forEach (http://localhost:9876/_karma_webpack_/webpack:/src/app/services/chat.spec.ts:56:18)
    at Array.forEach (<anonymous>)
    at UserContext.apply (http://localhost:9876/_karma_webpack_/webpack:/src/app/services/chat.spec.ts:38:19)
    at _ZoneDelegate.invoke (http://localhost:9876/_karma_webpack_/webpack:/node_modules/zone.js/fesm2015/zone.js:398:28)
    at ProxyZoneSpec.onInvoke (http://localhost:9876/_karma_webpack_/webpack:/node_modules/zone.js/fesm2015/zone-testing.js:2132:39)
    at _ZoneDelegate.invoke (http://localhost:9876/_karma_webpack_/webpack:/node_modules/zone.js/fesm2015/zone.js:397:34)
    at ZoneImpl.run (http://localhost:9876/_karma_webpack_/webpack:/node_modules/zone.js/fesm2015/zone.js:113:43)
    at runInTestZone (http://localhost:9876/_karma_webpack_/webpack:/node_modules/zone.js/fesm2015/zone-testing.js:216:38)
    at UserContext.<anonymous> (http://localhost:9876/_karma_webpack_/webpack:/node_modules/zone.js/fesm2015/zone-testing.js:234:32)
[1A[2KWARN: [36m'Failed to mock where:', TypeError: Cannot redefine property: where
TypeError: Cannot redefine property: where
    at Object.defineProperty (<anonymous>)
    at forEach (http://localhost:9876/_karma_webpack_/webpack:/src/app/services/chat.spec.ts:56:18)
    at Array.forEach (<anonymous>)
    at UserContext.apply (http://localhost:9876/_karma_webpack_/webpack:/src/app/services/chat.spec.ts:38:19)
    at _ZoneDelegate.invoke (http://localhost:9876/_karma_webpack_/webpack:/node_modules/zone.js/fesm2015/zone.js:398:28)
    at ProxyZoneSpec.onInvoke (http://localhost:9876/_karma_webpack_/webpack:/node_modules/zone.js/fesm2015/zone-testing.js:2132:39)
    at _ZoneDelegate.invoke (http://localhost:9876/_karma_webpack_/webpack:/node_modules/zone.js/fesm2015/zone.js:397:34)
    at ZoneImpl.run (http://localhost:9876/_karma_webpack_/webpack:/node_modules/zone.js/fesm2015/zone.js:113:43)
    at runInTestZone (http://localhost:9876/_karma_webpack_/webpack:/node_modules/zone.js/fesm2015/zone-testing.js:216:38)
    at UserContext.<anonymous> (http://localhost:9876/_karma_webpack_/webpack:/node_modules/zone.js/fesm2015/zone-testing.js:234:32)[39m
Chrome Headless 143.0.0.0 (Windows 10): Executed 4 of 6[31m (3 FAILED)[39m (0 secs / 0.695 secs)
WARN: 'Failed to mock where:', TypeError: Cannot redefine property: where
TypeError: Cannot redefine property: where
    at Object.defineProperty (<anonymous>)
    at forEach (http://localhost:9876/_karma_webpack_/webpack:/src/app/services/chat.spec.ts:56:18)
    at Array.forEach (<anonymous>)
    at UserContext.apply (http://localhost:9876/_karma_webpack_/webpack:/src/app/services/chat.spec.ts:38:19)
    at _ZoneDelegate.invoke (http://localhost:9876/_karma_webpack_/webpack:/node_modules/zone.js/fesm2015/zone.js:398:28)
    at ProxyZoneSpec.onInvoke (http://localhost:9876/_karma_webpack_/webpack:/node_modules/zone.js/fesm2015/zone-testing.js:2132:39)
    at _ZoneDelegate.invoke (http://localhost:9876/_karma_webpack_/webpack:/node_modules/zone.js/fesm2015/zone.js:397:34)
    at ZoneImpl.run (http://localhost:9876/_karma_webpack_/webpack:/node_modules/zone.js/fesm2015/zone.js:113:43)
    at runInTestZone (http://localhost:9876/_karma_webpack_/webpack:/node_modules/zone.js/fesm2015/zone-testing.js:216:38)
    at UserContext.<anonymous> (http://localhost:9876/_karma_webpack_/webpack:/node_modules/zone.js/fesm2015/zone-testing.js:234:32)
[1A[2KWARN: [36m'Failed to mock getDocs:', TypeError: Cannot redefine property: getDocs
TypeError: Cannot redefine property: getDocs
    at Object.defineProperty (<anonymous>)
    at forEach (http://localhost:9876/_karma_webpack_/webpack:/src/app/services/chat.spec.ts:56:18)
    at Array.forEach (<anonymous>)
    at UserContext.apply (http://localhost:9876/_karma_webpack_/webpack:/src/app/services/chat.spec.ts:38:19)
    at _ZoneDelegate.invoke (http://localhost:9876/_karma_webpack_/webpack:/node_modules/zone.js/fesm2015/zone.js:398:28)
    at ProxyZoneSpec.onInvoke (http://localhost:9876/_karma_webpack_/webpack:/node_modules/zone.js/fesm2015/zone-testing.js:2132:39)
    at _ZoneDelegate.invoke (http://localhost:9876/_karma_webpack_/webpack:/node_modules/zone.js/fesm2015/zone.js:397:34)
    at ZoneImpl.run (http://localhost:9876/_karma_webpack_/webpack:/node_modules/zone.js/fesm2015/zone.js:113:43)
    at runInTestZone (http://localhost:9876/_karma_webpack_/webpack:/node_modules/zone.js/fesm2015/zone-testing.js:216:38)
    at UserContext.<anonymous> (http://localhost:9876/_karma_webpack_/webpack:/node_modules/zone.js/fesm2015/zone-testing.js:234:32)[39m
Chrome Headless 143.0.0.0 (Windows 10): Executed 4 of 6[31m (3 FAILED)[39m (0 secs / 0.695 secs)
WARN: 'Failed to mock getDocs:', TypeError: Cannot redefine property: getDocs
TypeError: Cannot redefine property: getDocs
    at Object.defineProperty (<anonymous>)
    at forEach (http://localhost:9876/_karma_webpack_/webpack:/src/app/services/chat.spec.ts:56:18)
    at Array.forEach (<anonymous>)
    at UserContext.apply (http://localhost:9876/_karma_webpack_/webpack:/src/app/services/chat.spec.ts:38:19)
    at _ZoneDelegate.invoke (http://localhost:9876/_karma_webpack_/webpack:/node_modules/zone.js/fesm2015/zone.js:398:28)
    at ProxyZoneSpec.onInvoke (http://localhost:9876/_karma_webpack_/webpack:/node_modules/zone.js/fesm2015/zone-testing.js:2132:39)
    at _ZoneDelegate.invoke (http://localhost:9876/_karma_webpack_/webpack:/node_modules/zone.js/fesm2015/zone.js:397:34)
    at ZoneImpl.run (http://localhost:9876/_karma_webpack_/webpack:/node_modules/zone.js/fesm2015/zone.js:113:43)
    at runInTestZone (http://localhost:9876/_karma_webpack_/webpack:/node_modules/zone.js/fesm2015/zone-testing.js:216:38)
    at UserContext.<anonymous> (http://localhost:9876/_karma_webpack_/webpack:/node_modules/zone.js/fesm2015/zone-testing.js:234:32)
[1A[2KWARN: [36m'Failed to mock getDoc:', TypeError: Cannot redefine property: getDoc
TypeError: Cannot redefine property: getDoc
    at Object.defineProperty (<anonymous>)
    at forEach (http://localhost:9876/_karma_webpack_/webpack:/src/app/services/chat.spec.ts:56:18)
    at Array.forEach (<anonymous>)
    at UserContext.apply (http://localhost:9876/_karma_webpack_/webpack:/src/app/services/chat.spec.ts:38:19)
    at _ZoneDelegate.invoke (http://localhost:9876/_karma_webpack_/webpack:/node_modules/zone.js/fesm2015/zone.js:398:28)
    at ProxyZoneSpec.onInvoke (http://localhost:9876/_karma_webpack_/webpack:/node_modules/zone.js/fesm2015/zone-testing.js:2132:39)
    at _ZoneDelegate.invoke (http://localhost:9876/_karma_webpack_/webpack:/node_modules/zone.js/fesm2015/zone.js:397:34)
    at ZoneImpl.run (http://localhost:9876/_karma_webpack_/webpack:/node_modules/zone.js/fesm2015/zone.js:113:43)
    at runInTestZone (http://localhost:9876/_karma_webpack_/webpack:/node_modules/zone.js/fesm2015/zone-testing.js:216:38)
    at UserContext.<anonymous> (http://localhost:9876/_karma_webpack_/webpack:/node_modules/zone.js/fesm2015/zone-testing.js:234:32)[39m
Chrome Headless 143.0.0.0 (Windows 10): Executed 4 of 6[31m (3 FAILED)[39m (0 secs / 0.695 secs)
WARN: 'Failed to mock getDoc:', TypeError: Cannot redefine property: getDoc
TypeError: Cannot redefine property: getDoc
    at Object.defineProperty (<anonymous>)
    at forEach (http://localhost:9876/_karma_webpack_/webpack:/src/app/services/chat.spec.ts:56:18)
    at Array.forEach (<anonymous>)
    at UserContext.apply (http://localhost:9876/_karma_webpack_/webpack:/src/app/services/chat.spec.ts:38:19)
    at _ZoneDelegate.invoke (http://localhost:9876/_karma_webpack_/webpack:/node_modules/zone.js/fesm2015/zone.js:398:28)
    at ProxyZoneSpec.onInvoke (http://localhost:9876/_karma_webpack_/webpack:/node_modules/zone.js/fesm2015/zone-testing.js:2132:39)
    at _ZoneDelegate.invoke (http://localhost:9876/_karma_webpack_/webpack:/node_modules/zone.js/fesm2015/zone.js:397:34)
    at ZoneImpl.run (http://localhost:9876/_karma_webpack_/webpack:/node_modules/zone.js/fesm2015/zone.js:113:43)
    at runInTestZone (http://localhost:9876/_karma_webpack_/webpack:/node_modules/zone.js/fesm2015/zone-testing.js:216:38)
    at UserContext.<anonymous> (http://localhost:9876/_karma_webpack_/webpack:/node_modules/zone.js/fesm2015/zone-testing.js:234:32)
[1A[2KWARN: [36m'Failed to mock increment:', TypeError: Cannot redefine property: increment
TypeError: Cannot redefine property: increment
    at Object.defineProperty (<anonymous>)
    at forEach (http://localhost:9876/_karma_webpack_/webpack:/src/app/services/chat.spec.ts:56:18)
    at Array.forEach (<anonymous>)
    at UserContext.apply (http://localhost:9876/_karma_webpack_/webpack:/src/app/services/chat.spec.ts:38:19)
    at _ZoneDelegate.invoke (http://localhost:9876/_karma_webpack_/webpack:/node_modules/zone.js/fesm2015/zone.js:398:28)
    at ProxyZoneSpec.onInvoke (http://localhost:9876/_karma_webpack_/webpack:/node_modules/zone.js/fesm2015/zone-testing.js:2132:39)
    at _ZoneDelegate.invoke (http://localhost:9876/_karma_webpack_/webpack:/node_modules/zone.js/fesm2015/zone.js:397:34)
    at ZoneImpl.run (http://localhost:9876/_karma_webpack_/webpack:/node_modules/zone.js/fesm2015/zone.js:113:43)
    at runInTestZone (http://localhost:9876/_karma_webpack_/webpack:/node_modules/zone.js/fesm2015/zone-testing.js:216:38)
    at UserContext.<anonymous> (http://localhost:9876/_karma_webpack_/webpack:/node_modules/zone.js/fesm2015/zone-testing.js:234:32)[39m
Chrome Headless 143.0.0.0 (Windows 10): Executed 4 of 6[31m (3 FAILED)[39m (0 secs / 0.695 secs)
WARN: 'Failed to mock increment:', TypeError: Cannot redefine property: increment
TypeError: Cannot redefine property: increment
    at Object.defineProperty (<anonymous>)
    at forEach (http://localhost:9876/_karma_webpack_/webpack:/src/app/services/chat.spec.ts:56:18)
    at Array.forEach (<anonymous>)
    at UserContext.apply (http://localhost:9876/_karma_webpack_/webpack:/src/app/services/chat.spec.ts:38:19)
    at _ZoneDelegate.invoke (http://localhost:9876/_karma_webpack_/webpack:/node_modules/zone.js/fesm2015/zone.js:398:28)
    at ProxyZoneSpec.onInvoke (http://localhost:9876/_karma_webpack_/webpack:/node_modules/zone.js/fesm2015/zone-testing.js:2132:39)
    at _ZoneDelegate.invoke (http://localhost:9876/_karma_webpack_/webpack:/node_modules/zone.js/fesm2015/zone.js:397:34)
    at ZoneImpl.run (http://localhost:9876/_karma_webpack_/webpack:/node_modules/zone.js/fesm2015/zone.js:113:43)
    at runInTestZone (http://localhost:9876/_karma_webpack_/webpack:/node_modules/zone.js/fesm2015/zone-testing.js:216:38)
    at UserContext.<anonymous> (http://localhost:9876/_karma_webpack_/webpack:/node_modules/zone.js/fesm2015/zone-testing.js:234:32)
[1A[2K[31mChrome Headless 143.0.0.0 (Windows 10) ChatService should mark chat as read and set last_read timestamp FAILED[39m
	FirebaseError: No document to update: projects/chat-26c25/databases/(default)/documents/chats/c1
	error properties: FirebaseError: [code=not-found]: No document to update: projects/chat-26c25/databases/(default)/documents/chats/c1
Chrome Headless 143.0.0.0 (Windows 10): Executed 5 of 6[31m (4 FAILED)[39m (0 secs / 1.068 secs)
[1A[2KWARN: [36m'Failed to mock getFirestore:', TypeError: Cannot redefine property: getFirestore
TypeError: Cannot redefine property: getFirestore
    at Object.defineProperty (<anonymous>)
    at forEach (http://localhost:9876/_karma_webpack_/webpack:/src/app/services/chat.spec.ts:56:18)
    at Array.forEach (<anonymous>)
    at UserContext.apply (http://localhost:9876/_karma_webpack_/webpack:/src/app/services/chat.spec.ts:38:19)
    at _ZoneDelegate.invoke (http://localhost:9876/_karma_webpack_/webpack:/node_modules/zone.js/fesm2015/zone.js:398:28)
    at ProxyZoneSpec.onInvoke (http://localhost:9876/_karma_webpack_/webpack:/node_modules/zone.js/fesm2015/zone-testing.js:2132:39)
    at _ZoneDelegate.invoke (http://localhost:9876/_karma_webpack_/webpack:/node_modules/zone.js/fesm2015/zone.js:397:34)
    at ZoneImpl.run (http://localhost:9876/_karma_webpack_/webpack:/node_modules/zone.js/fesm2015/zone.js:113:43)
    at runInTestZone (http://localhost:9876/_karma_webpack_/webpack:/node_modules/zone.js/fesm2015/zone-testing.js:216:38)
    at UserContext.<anonymous> (http://localhost:9876/_karma_webpack_/webpack:/node_modules/zone.js/fesm2015/zone-testing.js:234:32)[39m
Chrome Headless 143.0.0.0 (Windows 10): Executed 5 of 6[31m (4 FAILED)[39m (0 secs / 1.068 secs)
WARN: 'Failed to mock getFirestore:', TypeError: Cannot redefine property: getFirestore
TypeError: Cannot redefine property: getFirestore
    at Object.defineProperty (<anonymous>)
    at forEach (http://localhost:9876/_karma_webpack_/webpack:/src/app/services/chat.spec.ts:56:18)
    at Array.forEach (<anonymous>)
    at UserContext.apply (http://localhost:9876/_karma_webpack_/webpack:/src/app/services/chat.spec.ts:38:19)
    at _ZoneDelegate.invoke (http://localhost:9876/_karma_webpack_/webpack:/node_modules/zone.js/fesm2015/zone.js:398:28)
    at ProxyZoneSpec.onInvoke (http://localhost:9876/_karma_webpack_/webpack:/node_modules/zone.js/fesm2015/zone-testing.js:2132:39)
    at _ZoneDelegate.invoke (http://localhost:9876/_karma_webpack_/webpack:/node_modules/zone.js/fesm2015/zone.js:397:34)
    at ZoneImpl.run (http://localhost:9876/_karma_webpack_/webpack:/node_modules/zone.js/fesm2015/zone.js:113:43)
    at runInTestZone (http://localhost:9876/_karma_webpack_/webpack:/node_modules/zone.js/fesm2015/zone-testing.js:216:38)
    at UserContext.<anonymous> (http://localhost:9876/_karma_webpack_/webpack:/node_modules/zone.js/fesm2015/zone-testing.js:234:32)
[1A[2KWARN: [36m'Failed to mock collection:', TypeError: Cannot redefine property: collection
TypeError: Cannot redefine property: collection
    at Object.defineProperty (<anonymous>)
    at forEach (http://localhost:9876/_karma_webpack_/webpack:/src/app/services/chat.spec.ts:56:18)
    at Array.forEach (<anonymous>)
    at UserContext.apply (http://localhost:9876/_karma_webpack_/webpack:/src/app/services/chat.spec.ts:38:19)
    at _ZoneDelegate.invoke (http://localhost:9876/_karma_webpack_/webpack:/node_modules/zone.js/fesm2015/zone.js:398:28)
    at ProxyZoneSpec.onInvoke (http://localhost:9876/_karma_webpack_/webpack:/node_modules/zone.js/fesm2015/zone-testing.js:2132:39)
    at _ZoneDelegate.invoke (http://localhost:9876/_karma_webpack_/webpack:/node_modules/zone.js/fesm2015/zone.js:397:34)
    at ZoneImpl.run (http://localhost:9876/_karma_webpack_/webpack:/node_modules/zone.js/fesm2015/zone.js:113:43)
    at runInTestZone (http://localhost:9876/_karma_webpack_/webpack:/node_modules/zone.js/fesm2015/zone-testing.js:216:38)
    at UserContext.<anonymous> (http://localhost:9876/_karma_webpack_/webpack:/node_modules/zone.js/fesm2015/zone-testing.js:234:32)[39m
Chrome Headless 143.0.0.0 (Windows 10): Executed 5 of 6[31m (4 FAILED)[39m (0 secs / 1.068 secs)
WARN: 'Failed to mock collection:', TypeError: Cannot redefine property: collection
TypeError: Cannot redefine property: collection
    at Object.defineProperty (<anonymous>)
    at forEach (http://localhost:9876/_karma_webpack_/webpack:/src/app/services/chat.spec.ts:56:18)
    at Array.forEach (<anonymous>)
    at UserContext.apply (http://localhost:9876/_karma_webpack_/webpack:/src/app/services/chat.spec.ts:38:19)
    at _ZoneDelegate.invoke (http://localhost:9876/_karma_webpack_/webpack:/node_modules/zone.js/fesm2015/zone.js:398:28)
    at ProxyZoneSpec.onInvoke (http://localhost:9876/_karma_webpack_/webpack:/node_modules/zone.js/fesm2015/zone-testing.js:2132:39)
    at _ZoneDelegate.invoke (http://localhost:9876/_karma_webpack_/webpack:/node_modules/zone.js/fesm2015/zone.js:397:34)
    at ZoneImpl.run (http://localhost:9876/_karma_webpack_/webpack:/node_modules/zone.js/fesm2015/zone.js:113:43)
    at runInTestZone (http://localhost:9876/_karma_webpack_/webpack:/node_modules/zone.js/fesm2015/zone-testing.js:216:38)
    at UserContext.<anonymous> (http://localhost:9876/_karma_webpack_/webpack:/node_modules/zone.js/fesm2015/zone-testing.js:234:32)
[1A[2KWARN: [36m'Failed to mock doc:', TypeError: Cannot redefine property: doc
TypeError: Cannot redefine property: doc
    at Object.defineProperty (<anonymous>)
    at forEach (http://localhost:9876/_karma_webpack_/webpack:/src/app/services/chat.spec.ts:56:18)
    at Array.forEach (<anonymous>)
    at UserContext.apply (http://localhost:9876/_karma_webpack_/webpack:/src/app/services/chat.spec.ts:38:19)
    at _ZoneDelegate.invoke (http://localhost:9876/_karma_webpack_/webpack:/node_modules/zone.js/fesm2015/zone.js:398:28)
    at ProxyZoneSpec.onInvoke (http://localhost:9876/_karma_webpack_/webpack:/node_modules/zone.js/fesm2015/zone-testing.js:2132:39)
    at _ZoneDelegate.invoke (http://localhost:9876/_karma_webpack_/webpack:/node_modules/zone.js/fesm2015/zone.js:397:34)
    at ZoneImpl.run (http://localhost:9876/_karma_webpack_/webpack:/node_modules/zone.js/fesm2015/zone.js:113:43)
    at runInTestZone (http://localhost:9876/_karma_webpack_/webpack:/node_modules/zone.js/fesm2015/zone-testing.js:216:38)
    at UserContext.<anonymous> (http://localhost:9876/_karma_webpack_/webpack:/node_modules/zone.js/fesm2015/zone-testing.js:234:32)[39m
Chrome Headless 143.0.0.0 (Windows 10): Executed 5 of 6[31m (4 FAILED)[39m (0 secs / 1.068 secs)
WARN: 'Failed to mock doc:', TypeError: Cannot redefine property: doc
TypeError: Cannot redefine property: doc
    at Object.defineProperty (<anonymous>)
    at forEach (http://localhost:9876/_karma_webpack_/webpack:/src/app/services/chat.spec.ts:56:18)
    at Array.forEach (<anonymous>)
    at UserContext.apply (http://localhost:9876/_karma_webpack_/webpack:/src/app/services/chat.spec.ts:38:19)
    at _ZoneDelegate.invoke (http://localhost:9876/_karma_webpack_/webpack:/node_modules/zone.js/fesm2015/zone.js:398:28)
    at ProxyZoneSpec.onInvoke (http://localhost:9876/_karma_webpack_/webpack:/node_modules/zone.js/fesm2015/zone-testing.js:2132:39)
    at _ZoneDelegate.invoke (http://localhost:9876/_karma_webpack_/webpack:/node_modules/zone.js/fesm2015/zone.js:397:34)
    at ZoneImpl.run (http://localhost:9876/_karma_webpack_/webpack:/node_modules/zone.js/fesm2015/zone.js:113:43)
    at runInTestZone (http://localhost:9876/_karma_webpack_/webpack:/node_modules/zone.js/fesm2015/zone-testing.js:216:38)
    at UserContext.<anonymous> (http://localhost:9876/_karma_webpack_/webpack:/node_modules/zone.js/fesm2015/zone-testing.js:234:32)
[1A[2KWARN: [36m'Failed to mock query:', TypeError: Cannot redefine property: query
TypeError: Cannot redefine property: query
    at Object.defineProperty (<anonymous>)
    at forEach (http://localhost:9876/_karma_webpack_/webpack:/src/app/services/chat.spec.ts:56:18)
    at Array.forEach (<anonymous>)
    at UserContext.apply (http://localhost:9876/_karma_webpack_/webpack:/src/app/services/chat.spec.ts:38:19)
    at _ZoneDelegate.invoke (http://localhost:9876/_karma_webpack_/webpack:/node_modules/zone.js/fesm2015/zone.js:398:28)
    at ProxyZoneSpec.onInvoke (http://localhost:9876/_karma_webpack_/webpack:/node_modules/zone.js/fesm2015/zone-testing.js:2132:39)
    at _ZoneDelegate.invoke (http://localhost:9876/_karma_webpack_/webpack:/node_modules/zone.js/fesm2015/zone.js:397:34)
    at ZoneImpl.run (http://localhost:9876/_karma_webpack_/webpack:/node_modules/zone.js/fesm2015/zone.js:113:43)
    at runInTestZone (http://localhost:9876/_karma_webpack_/webpack:/node_modules/zone.js/fesm2015/zone-testing.js:216:38)
    at UserContext.<anonymous> (http://localhost:9876/_karma_webpack_/webpack:/node_modules/zone.js/fesm2015/zone-testing.js:234:32)[39m
Chrome Headless 143.0.0.0 (Windows 10): Executed 5 of 6[31m (4 FAILED)[39m (0 secs / 1.068 secs)
WARN: 'Failed to mock query:', TypeError: Cannot redefine property: query
TypeError: Cannot redefine property: query
    at Object.defineProperty (<anonymous>)
    at forEach (http://localhost:9876/_karma_webpack_/webpack:/src/app/services/chat.spec.ts:56:18)
    at Array.forEach (<anonymous>)
    at UserContext.apply (http://localhost:9876/_karma_webpack_/webpack:/src/app/services/chat.spec.ts:38:19)
    at _ZoneDelegate.invoke (http://localhost:9876/_karma_webpack_/webpack:/node_modules/zone.js/fesm2015/zone.js:398:28)
    at ProxyZoneSpec.onInvoke (http://localhost:9876/_karma_webpack_/webpack:/node_modules/zone.js/fesm2015/zone-testing.js:2132:39)
    at _ZoneDelegate.invoke (http://localhost:9876/_karma_webpack_/webpack:/node_modules/zone.js/fesm2015/zone.js:397:34)
    at ZoneImpl.run (http://localhost:9876/_karma_webpack_/webpack:/node_modules/zone.js/fesm2015/zone.js:113:43)
    at runInTestZone (http://localhost:9876/_karma_webpack_/webpack:/node_modules/zone.js/fesm2015/zone-testing.js:216:38)
    at UserContext.<anonymous> (http://localhost:9876/_karma_webpack_/webpack:/node_modules/zone.js/fesm2015/zone-testing.js:234:32)
[1A[2KWARN: [36m'Failed to mock onSnapshot:', TypeError: Cannot redefine property: onSnapshot
TypeError: Cannot redefine property: onSnapshot
    at Object.defineProperty (<anonymous>)
    at forEach (http://localhost:9876/_karma_webpack_/webpack:/src/app/services/chat.spec.ts:56:18)
    at Array.forEach (<anonymous>)
    at UserContext.apply (http://localhost:9876/_karma_webpack_/webpack:/src/app/services/chat.spec.ts:38:19)
    at _ZoneDelegate.invoke (http://localhost:9876/_karma_webpack_/webpack:/node_modules/zone.js/fesm2015/zone.js:398:28)
    at ProxyZoneSpec.onInvoke (http://localhost:9876/_karma_webpack_/webpack:/node_modules/zone.js/fesm2015/zone-testing.js:2132:39)
    at _ZoneDelegate.invoke (http://localhost:9876/_karma_webpack_/webpack:/node_modules/zone.js/fesm2015/zone.js:397:34)
    at ZoneImpl.run (http://localhost:9876/_karma_webpack_/webpack:/node_modules/zone.js/fesm2015/zone.js:113:43)
    at runInTestZone (http://localhost:9876/_karma_webpack_/webpack:/node_modules/zone.js/fesm2015/zone-testing.js:216:38)
    at UserContext.<anonymous> (http://localhost:9876/_karma_webpack_/webpack:/node_modules/zone.js/fesm2015/zone-testing.js:234:32)[39m
Chrome Headless 143.0.0.0 (Windows 10): Executed 5 of 6[31m (4 FAILED)[39m (0 secs / 1.068 secs)
WARN: 'Failed to mock onSnapshot:', TypeError: Cannot redefine property: onSnapshot
TypeError: Cannot redefine property: onSnapshot
    at Object.defineProperty (<anonymous>)
    at forEach (http://localhost:9876/_karma_webpack_/webpack:/src/app/services/chat.spec.ts:56:18)
    at Array.forEach (<anonymous>)
    at UserContext.apply (http://localhost:9876/_karma_webpack_/webpack:/src/app/services/chat.spec.ts:38:19)
    at _ZoneDelegate.invoke (http://localhost:9876/_karma_webpack_/webpack:/node_modules/zone.js/fesm2015/zone.js:398:28)
    at ProxyZoneSpec.onInvoke (http://localhost:9876/_karma_webpack_/webpack:/node_modules/zone.js/fesm2015/zone-testing.js:2132:39)
    at _ZoneDelegate.invoke (http://localhost:9876/_karma_webpack_/webpack:/node_modules/zone.js/fesm2015/zone.js:397:34)
    at ZoneImpl.run (http://localhost:9876/_karma_webpack_/webpack:/node_modules/zone.js/fesm2015/zone.js:113:43)
    at runInTestZone (http://localhost:9876/_karma_webpack_/webpack:/node_modules/zone.js/fesm2015/zone-testing.js:216:38)
    at UserContext.<anonymous> (http://localhost:9876/_karma_webpack_/webpack:/node_modules/zone.js/fesm2015/zone-testing.js:234:32)
[1A[2KWARN: [36m'Failed to mock setDoc:', TypeError: Cannot redefine property: setDoc
TypeError: Cannot redefine property: setDoc
    at Object.defineProperty (<anonymous>)
    at forEach (http://localhost:9876/_karma_webpack_/webpack:/src/app/services/chat.spec.ts:56:18)
    at Array.forEach (<anonymous>)
    at UserContext.apply (http://localhost:9876/_karma_webpack_/webpack:/src/app/services/chat.spec.ts:38:19)
    at _ZoneDelegate.invoke (http://localhost:9876/_karma_webpack_/webpack:/node_modules/zone.js/fesm2015/zone.js:398:28)
    at ProxyZoneSpec.onInvoke (http://localhost:9876/_karma_webpack_/webpack:/node_modules/zone.js/fesm2015/zone-testing.js:2132:39)
    at _ZoneDelegate.invoke (http://localhost:9876/_karma_webpack_/webpack:/node_modules/zone.js/fesm2015/zone.js:397:34)
    at ZoneImpl.run (http://localhost:9876/_karma_webpack_/webpack:/node_modules/zone.js/fesm2015/zone.js:113:43)
    at runInTestZone (http://localhost:9876/_karma_webpack_/webpack:/node_modules/zone.js/fesm2015/zone-testing.js:216:38)
    at UserContext.<anonymous> (http://localhost:9876/_karma_webpack_/webpack:/node_modules/zone.js/fesm2015/zone-testing.js:234:32)[39m
Chrome Headless 143.0.0.0 (Windows 10): Executed 5 of 6[31m (4 FAILED)[39m (0 secs / 1.068 secs)
WARN: 'Failed to mock setDoc:', TypeError: Cannot redefine property: setDoc
TypeError: Cannot redefine property: setDoc
    at Object.defineProperty (<anonymous>)
    at forEach (http://localhost:9876/_karma_webpack_/webpack:/src/app/services/chat.spec.ts:56:18)
    at Array.forEach (<anonymous>)
    at UserContext.apply (http://localhost:9876/_karma_webpack_/webpack:/src/app/services/chat.spec.ts:38:19)
    at _ZoneDelegate.invoke (http://localhost:9876/_karma_webpack_/webpack:/node_modules/zone.js/fesm2015/zone.js:398:28)
    at ProxyZoneSpec.onInvoke (http://localhost:9876/_karma_webpack_/webpack:/node_modules/zone.js/fesm2015/zone-testing.js:2132:39)
    at _ZoneDelegate.invoke (http://localhost:9876/_karma_webpack_/webpack:/node_modules/zone.js/fesm2015/zone.js:397:34)
    at ZoneImpl.run (http://localhost:9876/_karma_webpack_/webpack:/node_modules/zone.js/fesm2015/zone.js:113:43)
    at runInTestZone (http://localhost:9876/_karma_webpack_/webpack:/node_modules/zone.js/fesm2015/zone-testing.js:216:38)
    at UserContext.<anonymous> (http://localhost:9876/_karma_webpack_/webpack:/node_modules/zone.js/fesm2015/zone-testing.js:234:32)
[1A[2KWARN: [36m'Failed to mock updateDoc:', TypeError: Cannot redefine property: updateDoc
TypeError: Cannot redefine property: updateDoc
    at Object.defineProperty (<anonymous>)
    at forEach (http://localhost:9876/_karma_webpack_/webpack:/src/app/services/chat.spec.ts:56:18)
    at Array.forEach (<anonymous>)
    at UserContext.apply (http://localhost:9876/_karma_webpack_/webpack:/src/app/services/chat.spec.ts:38:19)
    at _ZoneDelegate.invoke (http://localhost:9876/_karma_webpack_/webpack:/node_modules/zone.js/fesm2015/zone.js:398:28)
    at ProxyZoneSpec.onInvoke (http://localhost:9876/_karma_webpack_/webpack:/node_modules/zone.js/fesm2015/zone-testing.js:2132:39)
    at _ZoneDelegate.invoke (http://localhost:9876/_karma_webpack_/webpack:/node_modules/zone.js/fesm2015/zone.js:397:34)
    at ZoneImpl.run (http://localhost:9876/_karma_webpack_/webpack:/node_modules/zone.js/fesm2015/zone.js:113:43)
    at runInTestZone (http://localhost:9876/_karma_webpack_/webpack:/node_modules/zone.js/fesm2015/zone-testing.js:216:38)
    at UserContext.<anonymous> (http://localhost:9876/_karma_webpack_/webpack:/node_modules/zone.js/fesm2015/zone-testing.js:234:32)[39m
Chrome Headless 143.0.0.0 (Windows 10): Executed 5 of 6[31m (4 FAILED)[39m (0 secs / 1.068 secs)
WARN: 'Failed to mock updateDoc:', TypeError: Cannot redefine property: updateDoc
TypeError: Cannot redefine property: updateDoc
    at Object.defineProperty (<anonymous>)
    at forEach (http://localhost:9876/_karma_webpack_/webpack:/src/app/services/chat.spec.ts:56:18)
    at Array.forEach (<anonymous>)
    at UserContext.apply (http://localhost:9876/_karma_webpack_/webpack:/src/app/services/chat.spec.ts:38:19)
    at _ZoneDelegate.invoke (http://localhost:9876/_karma_webpack_/webpack:/node_modules/zone.js/fesm2015/zone.js:398:28)
    at ProxyZoneSpec.onInvoke (http://localhost:9876/_karma_webpack_/webpack:/node_modules/zone.js/fesm2015/zone-testing.js:2132:39)
    at _ZoneDelegate.invoke (http://localhost:9876/_karma_webpack_/webpack:/node_modules/zone.js/fesm2015/zone.js:397:34)
    at ZoneImpl.run (http://localhost:9876/_karma_webpack_/webpack:/node_modules/zone.js/fesm2015/zone.js:113:43)
    at runInTestZone (http://localhost:9876/_karma_webpack_/webpack:/node_modules/zone.js/fesm2015/zone-testing.js:216:38)
    at UserContext.<anonymous> (http://localhost:9876/_karma_webpack_/webpack:/node_modules/zone.js/fesm2015/zone-testing.js:234:32)
[1A[2KWARN: [36m'Failed to mock deleteDoc:', TypeError: Cannot redefine property: deleteDoc
TypeError: Cannot redefine property: deleteDoc
    at Object.defineProperty (<anonymous>)
    at forEach (http://localhost:9876/_karma_webpack_/webpack:/src/app/services/chat.spec.ts:56:18)
    at Array.forEach (<anonymous>)
    at UserContext.apply (http://localhost:9876/_karma_webpack_/webpack:/src/app/services/chat.spec.ts:38:19)
    at _ZoneDelegate.invoke (http://localhost:9876/_karma_webpack_/webpack:/node_modules/zone.js/fesm2015/zone.js:398:28)
    at ProxyZoneSpec.onInvoke (http://localhost:9876/_karma_webpack_/webpack:/node_modules/zone.js/fesm2015/zone-testing.js:2132:39)
    at _ZoneDelegate.invoke (http://localhost:9876/_karma_webpack_/webpack:/node_modules/zone.js/fesm2015/zone.js:397:34)
    at ZoneImpl.run (http://localhost:9876/_karma_webpack_/webpack:/node_modules/zone.js/fesm2015/zone.js:113:43)
    at runInTestZone (http://localhost:9876/_karma_webpack_/webpack:/node_modules/zone.js/fesm2015/zone-testing.js:216:38)
    at UserContext.<anonymous> (http://localhost:9876/_karma_webpack_/webpack:/node_modules/zone.js/fesm2015/zone-testing.js:234:32)[39m
Chrome Headless 143.0.0.0 (Windows 10): Executed 5 of 6[31m (4 FAILED)[39m (0 secs / 1.068 secs)
WARN: 'Failed to mock deleteDoc:', TypeError: Cannot redefine property: deleteDoc
TypeError: Cannot redefine property: deleteDoc
    at Object.defineProperty (<anonymous>)
    at forEach (http://localhost:9876/_karma_webpack_/webpack:/src/app/services/chat.spec.ts:56:18)
    at Array.forEach (<anonymous>)
    at UserContext.apply (http://localhost:9876/_karma_webpack_/webpack:/src/app/services/chat.spec.ts:38:19)
    at _ZoneDelegate.invoke (http://localhost:9876/_karma_webpack_/webpack:/node_modules/zone.js/fesm2015/zone.js:398:28)
    at ProxyZoneSpec.onInvoke (http://localhost:9876/_karma_webpack_/webpack:/node_modules/zone.js/fesm2015/zone-testing.js:2132:39)
    at _ZoneDelegate.invoke (http://localhost:9876/_karma_webpack_/webpack:/node_modules/zone.js/fesm2015/zone.js:397:34)
    at ZoneImpl.run (http://localhost:9876/_karma_webpack_/webpack:/node_modules/zone.js/fesm2015/zone.js:113:43)
    at runInTestZone (http://localhost:9876/_karma_webpack_/webpack:/node_modules/zone.js/fesm2015/zone-testing.js:216:38)
    at UserContext.<anonymous> (http://localhost:9876/_karma_webpack_/webpack:/node_modules/zone.js/fesm2015/zone-testing.js:234:32)
[1A[2KWARN: [36m'Failed to mock addDoc:', TypeError: Cannot redefine property: addDoc
TypeError: Cannot redefine property: addDoc
    at Object.defineProperty (<anonymous>)
    at forEach (http://localhost:9876/_karma_webpack_/webpack:/src/app/services/chat.spec.ts:56:18)
    at Array.forEach (<anonymous>)
    at UserContext.apply (http://localhost:9876/_karma_webpack_/webpack:/src/app/services/chat.spec.ts:38:19)
    at _ZoneDelegate.invoke (http://localhost:9876/_karma_webpack_/webpack:/node_modules/zone.js/fesm2015/zone.js:398:28)
    at ProxyZoneSpec.onInvoke (http://localhost:9876/_karma_webpack_/webpack:/node_modules/zone.js/fesm2015/zone-testing.js:2132:39)
    at _ZoneDelegate.invoke (http://localhost:9876/_karma_webpack_/webpack:/node_modules/zone.js/fesm2015/zone.js:397:34)
    at ZoneImpl.run (http://localhost:9876/_karma_webpack_/webpack:/node_modules/zone.js/fesm2015/zone.js:113:43)
    at runInTestZone (http://localhost:9876/_karma_webpack_/webpack:/node_modules/zone.js/fesm2015/zone-testing.js:216:38)
    at UserContext.<anonymous> (http://localhost:9876/_karma_webpack_/webpack:/node_modules/zone.js/fesm2015/zone-testing.js:234:32)[39m
Chrome Headless 143.0.0.0 (Windows 10): Executed 5 of 6[31m (4 FAILED)[39m (0 secs / 1.068 secs)
WARN: 'Failed to mock addDoc:', TypeError: Cannot redefine property: addDoc
TypeError: Cannot redefine property: addDoc
    at Object.defineProperty (<anonymous>)
    at forEach (http://localhost:9876/_karma_webpack_/webpack:/src/app/services/chat.spec.ts:56:18)
    at Array.forEach (<anonymous>)
    at UserContext.apply (http://localhost:9876/_karma_webpack_/webpack:/src/app/services/chat.spec.ts:38:19)
    at _ZoneDelegate.invoke (http://localhost:9876/_karma_webpack_/webpack:/node_modules/zone.js/fesm2015/zone.js:398:28)
    at ProxyZoneSpec.onInvoke (http://localhost:9876/_karma_webpack_/webpack:/node_modules/zone.js/fesm2015/zone-testing.js:2132:39)
    at _ZoneDelegate.invoke (http://localhost:9876/_karma_webpack_/webpack:/node_modules/zone.js/fesm2015/zone.js:397:34)
    at ZoneImpl.run (http://localhost:9876/_karma_webpack_/webpack:/node_modules/zone.js/fesm2015/zone.js:113:43)
    at runInTestZone (http://localhost:9876/_karma_webpack_/webpack:/node_modules/zone.js/fesm2015/zone-testing.js:216:38)
    at UserContext.<anonymous> (http://localhost:9876/_karma_webpack_/webpack:/node_modules/zone.js/fesm2015/zone-testing.js:234:32)
[1A[2KWARN: [36m'Failed to mock where:', TypeError: Cannot redefine property: where
TypeError: Cannot redefine property: where
    at Object.defineProperty (<anonymous>)
    at forEach (http://localhost:9876/_karma_webpack_/webpack:/src/app/services/chat.spec.ts:56:18)
    at Array.forEach (<anonymous>)
    at UserContext.apply (http://localhost:9876/_karma_webpack_/webpack:/src/app/services/chat.spec.ts:38:19)
    at _ZoneDelegate.invoke (http://localhost:9876/_karma_webpack_/webpack:/node_modules/zone.js/fesm2015/zone.js:398:28)
    at ProxyZoneSpec.onInvoke (http://localhost:9876/_karma_webpack_/webpack:/node_modules/zone.js/fesm2015/zone-testing.js:2132:39)
    at _ZoneDelegate.invoke (http://localhost:9876/_karma_webpack_/webpack:/node_modules/zone.js/fesm2015/zone.js:397:34)
    at ZoneImpl.run (http://localhost:9876/_karma_webpack_/webpack:/node_modules/zone.js/fesm2015/zone.js:113:43)
    at runInTestZone (http://localhost:9876/_karma_webpack_/webpack:/node_modules/zone.js/fesm2015/zone-testing.js:216:38)
    at UserContext.<anonymous> (http://localhost:9876/_karma_webpack_/webpack:/node_modules/zone.js/fesm2015/zone-testing.js:234:32)[39m
Chrome Headless 143.0.0.0 (Windows 10): Executed 5 of 6[31m (4 FAILED)[39m (0 secs / 1.068 secs)
WARN: 'Failed to mock where:', TypeError: Cannot redefine property: where
TypeError: Cannot redefine property: where
    at Object.defineProperty (<anonymous>)
    at forEach (http://localhost:9876/_karma_webpack_/webpack:/src/app/services/chat.spec.ts:56:18)
    at Array.forEach (<anonymous>)
    at UserContext.apply (http://localhost:9876/_karma_webpack_/webpack:/src/app/services/chat.spec.ts:38:19)
    at _ZoneDelegate.invoke (http://localhost:9876/_karma_webpack_/webpack:/node_modules/zone.js/fesm2015/zone.js:398:28)
    at ProxyZoneSpec.onInvoke (http://localhost:9876/_karma_webpack_/webpack:/node_modules/zone.js/fesm2015/zone-testing.js:2132:39)
    at _ZoneDelegate.invoke (http://localhost:9876/_karma_webpack_/webpack:/node_modules/zone.js/fesm2015/zone.js:397:34)
    at ZoneImpl.run (http://localhost:9876/_karma_webpack_/webpack:/node_modules/zone.js/fesm2015/zone.js:113:43)
    at runInTestZone (http://localhost:9876/_karma_webpack_/webpack:/node_modules/zone.js/fesm2015/zone-testing.js:216:38)
    at UserContext.<anonymous> (http://localhost:9876/_karma_webpack_/webpack:/node_modules/zone.js/fesm2015/zone-testing.js:234:32)
[1A[2KWARN: [36m'Failed to mock getDocs:', TypeError: Cannot redefine property: getDocs
TypeError: Cannot redefine property: getDocs
    at Object.defineProperty (<anonymous>)
    at forEach (http://localhost:9876/_karma_webpack_/webpack:/src/app/services/chat.spec.ts:56:18)
    at Array.forEach (<anonymous>)
    at UserContext.apply (http://localhost:9876/_karma_webpack_/webpack:/src/app/services/chat.spec.ts:38:19)
    at _ZoneDelegate.invoke (http://localhost:9876/_karma_webpack_/webpack:/node_modules/zone.js/fesm2015/zone.js:398:28)
    at ProxyZoneSpec.onInvoke (http://localhost:9876/_karma_webpack_/webpack:/node_modules/zone.js/fesm2015/zone-testing.js:2132:39)
    at _ZoneDelegate.invoke (http://localhost:9876/_karma_webpack_/webpack:/node_modules/zone.js/fesm2015/zone.js:397:34)
    at ZoneImpl.run (http://localhost:9876/_karma_webpack_/webpack:/node_modules/zone.js/fesm2015/zone.js:113:43)
    at runInTestZone (http://localhost:9876/_karma_webpack_/webpack:/node_modules/zone.js/fesm2015/zone-testing.js:216:38)
    at UserContext.<anonymous> (http://localhost:9876/_karma_webpack_/webpack:/node_modules/zone.js/fesm2015/zone-testing.js:234:32)[39m
Chrome Headless 143.0.0.0 (Windows 10): Executed 5 of 6[31m (4 FAILED)[39m (0 secs / 1.068 secs)
WARN: 'Failed to mock getDocs:', TypeError: Cannot redefine property: getDocs
TypeError: Cannot redefine property: getDocs
    at Object.defineProperty (<anonymous>)
    at forEach (http://localhost:9876/_karma_webpack_/webpack:/src/app/services/chat.spec.ts:56:18)
    at Array.forEach (<anonymous>)
    at UserContext.apply (http://localhost:9876/_karma_webpack_/webpack:/src/app/services/chat.spec.ts:38:19)
    at _ZoneDelegate.invoke (http://localhost:9876/_karma_webpack_/webpack:/node_modules/zone.js/fesm2015/zone.js:398:28)
    at ProxyZoneSpec.onInvoke (http://localhost:9876/_karma_webpack_/webpack:/node_modules/zone.js/fesm2015/zone-testing.js:2132:39)
    at _ZoneDelegate.invoke (http://localhost:9876/_karma_webpack_/webpack:/node_modules/zone.js/fesm2015/zone.js:397:34)
    at ZoneImpl.run (http://localhost:9876/_karma_webpack_/webpack:/node_modules/zone.js/fesm2015/zone.js:113:43)
    at runInTestZone (http://localhost:9876/_karma_webpack_/webpack:/node_modules/zone.js/fesm2015/zone-testing.js:216:38)
    at UserContext.<anonymous> (http://localhost:9876/_karma_webpack_/webpack:/node_modules/zone.js/fesm2015/zone-testing.js:234:32)
[1A[2KWARN: [36m'Failed to mock getDoc:', TypeError: Cannot redefine property: getDoc
TypeError: Cannot redefine property: getDoc
    at Object.defineProperty (<anonymous>)
    at forEach (http://localhost:9876/_karma_webpack_/webpack:/src/app/services/chat.spec.ts:56:18)
    at Array.forEach (<anonymous>)
    at UserContext.apply (http://localhost:9876/_karma_webpack_/webpack:/src/app/services/chat.spec.ts:38:19)
    at _ZoneDelegate.invoke (http://localhost:9876/_karma_webpack_/webpack:/node_modules/zone.js/fesm2015/zone.js:398:28)
    at ProxyZoneSpec.onInvoke (http://localhost:9876/_karma_webpack_/webpack:/node_modules/zone.js/fesm2015/zone-testing.js:2132:39)
    at _ZoneDelegate.invoke (http://localhost:9876/_karma_webpack_/webpack:/node_modules/zone.js/fesm2015/zone.js:397:34)
    at ZoneImpl.run (http://localhost:9876/_karma_webpack_/webpack:/node_modules/zone.js/fesm2015/zone.js:113:43)
    at runInTestZone (http://localhost:9876/_karma_webpack_/webpack:/node_modules/zone.js/fesm2015/zone-testing.js:216:38)
    at UserContext.<anonymous> (http://localhost:9876/_karma_webpack_/webpack:/node_modules/zone.js/fesm2015/zone-testing.js:234:32)[39m
Chrome Headless 143.0.0.0 (Windows 10): Executed 5 of 6[31m (4 FAILED)[39m (0 secs / 1.068 secs)
WARN: 'Failed to mock getDoc:', TypeError: Cannot redefine property: getDoc
TypeError: Cannot redefine property: getDoc
    at Object.defineProperty (<anonymous>)
    at forEach (http://localhost:9876/_karma_webpack_/webpack:/src/app/services/chat.spec.ts:56:18)
    at Array.forEach (<anonymous>)
    at UserContext.apply (http://localhost:9876/_karma_webpack_/webpack:/src/app/services/chat.spec.ts:38:19)
    at _ZoneDelegate.invoke (http://localhost:9876/_karma_webpack_/webpack:/node_modules/zone.js/fesm2015/zone.js:398:28)
    at ProxyZoneSpec.onInvoke (http://localhost:9876/_karma_webpack_/webpack:/node_modules/zone.js/fesm2015/zone-testing.js:2132:39)
    at _ZoneDelegate.invoke (http://localhost:9876/_karma_webpack_/webpack:/node_modules/zone.js/fesm2015/zone.js:397:34)
    at ZoneImpl.run (http://localhost:9876/_karma_webpack_/webpack:/node_modules/zone.js/fesm2015/zone.js:113:43)
    at runInTestZone (http://localhost:9876/_karma_webpack_/webpack:/node_modules/zone.js/fesm2015/zone-testing.js:216:38)
    at UserContext.<anonymous> (http://localhost:9876/_karma_webpack_/webpack:/node_modules/zone.js/fesm2015/zone-testing.js:234:32)
[1A[2KWARN: [36m'Failed to mock increment:', TypeError: Cannot redefine property: increment
TypeError: Cannot redefine property: increment
    at Object.defineProperty (<anonymous>)
    at forEach (http://localhost:9876/_karma_webpack_/webpack:/src/app/services/chat.spec.ts:56:18)
    at Array.forEach (<anonymous>)
    at UserContext.apply (http://localhost:9876/_karma_webpack_/webpack:/src/app/services/chat.spec.ts:38:19)
    at _ZoneDelegate.invoke (http://localhost:9876/_karma_webpack_/webpack:/node_modules/zone.js/fesm2015/zone.js:398:28)
    at ProxyZoneSpec.onInvoke (http://localhost:9876/_karma_webpack_/webpack:/node_modules/zone.js/fesm2015/zone-testing.js:2132:39)
    at _ZoneDelegate.invoke (http://localhost:9876/_karma_webpack_/webpack:/node_modules/zone.js/fesm2015/zone.js:397:34)
    at ZoneImpl.run (http://localhost:9876/_karma_webpack_/webpack:/node_modules/zone.js/fesm2015/zone.js:113:43)
    at runInTestZone (http://localhost:9876/_karma_webpack_/webpack:/node_modules/zone.js/fesm2015/zone-testing.js:216:38)
    at UserContext.<anonymous> (http://localhost:9876/_karma_webpack_/webpack:/node_modules/zone.js/fesm2015/zone-testing.js:234:32)[39m
Chrome Headless 143.0.0.0 (Windows 10): Executed 5 of 6[31m (4 FAILED)[39m (0 secs / 1.068 secs)
WARN: 'Failed to mock increment:', TypeError: Cannot redefine property: increment
TypeError: Cannot redefine property: increment
    at Object.defineProperty (<anonymous>)
    at forEach (http://localhost:9876/_karma_webpack_/webpack:/src/app/services/chat.spec.ts:56:18)
    at Array.forEach (<anonymous>)
    at UserContext.apply (http://localhost:9876/_karma_webpack_/webpack:/src/app/services/chat.spec.ts:38:19)
    at _ZoneDelegate.invoke (http://localhost:9876/_karma_webpack_/webpack:/node_modules/zone.js/fesm2015/zone.js:398:28)
    at ProxyZoneSpec.onInvoke (http://localhost:9876/_karma_webpack_/webpack:/node_modules/zone.js/fesm2015/zone-testing.js:2132:39)
    at _ZoneDelegate.invoke (http://localhost:9876/_karma_webpack_/webpack:/node_modules/zone.js/fesm2015/zone.js:397:34)
    at ZoneImpl.run (http://localhost:9876/_karma_webpack_/webpack:/node_modules/zone.js/fesm2015/zone.js:113:43)
    at runInTestZone (http://localhost:9876/_karma_webpack_/webpack:/node_modules/zone.js/fesm2015/zone-testing.js:216:38)
    at UserContext.<anonymous> (http://localhost:9876/_karma_webpack_/webpack:/node_modules/zone.js/fesm2015/zone-testing.js:234:32)
[1A[2KChrome Headless 143.0.0.0 (Windows 10): Executed 6 of 6[31m (4 FAILED)[39m (0 secs / 1.342 secs)
[1A[2KChrome Headless 143.0.0.0 (Windows 10): Executed 6 of 6[31m (4 FAILED)[39m (1.365 secs / 1.342 secs)
[31mTOTAL: 4 FAILED, 2 SUCCESS[39m
âœ” Browser application bundle generation complete.
âœ” Browser application bundle generation complete.
